\BOOKMARK [0][-]{chapter.1}{Probability Basics}{}% 1
\BOOKMARK [1][-]{section.1.1}{Terminology}{chapter.1}% 2
\BOOKMARK [1][-]{section.1.2}{Set-Theoretic Identities}{chapter.1}% 3
\BOOKMARK [1][-]{section.1.3}{Conditional Probability}{chapter.1}% 4
\BOOKMARK [1][-]{section.1.4}{Counting}{chapter.1}% 5
\BOOKMARK [0][-]{chapter.2}{Discrete Random Variables}{}% 6
\BOOKMARK [1][-]{section.2.1}{Basic Terminology}{chapter.2}% 7
\BOOKMARK [1][-]{section.2.2}{Expected Values and Variance}{chapter.2}% 8
\BOOKMARK [1][-]{section.2.3}{Bernoulli Random Variables}{chapter.2}% 9
\BOOKMARK [1][-]{section.2.4}{Binomial Random Variables}{chapter.2}% 10
\BOOKMARK [1][-]{section.2.5}{Negative Binomial Random Variables}{chapter.2}% 11
\BOOKMARK [1][-]{section.2.6}{Geometric Random Variables}{chapter.2}% 12
\BOOKMARK [1][-]{section.2.7}{Hypergeometric Random Variables}{chapter.2}% 13
\BOOKMARK [1][-]{section.2.8}{Poisson Random Variables}{chapter.2}% 14
\BOOKMARK [1][-]{section.2.9}{Moment-Generating Functions}{chapter.2}% 15
\BOOKMARK [0][-]{chapter.3}{Continuous Random Variables}{}% 16
\BOOKMARK [1][-]{section.3.1}{Basic Definitions: Continuous Random Variables}{chapter.3}% 17
\BOOKMARK [1][-]{section.3.2}{Uniform Random Variables}{chapter.3}% 18
\BOOKMARK [1][-]{section.3.3}{Normal Random Variables}{chapter.3}% 19
\BOOKMARK [1][-]{section.3.4}{Gamma Random Variables}{chapter.3}% 20
\BOOKMARK [1][-]{section.3.5}{Exponential Random Variables}{chapter.3}% 21
\BOOKMARK [1][-]{section.3.6}{Beta Random Variables}{chapter.3}% 22
\BOOKMARK [0][-]{chapter.4}{Bivariate Probabilities}{}% 23
\BOOKMARK [1][-]{section.4.1}{Bivariate Data Structures}{chapter.4}% 24
