\BOOKMARK [0][-]{chapter.1}{\376\377\000P\000r\000o\000b\000a\000b\000i\000l\000i\000t\000y}{}% 1
\BOOKMARK [1][-]{section.1.1}{\376\377\000\247\000I\000n\000t\000r\000o\000d\000u\000c\000t\000i\000o\000n\000\040\000t\000o\000\040\000P\000r\000o\000b\000a\000b\000i\000l\000i\000t\000y\000\040\000a\000n\000d\000\040\000I\000n\000f\000e\000r\000e\000n\000c\000e}{chapter.1}% 2
\BOOKMARK [2][-]{subsection.1.1.1}{\376\377\000\247\000C\000o\000m\000b\000i\000n\000a\000t\000o\000r\000i\000a\000l\000\040\000T\000o\000o\000l\000s}{section.1.1}% 3
\BOOKMARK [1][-]{section.1.2}{\376\377\000\247\000C\000o\000n\000d\000i\000t\000i\000o\000n\000a\000l\000\040\000P\000r\000o\000b\000a\000b\000i\000l\000i\000t\000y}{chapter.1}% 4
\BOOKMARK [1][-]{section.1.3}{\376\377\000\247\000L\000a\000w\000s\000\040\000o\000f\000\040\000P\000r\000o\000b\000a\000b\000i\000l\000i\000t\000y}{chapter.1}% 5
\BOOKMARK [1][-]{section.1.4}{\376\377\000\247\000T\000h\000e\000\040\000E\000v\000e\000n\000t\000-\000C\000o\000m\000p\000a\000r\000i\000s\000o\000n\000\040\000M\000e\000t\000h\000o\000d}{chapter.1}% 6
\BOOKMARK [1][-]{section.1.5}{\376\377\000\247\000B\000a\000y\000e\000s\000\040\000T\000h\000e\000o\000r\000e\000m\000\040\000a\000n\000d\000\040\000T\000h\000e\000\040\000L\000a\000w\000\040\000o\000f\000\040\000T\000o\000t\000a\000l\000\040\000P\000r\000o\000b\000a\000b\000i\000l\000i\000t\000y}{chapter.1}% 7
\BOOKMARK [1][-]{section.1.6}{\376\377\000\247\000N\000u\000m\000e\000r\000i\000c\000a\000l\000\040\000E\000v\000e\000n\000t\000s\000\040\000a\000n\000d\000\040\000R\000a\000n\000d\000o\000m\000\040\000S\000a\000m\000p\000l\000i\000n\000g}{chapter.1}% 8
\BOOKMARK [0][-]{chapter.2}{\376\377\000D\000i\000s\000c\000r\000e\000t\000e\000\040\000R\000a\000n\000d\000o\000m\000\040\000V\000a\000r\000i\000a\000b\000l\000e\000s}{}% 9
\BOOKMARK [1][-]{section.2.1}{\376\377\000\247\000B\000a\000s\000i\000c\000\040\000D\000e\000f\000i\000n\000i\000t\000i\000o\000n\000s\000:\000\040\000D\000R\000V}{chapter.2}% 10
\BOOKMARK [1][-]{section.2.2}{\376\377\000\247\000P\000r\000o\000b\000a\000b\000i\000l\000i\000t\000y\000\040\000D\000i\000s\000t\000r\000i\000b\000u\000t\000i\000o\000n\000\040\000D\000e\000f\000i\000n\000i\000t\000i\000o\000n\000\040\000f\000o\000r\000\040\000a\000\040\000D\000R\000V}{chapter.2}% 11
\BOOKMARK [1][-]{section.2.3}{\376\377\000\247\000F\000u\000n\000c\000t\000i\000o\000n\000s\000\040\000o\000f\000\040\000a\000\040\000R\000a\000n\000d\000o\000m\000\040\000V\000a\000r\000i\000a\000b\000l\000e}{chapter.2}% 12
\BOOKMARK [1][-]{section.2.4}{\376\377\000\247\000T\000h\000e\000\040\000B\000i\000n\000o\000m\000i\000a\000l\000\040\000P\000r\000o\000b\000a\000b\000i\000l\000i\000t\000y\000\040\000D\000i\000s\000t\000r\000i\000b\000u\000t\000i\000o\000n}{chapter.2}% 13
\BOOKMARK [1][-]{section.2.5}{\376\377\000\247\000T\000h\000e\000\040\000G\000e\000o\000m\000e\000t\000r\000i\000c\000\040\000P\000r\000o\000b\000a\000b\000i\000l\000i\000t\000y\000\040\000D\000i\000s\000t\000r\000i\000b\000u\000t\000i\000o\000n}{chapter.2}% 14
\BOOKMARK [1][-]{section.2.6}{\376\377\000\247\000N\000e\000g\000a\000t\000i\000v\000e\000\040\000B\000i\000n\000o\000m\000i\000a\000l\000\040\000D\000i\000s\000t\000r\000i\000b\000u\000t\000i\000o\000n}{chapter.2}% 15
\BOOKMARK [1][-]{section.2.7}{\376\377\000\247\000T\000h\000e\000\040\000H\000y\000p\000e\000r\000g\000e\000o\000m\000e\000t\000r\000i\000c\000\040\000P\000r\000o\000b\000a\000b\000i\000l\000i\000t\000y\000\040\000D\000i\000s\000t\000r\000i\000b\000u\000t\000i\000o\000n}{chapter.2}% 16
\BOOKMARK [1][-]{section.2.8}{\376\377\000\247\000T\000h\000e\000\040\000P\000o\000i\000s\000s\000o\000n\000\040\000P\000r\000o\000b\000a\000b\000i\000l\000i\000t\000y\000\040\000D\000i\000s\000t\000r\000i\000b\000u\000t\000i\000o\000n}{chapter.2}% 17
\BOOKMARK [1][-]{section.2.9}{\376\377\000\247\000M\000o\000m\000e\000n\000t\000s\000\040\000a\000n\000d\000\040\000M\000o\000m\000e\000n\000t\000-\000G\000e\000n\000e\000r\000a\000t\000i\000n\000g\000\040\000F\000u\000n\000c\000t\000i\000o\000n\000s}{chapter.2}% 18
\BOOKMARK [1][-]{section.2.10}{\376\377\000\247\000T\000c\000h\000e\000b\000y\000s\000h\000e\000f\000f\000'\000s\000\040\000T\000h\000e\000o\000r\000e\000m\000\040\000\050\000D\000i\000s\000c\000r\000e\000t\000e\000\051}{chapter.2}% 19
\BOOKMARK [0][-]{chapter.3}{\376\377\000C\000o\000n\000t\000i\000n\000u\000o\000u\000s\000\040\000R\000a\000n\000d\000o\000m\000\040\000V\000a\000r\000i\000a\000b\000l\000e\000s}{}% 20
\BOOKMARK [1][-]{section.3.1}{\376\377\000\247\000T\000h\000e\000\040\000P\000r\000o\000b\000a\000b\000i\000l\000i\000t\000y\000\040\000D\000i\000s\000t\000r\000i\000b\000u\000t\000i\000o\000n\000\040\000f\000o\000r\000\040\000a\000\040\000C\000o\000n\000t\000i\000n\000u\000o\000u\000s\000\040\000R\000a\000n\000d\000o\000m\000\040\000V\000a\000r\000i\000a\000b\000l\000e}{chapter.3}% 21
\BOOKMARK [1][-]{section.3.2}{\376\377\000\247\000E\000x\000p\000e\000c\000t\000e\000d\000\040\000V\000a\000l\000u\000e\000s\000\040\000f\000o\000r\000\040\000C\000o\000n\000t\000i\000n\000u\000o\000u\000s\000\040\000R\000a\000n\000d\000o\000m\000\040\000V\000a\000r\000i\000a\000b\000l\000e\000s}{chapter.3}% 22
\BOOKMARK [1][-]{section.3.3}{\376\377\000\247\000T\000h\000e\000\040\000U\000n\000i\000f\000o\000r\000m\000\040\000P\000r\000o\000b\000a\000b\000i\000l\000i\000t\000y\000\040\000D\000i\000s\000t\000r\000i\000b\000u\000t\000i\000o\000n}{chapter.3}% 23
\BOOKMARK [1][-]{section.3.4}{\376\377\000\247\000T\000h\000e\000\040\000N\000o\000r\000m\000a\000l\000\040\000P\000r\000o\000b\000a\000b\000i\000l\000i\000t\000y\000\040\000D\000i\000s\000t\000r\000i\000b\000u\000t\000i\000o\000n}{chapter.3}% 24
\BOOKMARK [1][-]{section.3.5}{\376\377\000\247\000T\000h\000e\000\040\000G\000a\000m\000m\000a\000\040\000P\000r\000o\000b\000a\000b\000i\000l\000i\000t\000y\000\040\000D\000i\000s\000t\000r\000i\000b\000u\000t\000i\000o\000n}{chapter.3}% 25
\BOOKMARK [2][-]{subsection.3.5.1}{\376\377\000T\000h\000e\000\040\000C\000h\000i\000-\000S\000q\000u\000a\000r\000e\000\040\000P\000r\000o\000b\000a\000b\000i\000l\000i\000t\000y\000\040\000D\000i\000s\000t\000r\000i\000b\000u\000t\000i\000o\000n}{section.3.5}% 26
\BOOKMARK [2][-]{subsection.3.5.2}{\376\377\000T\000h\000e\000\040\000E\000x\000p\000o\000n\000e\000n\000t\000i\000a\000l\000\040\000P\000r\000o\000b\000a\000b\000i\000l\000i\000t\000y\000\040\000D\000i\000s\000t\000r\000i\000b\000u\000t\000i\000o\000n}{section.3.5}% 27
\BOOKMARK [1][-]{section.3.6}{\376\377\000\247\000T\000h\000e\000\040\000B\000e\000t\000a\000\040\000P\000r\000o\000b\000a\000b\000i\000l\000i\000t\000y\000\040\000D\000i\000s\000t\000r\000i\000b\000u\000t\000i\000o\000n}{chapter.3}% 28
\BOOKMARK [1][-]{section.3.7}{\376\377\000\247\000T\000c\000h\000e\000b\000y\000s\000h\000e\000f\000f\000'\000s\000\040\000T\000h\000e\000o\000r\000e\000m\000\040\000\050\000C\000o\000n\000t\000i\000n\000u\000o\000u\000s\000\051}{chapter.3}% 29
\BOOKMARK [0][-]{chapter.4}{\376\377\000M\000u\000l\000t\000i\000v\000a\000r\000i\000a\000t\000e\000\040\000P\000r\000o\000b\000a\000b\000i\000l\000i\000t\000y\000\040\000D\000i\000s\000t\000r\000i\000b\000u\000t\000i\000o\000n\000s}{}% 30
\BOOKMARK [1][-]{section.4.1}{\376\377\000\247\000B\000i\000v\000a\000r\000i\000a\000t\000e\000\040\000a\000n\000d\000\040\000M\000u\000l\000t\000i\000v\000a\000r\000i\000a\000t\000e\000\040\000P\000r\000o\000b\000a\000b\000i\000l\000i\000t\000y\000\040\000D\000i\000s\000t\000r\000i\000b\000u\000t\000i\000o\000n\000s}{chapter.4}% 31
\BOOKMARK [1][-]{section.4.2}{\376\377\000\247\000M\000a\000r\000g\000i\000n\000a\000l\000\040\000a\000n\000d\000\040\000C\000o\000n\000d\000i\000t\000i\000o\000n\000a\000l\000\040\000P\000r\000o\000b\000a\000b\000i\000l\000i\000t\000y\000\040\000D\000i\000s\000t\000r\000i\000b\000u\000t\000i\000o\000n\000s}{chapter.4}% 32
\BOOKMARK [1][-]{section.4.3}{\376\377\000\247\000I\000n\000d\000e\000p\000e\000n\000d\000e\000n\000t\000\040\000V\000a\000r\000i\000a\000b\000l\000e\000s}{chapter.4}% 33
\BOOKMARK [1][-]{section.4.4}{\376\377\000\247\000T\000h\000e\000\040\000C\000o\000v\000a\000r\000i\000a\000n\000c\000e\000\040\000o\000f\000\040\000T\000w\000o\000\040\000R\000a\000n\000d\000o\000m\000\040\000V\000a\000r\000i\000a\000b\000l\000e\000s}{chapter.4}% 34
\BOOKMARK [1][-]{section.4.5}{\376\377\000\247\000T\000h\000e\000\040\000E\000x\000p\000e\000c\000t\000e\000d\000\040\000V\000a\000l\000u\000e\000\040\000a\000n\000d\000\040\000V\000a\000r\000i\000a\000n\000c\000e\000\040\000o\000f\000\040\000L\000i\000n\000e\000a\000r\000\040\000F\000u\000n\000c\000t\000i\000o\000n\000s\000\040\000o\000f\000\040\000R\000a\000n\000d\000o\000m\000\040\000V\000a\000r\000i\000a\000b\000l\000e\000s}{chapter.4}% 35
\BOOKMARK [1][-]{section.4.6}{\376\377\000\247\000B\000i\000v\000a\000r\000i\000a\000t\000e\000\040\000N\000o\000r\000m\000a\000l\000\040\000D\000i\000s\000t\000r\000i\000b\000u\000t\000i\000o\000n}{chapter.4}% 36
\BOOKMARK [0][-]{chapter.5}{\376\377\000F\000u\000n\000c\000t\000i\000o\000n\000s\000\040\000o\000f\000\040\000R\000a\000n\000d\000o\000m\000\040\000V\000a\000r\000i\000a\000b\000l\000e\000s}{}% 37
\BOOKMARK [1][-]{section.5.1}{\376\377\000\247\000P\000r\000o\000b\000a\000b\000i\000l\000i\000t\000y\000\040\000D\000i\000s\000t\000r\000i\000b\000u\000t\000i\000o\000n\000s\000\040\000o\000f\000\040\000F\000u\000n\000c\000t\000i\000o\000n\000s\000\040\000o\000f\000\040\000R\000a\000n\000d\000o\000m\000\040\000V\000a\000r\000i\000a\000b\000l\000e\000s}{chapter.5}% 38
\BOOKMARK [1][-]{section.5.2}{\376\377\000\247\000T\000h\000e\000\040\000M\000e\000t\000h\000o\000d\000\040\000o\000f\000\040\000D\000i\000s\000t\000r\000i\000b\000u\000t\000i\000o\000n\000\040\000F\000u\000n\000c\000t\000i\000o\000n\000s}{chapter.5}% 39
\BOOKMARK [1][-]{section.5.3}{\376\377\000\247\000T\000h\000e\000\040\000M\000e\000t\000h\000o\000d\000\040\000o\000f\000\040\000T\000r\000a\000n\000s\000f\000o\000r\000m\000a\000t\000i\000o\000n\000s}{chapter.5}% 40
\BOOKMARK [1][-]{section.5.4}{\376\377\000\247\000M\000e\000t\000h\000o\000d\000\040\000o\000f\000\040\000M\000o\000m\000e\000n\000t\000-\000G\000e\000n\000e\000r\000a\000t\000i\000n\000g\000\040\000F\000u\000n\000c\000t\000i\000o\000n\000s}{chapter.5}% 41
\BOOKMARK [1][-]{section.5.5}{\376\377\000\247\000M\000u\000l\000t\000i\000v\000a\000r\000i\000a\000t\000e\000\040\000T\000r\000a\000n\000s\000f\000o\000r\000m\000a\000t\000i\000o\000n\000s}{chapter.5}% 42
\BOOKMARK [1][-]{section.5.6}{\376\377\000\247\000O\000r\000d\000e\000r\000\040\000S\000t\000a\000t\000i\000s\000t\000i\000c\000s}{chapter.5}% 43
\BOOKMARK [0][-]{chapter.6}{\376\377\000C\000e\000n\000t\000r\000a\000l\000\040\000L\000i\000m\000i\000t\000\040\000T\000h\000e\000o\000r\000e\000m\000\040\000a\000n\000d\000\040\000S\000a\000m\000p\000l\000i\000n\000g}{}% 44
\BOOKMARK [1][-]{section.6.1}{\376\377\000\247\000S\000a\000m\000p\000l\000i\000n\000g\000\040\000D\000i\000s\000t\000r\000i\000b\000u\000t\000i\000o\000n\000s\000\040\000R\000e\000l\000a\000t\000e\000d\000\040\000t\000o\000\040\000t\000h\000e\000\040\000N\000o\000r\000m\000a\000l\000\040\000D\000i\000s\000t\000r\000i\000b\000u\000t\000i\000o\000n}{chapter.6}% 45
\BOOKMARK [1][-]{section.6.2}{\376\377\000\247\000T\000h\000e\000\040\000C\000e\000n\000t\000r\000a\000l\000\040\000L\000i\000m\000i\000t\000\040\000T\000h\000e\000o\000r\000e\000m}{chapter.6}% 46
\BOOKMARK [0][-]{chapter.7}{\376\377\000E\000s\000t\000i\000m\000a\000t\000i\000o\000n}{}% 47
\BOOKMARK [1][-]{section.7.1}{\376\377\000\247\000T\000h\000e\000\040\000B\000i\000a\000s\000\040\000a\000n\000d\000\040\000M\000e\000a\000n\000\040\000S\000q\000u\000a\000r\000e\000\040\000E\000r\000r\000o\000r\000\040\000o\000f\000\040\000P\000o\000i\000n\000t\000\040\000E\000s\000t\000i\000m\000a\000t\000o\000r\000s}{chapter.7}% 48
\BOOKMARK [1][-]{section.7.2}{\376\377\000\247\000C\000o\000m\000m\000o\000n\000\040\000U\000n\000b\000i\000a\000s\000e\000d\000\040\000P\000o\000i\000n\000t\000\040\000E\000s\000t\000i\000m\000a\000t\000o\000r\000s}{chapter.7}% 49
\BOOKMARK [1][-]{section.7.3}{\376\377\000\247\000E\000v\000a\000l\000u\000a\000t\000i\000n\000g\000\040\000t\000h\000e\000\040\000G\000o\000o\000d\000n\000e\000s\000s\000\040\000o\000f\000\040\000a\000\040\000P\000o\000i\000n\000t\000\040\000E\000s\000t\000i\000m\000a\000t\000o\000r}{chapter.7}% 50
\BOOKMARK [1][-]{section.7.4}{\376\377\000\247\000C\000o\000n\000f\000i\000d\000e\000n\000c\000e\000\040\000I\000n\000t\000e\000r\000v\000a\000l\000s}{chapter.7}% 51
\BOOKMARK [1][-]{section.7.5}{\376\377\000\247\000L\000a\000r\000g\000e\000-\000S\000a\000m\000p\000l\000e\000\040\000C\000o\000n\000f\000i\000d\000e\000n\000c\000e\000\040\000I\000n\000t\000e\000r\000v\000a\000l\000s}{chapter.7}% 52
\BOOKMARK [1][-]{section.7.6}{\376\377\000\247\000S\000e\000l\000e\000c\000t\000i\000n\000g\000\040\000t\000h\000e\000\040\000S\000a\000m\000p\000l\000e\000\040\000S\000i\000z\000e}{chapter.7}% 53
\BOOKMARK [1][-]{section.7.7}{\376\377\000\247\000S\000m\000a\000l\000l\000-\000S\000a\000m\000p\000l\000e\000\040\000C\000o\000n\000f\000i\000d\000e\000n\000c\000e\000\040\000I\000n\000t\000e\000r\000v\000a\000l\000s\000\040\000f\000o\000r\000\040\000M\000e\000a\000n\000s\000\040\000a\000n\000d\000\040\000M\000e\000a\000n\000\040\000D\000i\000f\000f\000e\000r\000e\000n\000c\000e\000s}{chapter.7}% 54
\BOOKMARK [1][-]{section.7.8}{\376\377\000\247\000L\000a\000r\000g\000e\000\040\000N\000o\000r\000m\000a\000l\000l\000y\000\040\000D\000i\000s\000t\000r\000i\000b\000u\000t\000e\000d\000\040\000D\000a\000t\000a\000\040\000a\000n\000d\000\040\000T\000w\000o\000\040\000S\000a\000m\000p\000l\000e\000\040\000C\000o\000n\000f\000i\000d\000e\000n\000c\000e\000\040\000I\000n\000t\000e\000r\000v\000a\000l\000s}{chapter.7}% 55
\BOOKMARK [1][-]{section.7.9}{\376\377\000\247\000C\000o\000n\000f\000i\000d\000e\000n\000c\000e\000\040\000I\000n\000t\000e\000r\000v\000a\000l\000s\000\040\000f\000o\000r\000\040\000V\000a\000r\000i\000a\000n\000c\000e}{chapter.7}% 56
\BOOKMARK [0][-]{chapter.8}{\376\377\000P\000r\000o\000p\000e\000r\000t\000i\000e\000s\000\040\000o\000f\000\040\000P\000o\000i\000n\000t\000\040\000E\000s\000t\000i\000m\000a\000t\000o\000r\000s\000\040\000a\000n\000d\000\040\000M\000e\000t\000h\000o\000d\000s\000\040\000o\000f\000\040\000E\000s\000t\000i\000m\000a\000t\000i\000o\000n}{}% 57
\BOOKMARK [1][-]{section.8.1}{\376\377\000\247\000R\000e\000l\000a\000t\000i\000v\000e\000\040\000E\000f\000f\000i\000c\000i\000e\000n\000c\000y}{chapter.8}% 58
\BOOKMARK [1][-]{section.8.2}{\376\377\000\247\000C\000o\000n\000s\000i\000s\000t\000e\000n\000c\000y}{chapter.8}% 59
\BOOKMARK [1][-]{section.8.3}{\376\377\000\247\000T\000h\000e\000\040\000M\000e\000t\000h\000o\000d\000\040\000o\000f\000\040\000M\000o\000m\000e\000n\000t\000s}{chapter.8}% 60
\BOOKMARK [1][-]{section.8.4}{\376\377\000\247\000T\000h\000e\000\040\000M\000e\000t\000h\000o\000d\000\040\000o\000f\000\040\000M\000a\000x\000i\000m\000u\000m\000\040\000L\000i\000k\000e\000l\000i\000h\000o\000o\000d}{chapter.8}% 61
\BOOKMARK [0][-]{chapter.9}{\376\377\000H\000y\000p\000o\000t\000h\000e\000s\000i\000s\000\040\000T\000e\000s\000t\000i\000n\000g}{}% 62
\BOOKMARK [1][-]{section.9.1}{\376\377\000\247\000C\000o\000m\000m\000o\000n\000\040\000L\000a\000r\000g\000e\000-\000S\000a\000m\000p\000l\000e\000\040\000T\000e\000s\000t\000s}{chapter.9}% 63
\BOOKMARK [1][-]{section.9.2}{\376\377\000\247\000C\000o\000m\000m\000o\000n\000\040\000C\000o\000n\000f\000i\000d\000e\000n\000c\000e\000\040\000I\000n\000t\000e\000r\000v\000a\000l\000s}{chapter.9}% 64
\BOOKMARK [1][-]{section.9.3}{\376\377\000\247\000T\000h\000e\000\040\000P\000o\000w\000e\000r\000\040\000o\000f\000\040\000a\000\040\000S\000t\000a\000t\000i\000s\000t\000i\000c\000a\000l\000\040\000T\000e\000s\000t}{chapter.9}% 65
\BOOKMARK [1][-]{section.9.4}{\376\377\000\247\000P\000o\000w\000e\000r\000\040\000o\000f\000\040\000T\000e\000s\000t\000s\000\040\000a\000n\000d\000\040\000t\000h\000e\000\040\000N\000e\000y\000m\000a\000n\000-\000P\000e\000a\000r\000s\000o\000n\000\040\000L\000e\000m\000m\000a}{chapter.9}% 66
\BOOKMARK [1][-]{section.9.5}{\376\377\000\247\000L\000i\000k\000e\000l\000i\000h\000o\000o\000d\000\040\000R\000a\000t\000i\000o\000\040\000T\000e\000s\000t}{chapter.9}% 67
\BOOKMARK [0][-]{chapter.10}{\376\377\000L\000i\000n\000e\000a\000r\000\040\000M\000o\000d\000e\000l\000s\000\040\000a\000n\000d\000\040\000E\000s\000t\000i\000m\000a\000t\000i\000o\000n\000\040\000b\000y\000\040\000L\000e\000a\000s\000t\000\040\000S\000q\000u\000a\000r\000e\000s}{}% 68
\BOOKMARK [1][-]{section.10.1}{\376\377\000\247\000L\000i\000n\000e\000a\000r\000\040\000S\000t\000a\000t\000i\000s\000t\000i\000c\000a\000l\000\040\000M\000o\000d\000e\000l\000s}{chapter.10}% 69
\BOOKMARK [1][-]{section.10.2}{\376\377\000\247\000M\000e\000t\000h\000o\000d\000\040\000o\000f\000\040\000L\000e\000a\000s\000t\000\040\000S\000q\000u\000a\000r\000e\000s}{chapter.10}% 70
\BOOKMARK [2][-]{subsection.10.2.1}{\376\377\000E\000v\000a\000l\000u\000a\000t\000i\000n\000g\000\040\000t\000h\000e\000\040\000Q\000u\000a\000l\000i\000t\000y\000\040\000o\000f\000\040\000t\000h\000e\000\040\000L\000i\000n\000e\000a\000r\000\040\000R\000e\000l\000a\000t\000i\000o\000n\000s\000h\000i\000p}{section.10.2}% 71
\BOOKMARK [1][-]{section.10.3}{\376\377\000\247\000I\000n\000f\000e\000r\000e\000n\000c\000e\000s\000\040\000C\000o\000n\000c\000e\000r\000n\000i\000n\000g\000\040\000t\000h\000e\000\040\000P\000a\000r\000a\000m\000e\000t\000e\000r\000s}{chapter.10}% 72
\BOOKMARK [1][-]{section.10.4}{\376\377\000\247\000S\000i\000m\000p\000l\000e\000\040\000L\000i\000n\000e\000a\000r\000\040\000R\000e\000g\000r\000e\000s\000s\000i\000o\000n}{chapter.10}% 73
\BOOKMARK [1][-]{section.10.5}{\376\377\000\247\000C\000o\000r\000r\000e\000l\000a\000t\000i\000o\000n}{chapter.10}% 74
\BOOKMARK [1][-]{section.10.6}{\376\377\000\247\000S\000i\000m\000p\000l\000e\000\040\000L\000i\000n\000e\000a\000r\000\040\000R\000e\000g\000r\000e\000s\000s\000i\000o\000:\000\040\000B\000i\000v\000a\000r\000i\000a\000t\000e\000\040\000D\000a\000t\000a}{chapter.10}% 75
