\BOOKMARK [0][-]{chapter.1}{\376\377\000P\000o\000p\000u\000l\000a\000r\000\040\000a\000n\000d\000\040\000C\000o\000u\000n\000t\000r\000y\000\040\000\046\000\040\000W\000e\000s\000t\000e\000r\000n\000\040\000M\000u\000s\000i\000c\000s}{}% 1
\BOOKMARK [1][-]{section.1.1}{\376\377\000R\000e\000g\000i\000o\000n\000a\000l\000i\000s\000m\000\040\000i\000n\000\040\000M\000u\000s\000i\000c}{chapter.1}% 2
\BOOKMARK [2][-]{subsection.1.1.1}{\376\377\000R\000a\000d\000i\000o\000\040\000\046\000\040\000F\000i\000l\000m}{section.1.1}% 3
\BOOKMARK [2][-]{subsection.1.1.2}{\376\377\000R\000a\000d\000i\000o\000\040\000B\000e\000f\000o\000r\000e\000\040\0001\0009\0004\0005}{section.1.1}% 4
\BOOKMARK [1][-]{section.1.2}{\376\377\000D\000e\000v\000e\000l\000o\000p\000m\000e\000n\000t\000\040\000o\000f\000\040\000P\000o\000p\000u\000l\000a\000r\000\040\000M\000u\000s\000i\000c\000\040\000a\000t\000\040\000t\000h\000e\000\040\000T\000u\000r\000n\000\040\000o\000f\000\040\000t\000h\000e\000\040\0002\0000\000t\000h\000\040\000C\000e\000n\000t\000u\000r\000y\000\040\000\050\000E\000a\000r\000l\000y\000\040\0001\0009\0000\0000\000s\000\051}{chapter.1}% 5
\BOOKMARK [2][-]{subsection.1.2.1}{\376\377\000T\000i\000n\000\040\000P\000a\000n\000\040\000A\000l\000l\000e\000y}{section.1.2}% 6
\BOOKMARK [1][-]{section.1.3}{\376\377\000B\000i\000g\000\040\000B\000a\000n\000d\000\040\000E\000r\000a\000\040\0001\0009\0003\0005\000-\0001\0009\0004\0005}{chapter.1}% 7
\BOOKMARK [2][-]{subsection.1.3.1}{\376\377\000B\000i\000n\000g\000\040\000C\000r\000o\000s\000b\000y}{section.1.3}% 8
\BOOKMARK [2][-]{subsection.1.3.2}{\376\377\000A\000n\000d\000r\000e\000w\000s\000\040\000S\000i\000s\000t\000e\000r\000s\000\040\000\046\000\040\000M\000i\000l\000l\000s\000\040\000B\000r\000o\000t\000h\000e\000r\000s}{section.1.3}% 9
\BOOKMARK [2][-]{subsection.1.3.3}{\376\377\000F\000r\000a\000n\000k\000\040\000S\000i\000n\000a\000t\000r\000a}{section.1.3}% 10
\BOOKMARK [2][-]{subsection.1.3.4}{\376\377\000S\000i\000n\000g\000e\000r\000s\000\040\000I\000n\000,\000\040\000B\000a\000n\000d\000s\000\040\000O\000u\000t}{section.1.3}% 11
\BOOKMARK [1][-]{section.1.4}{\376\377\000C\000o\000u\000n\000t\000r\000y\000\040\000\046\000\040\000W\000e\000s\000t\000e\000r\000n}{chapter.1}% 12
\BOOKMARK [2][-]{subsection.1.4.1}{\376\377\000C\000o\000u\000n\000t\000r\000y}{section.1.4}% 13
\BOOKMARK [2][-]{subsection.1.4.2}{\376\377\000W\000e\000s\000t\000e\000r\000n}{section.1.4}% 14
\BOOKMARK [2][-]{subsection.1.4.3}{\376\377\000A\000u\000t\000h\000e\000n\000t\000i\000c\000i\000t\000y\000?}{section.1.4}% 15
\BOOKMARK [2][-]{subsection.1.4.4}{\376\377\000T\000h\000e\000\040\000S\000p\000r\000e\000a\000d\000\040\000o\000f\000\040\000C\000o\000u\000n\000t\000r\000y\000\040\000\046\000\040\000W\000e\000s\000t\000e\000r\000n}{section.1.4}% 16
\BOOKMARK [2][-]{subsection.1.4.5}{\376\377\000H\000a\000n\000k\000\040\000W\000i\000l\000l\000i\000a\000m\000s}{section.1.4}% 17
\BOOKMARK [2][-]{subsection.1.4.6}{\376\377\000B\000l\000u\000e\000g\000r\000a\000s\000s}{section.1.4}% 18
\BOOKMARK [1][-]{section.1.5}{\376\377\000A\000m\000o\000s\000\040\000`\000N\000`\000\040\000A\000n\000d\000y\000\040\000A\000r\000t\000i\000c\000l\000e}{chapter.1}% 19
\BOOKMARK [1][-]{section.1.6}{\376\377\000S\000o\000m\000e\000w\000h\000e\000r\000e\000\040\000O\000v\000e\000r\000\040\000t\000h\000e\000\040\000R\000a\000i\000n\000b\000o\000w\000\040\000S\000i\000g\000n\000i\000f\000i\000c\000a\000n\000c\000e}{chapter.1}% 20
\BOOKMARK [0][-]{chapter.2}{\376\377\000R\000h\000y\000t\000h\000m\000\040\000\046\000\040\000B\000l\000u\000e\000s\000\040\000M\000u\000s\000i\000c\000s}{}% 21
\BOOKMARK [1][-]{section.2.1}{\376\377\000W\000h\000a\000t\000\040\000i\000s\000\040\000R\000\046\000B\000?}{chapter.2}% 22
\BOOKMARK [2][-]{subsection.2.1.1}{\376\377\000E\000a\000r\000l\000y\000\040\000R\000\046\000B}{section.2.1}% 23
\BOOKMARK [2][-]{subsection.2.1.2}{\376\377\000R\000o\000b\000e\000r\000t\000\040\000J\000o\000h\000n\000s\000o\000n\000\040\000\050\0001\0009\0003\0000\000s\000\040\000b\000l\000u\000e\000s\000\051}{section.2.1}% 24
\BOOKMARK [1][-]{section.2.2}{\376\377\000M\000u\000d\000d\000y\000\040\000W\000a\000t\000e\000r\000s}{chapter.2}% 25
\BOOKMARK [2][-]{subsection.2.2.1}{\376\377\000C\000h\000e\000s\000s\000\040\000\046\000\040\000M\000u\000d\000d\000y}{section.2.2}% 26
\BOOKMARK [2][-]{subsection.2.2.2}{\376\377\000C\000h\000e\000s\000s\000\040\000R\000e\000c\000o\000r\000d\000s}{section.2.2}% 27
\BOOKMARK [1][-]{section.2.3}{\376\377\000B\000l\000a\000c\000k\000\040\000R\000a\000d\000i\000o}{chapter.2}% 28
\BOOKMARK [1][-]{section.2.4}{\376\377\000A\000t\000l\000a\000n\000t\000i\000c\000\040\000R\000\046\000B}{chapter.2}% 29
\BOOKMARK [2][-]{subsection.2.4.1}{\376\377\000H\000o\000k\000u\000m\000\040\000B\000l\000u\000e\000s}{section.2.4}% 30
\BOOKMARK [1][-]{section.2.5}{\376\377\000K\000a\000r\000l\000\040\000H\000a\000g\000s\000t\000r\000o\000m\000\040\000M\000i\000l\000l\000e\000r\000'\000s\000\040\000A\000n\000a\000l\000y\000s\000i\000s\000\040\000o\000f\000\040\000R\000e\000g\000i\000o\000n\000a\000l\000i\000s\000m}{chapter.2}% 31
\BOOKMARK [1][-]{section.2.6}{\376\377\000T\000o\000w\000a\000r\000d\000\040\000R\000o\000c\000k\000\040\000`\000n\000'\000\040\000R\000o\000l\000l}{chapter.2}% 32
\BOOKMARK [2][-]{subsection.2.6.1}{\376\377\000A\000h\000m\000e\000t\000\040\000E\000r\000t\000e\000g\000u\000n\000\040\000a\000n\000d\000\040\000J\000e\000r\000r\000y\000\040\000W\000e\000x\000l\000e\000r}{section.2.6}% 33
\BOOKMARK [2][-]{subsection.2.6.2}{\376\377\000R\000i\000c\000h\000\040\000C\000o\000h\000e\000n}{section.2.6}% 34
\BOOKMARK [1][-]{section.2.7}{\376\377\000R\000o\000b\000e\000r\000t\000\040\000J\000o\000h\000n\000s\000o\000n\000\040\000A\000r\000t\000i\000c\000l\000e}{chapter.2}% 35
\BOOKMARK [1][-]{section.2.8}{\376\377\000M\000u\000d\000d\000y\000\040\000W\000a\000t\000e\000r\000s\000,\000\040\0001\0009\0001\0005\000-\0001\0009\0008\0003\000,\000\040\000A\000r\000t\000i\000c\000l\000e}{chapter.2}% 36
\BOOKMARK [2][-]{subsection.2.8.1}{\376\377\000E\000r\000i\000c\000\040\000C\000l\000a\000p\000t\000o\000n\000\040\000Q\000u\000o\000t\000e}{section.2.8}% 37
\BOOKMARK [2][-]{subsection.2.8.2}{\376\377\000M\000a\000r\000s\000h\000a\000l\000\040\000C\000h\000e\000s\000s\000\040\000Q\000u\000o\000t\000e}{section.2.8}% 38
\BOOKMARK [2][-]{subsection.2.8.3}{\376\377\000K\000e\000i\000t\000h\000\040\000R\000i\000c\000h\000a\000r\000d\000s\000\040\000Q\000u\000o\000t\000e}{section.2.8}% 39
\BOOKMARK [2][-]{subsection.2.8.4}{\376\377\000P\000e\000t\000e\000r\000\040\000W\000o\000l\000f\000\040\000Q\000u\000o\000t\000e}{section.2.8}% 40
\BOOKMARK [1][-]{section.2.9}{\376\377\000R\000o\000s\000e\000t\000t\000a\000\040\000T\000h\000a\000r\000p\000e\000:\000\040\000`\000`\000A\000\040\000q\000u\000e\000e\000r\000\040\000b\000l\000a\000c\000k\000\040\000w\000o\000m\000a\000n\000\040\000i\000n\000v\000e\000n\000t\000e\000d\000\040\000r\000o\000c\000k\000-\000a\000n\000d\000-\000r\000o\000l\000l\000"\000\040\000A\000r\000t\000i\000c\000l\000e}{chapter.2}% 41
\BOOKMARK [0][-]{chapter.3}{\376\377\000T\000h\000e\000\040\000F\000i\000r\000s\000t\000\040\000W\000a\000v\000e\000\040\000o\000f\000\040\000R\000o\000c\000k\000\040\000a\000n\000d\000\040\000R\000o\000l\000l}{}% 42
\BOOKMARK [1][-]{section.3.1}{\376\377\000M\000a\000k\000i\000n\000g\000\040\000W\000a\000v\000e\000s\000:\000\040\000E\000a\000r\000l\000y\000\040\000R\000o\000c\000k\000\040\000a\000n\000d\000\040\000R\000o\000l\000l}{chapter.3}% 43
\BOOKMARK [2][-]{subsection.3.1.1}{\376\377\000A\000\040\000N\000e\000w\000\040\000N\000o\000r\000m\000a\000l\000c\000y}{section.3.1}% 44
\BOOKMARK [2][-]{subsection.3.1.2}{\376\377\000T\000e\000e\000n\000a\000g\000e\000r\000s}{section.3.1}% 45
\BOOKMARK [1][-]{section.3.2}{\376\377\0001\0009\0005\0000\000s\000\040\000A\000m\000e\000r\000i\000c\000a}{chapter.3}% 46
\BOOKMARK [1][-]{section.3.3}{\376\377\000W\000h\000i\000t\000e\000\040\000T\000e\000e\000n\000s\000\040\000a\000n\000d\000\040\000`\000B\000l\000a\000c\000k\000\040\000R\000a\000d\000i\000o\000'}{chapter.3}% 47
\BOOKMARK [2][-]{subsection.3.3.1}{\376\377\000M\000a\000j\000o\000r\000\040\000L\000a\000b\000e\000l\000s}{section.3.3}% 48
\BOOKMARK [2][-]{subsection.3.3.2}{\376\377\000I\000n\000d\000e\000p\000e\000n\000d\000e\000n\000t\000\040\000L\000a\000b\000e\000l\000s}{section.3.3}% 49
\BOOKMARK [2][-]{subsection.3.3.3}{\376\377\000C\000h\000a\000r\000t\000i\000n\000g\000\040\000S\000u\000c\000c\000e\000s\000s}{section.3.3}% 50
\BOOKMARK [1][-]{section.3.4}{\376\377\000C\000r\000o\000s\000s\000o\000v\000e\000r}{chapter.3}% 51
\BOOKMARK [1][-]{section.3.5}{\376\377\000T\000h\000e\000\040\000F\000i\000r\000s\000t\000\040\000W\000a\000v\000e\000s}{chapter.3}% 52
\BOOKMARK [2][-]{subsection.3.5.1}{\376\377\000c\000h\000a\000r\000a\000c\000t\000e\000r\000i\000s\000t\000i\000c\000s}{section.3.5}% 53
\BOOKMARK [2][-]{subsection.3.5.2}{\376\377\000F\000o\000u\000r\000\040\000C\000o\000m\000m\000o\000n\000\040\000F\000o\000r\000m\000a\000l\000\040\000T\000y\000p\000e\000s}{section.3.5}% 54
\BOOKMARK [2][-]{subsection.3.5.3}{\376\377\000R\000o\000c\000k\000\040\000`\000n\000'\000\040\000R\000o\000l\000l\000?}{section.3.5}% 55
\BOOKMARK [2][-]{subsection.3.5.4}{\376\377\000C\000h\000u\000c\000k\000\040\000B\000e\000r\000r\000y}{section.3.5}% 56
\BOOKMARK [2][-]{subsection.3.5.5}{\376\377\000L\000i\000t\000t\000l\000e\000\040\000R\000i\000c\000h\000a\000r\000d}{section.3.5}% 57
\BOOKMARK [1][-]{section.3.6}{\376\377\000L\000i\000t\000t\000l\000e\000\040\000R\000i\000c\000h\000a\000r\000d\000\040\000I\000s\000\040\000E\000v\000e\000r\000y\000w\000h\000e\000r\000e\000:\000\040\000A\000r\000t\000i\000c\000l\000e}{chapter.3}% 58
\BOOKMARK [0][-]{chapter.4}{\376\377\000T\000h\000e\000\040\000S\000e\000c\000o\000n\000d\000\040\000W\000a\000v\000e\000\040\000o\000f\000\040\000R\000o\000c\000k\000\040\000a\000n\000d\000\040\000R\000o\000l\000l}{}% 59
\BOOKMARK [1][-]{section.4.1}{\376\377\000E\000l\000v\000i\000s\000'\000\040\000E\000a\000r\000l\000y\000\040\000Y\000e\000a\000r\000s}{chapter.4}% 60
\BOOKMARK [2][-]{subsection.4.1.1}{\376\377\000S\000a\000m\000\040\000P\000h\000i\000l\000l\000i\000p\000s\000\040\000a\000n\000d\000\040\000E\000l\000v\000i\000s}{section.4.1}% 61
\BOOKMARK [1][-]{section.4.2}{\376\377\000A\000n\000a\000t\000o\000m\000i\000c\000a\000l\000l\000y\000\040\000C\000o\000r\000r\000e\000c\000t\000\040\000R\000o\000c\000k\000\040\000D\000o\000l\000l\000\040\000M\000e\000t\000h\000o\000d}{chapter.4}% 62
\BOOKMARK [1][-]{section.4.3}{\376\377\000E\000l\000v\000i\000s}{chapter.4}% 63
\BOOKMARK [2][-]{subsection.4.3.1}{\376\377\000E\000l\000v\000i\000s\000'\000\040\000T\000e\000a\000m}{section.4.3}% 64
\BOOKMARK [2][-]{subsection.4.3.2}{\376\377\000T\000h\000e\000\040\000C\000o\000m\000e\000b\000a\000c\000k}{section.4.3}% 65
\BOOKMARK [1][-]{section.4.4}{\376\377\000R\000o\000c\000k\000a\000b\000i\000l\000l\000y}{chapter.4}% 66
\BOOKMARK [1][-]{section.4.5}{\376\377\000O\000t\000h\000e\000r\000\040\000P\000a\000r\000a\000l\000l\000e\000l\000\040\000M\000o\000v\000e\000m\000e\000n\000t\000s}{chapter.4}% 67
\BOOKMARK [2][-]{subsection.4.5.1}{\376\377\000D\000o\000o\000-\000W\000o\000p}{section.4.5}% 68
\BOOKMARK [2][-]{subsection.4.5.2}{\376\377\000C\000r\000o\000s\000s\000i\000n\000g\000\040\000o\000v\000e\000r\000\040\000t\000h\000e\000\040\000t\000h\000e\000\040\000M\000a\000i\000n\000s\000t\000r\000e\000a\000m}{section.4.5}% 69
\BOOKMARK [1][-]{section.4.6}{\376\377\000A\000n\000a\000l\000y\000s\000i\000s\000\040\000T\000i\000p\000s}{chapter.4}% 70
\BOOKMARK [2][-]{subsection.4.6.1}{\376\377\000G\000i\000r\000l\000\040\000G\000r\000o\000u\000p\000s}{section.4.6}% 71
\BOOKMARK [2][-]{subsection.4.6.2}{\376\377\000T\000h\000e\000\040\000B\000e\000a\000c\000h\000\040\000B\000o\000y\000s}{section.4.6}% 72
\BOOKMARK [2][-]{subsection.4.6.3}{\376\377\000P\000e\000t\000e\000r\000\040\000P\000a\000u\000l\000\040\000a\000n\000d\000\040\000M\000a\000r\000y}{section.4.6}% 73
\BOOKMARK [1][-]{section.4.7}{\376\377\000S\000a\000n\000i\000t\000i\000z\000i\000n\000g\000\040\000R\000o\000c\000k\000\040\000i\000n\000\040\000t\000h\000e\000\040\000E\000a\000r\000l\000y\000\040\0001\0009\0006\0000\000s}{chapter.4}% 74
\BOOKMARK [1][-]{section.4.8}{\376\377\000T\000h\000e\000\040\000E\000n\000d\000\040\000o\000f\000\040\000A\000n\000\040\000E\000r\000a}{chapter.4}% 75
\BOOKMARK [2][-]{subsection.4.8.1}{\376\377\0001\0009\0006\0000\000:\000\040\000T\000h\000e\000\040\000E\000n\000d\000\040\000o\000f\000\040\000C\000l\000a\000s\000s\000i\000c\000\040\000R\000o\000c\000k}{section.4.8}% 76
\BOOKMARK [1][-]{section.4.9}{\376\377\000E\000l\000v\000i\000s\000'\000\040\000T\000o\000p\000\040\0004\0000\000\040\000H\000i\000t\000s}{chapter.4}% 77
\BOOKMARK [1][-]{section.4.10}{\376\377\000C\000h\000u\000b\000b\000y\000\040\000C\000h\000e\000c\000k\000e\000r\000'\000s\000\040\000`\000`\000T\000h\000e\000\040\000T\000w\000i\000s\000t\000"\000\040\000A\000r\000t\000i\000c\000l\000e}{chapter.4}% 78
\BOOKMARK [1][-]{section.4.11}{\376\377\000R\000a\000y\000\040\000C\000h\000a\000r\000l\000e\000s\000'\000\040\000`\000`\000H\000i\000t\000\040\000t\000h\000e\000\040\000R\000o\000a\000d\000\040\000J\000a\000c\000k\000"\000\040\000A\000r\000t\000i\000c\000l\000e\000"}{chapter.4}% 79
\BOOKMARK [1][-]{section.4.12}{\376\377\000T\000h\000e\000\040\000M\000a\000r\000c\000e\000l\000s\000'\000\040\000`\000`\000B\000l\000u\000e\000\040\000M\000o\000o\000n\000"\000\040\000A\000r\000t\000i\000c\000l\000e}{chapter.4}% 80
\BOOKMARK [0][-]{chapter.5}{\376\377\000T\000h\000e\000\040\000B\000r\000i\000t\000i\000s\000h\000\040\000I\000n\000v\000a\000s\000i\000o\000n}{}% 81
\BOOKMARK [1][-]{section.5.1}{\376\377\000C\000h\000a\000r\000l\000i\000e\000\040\000C\000h\000r\000i\000s\000t\000i\000a\000n}{chapter.5}% 82
\BOOKMARK [2][-]{subsection.5.1.1}{\376\377\000C\000h\000a\000r\000l\000i\000e\000\040\000C\000h\000r\000i\000s\000t\000i\000a\000n\000\040\000E\000x\000c\000e\000r\000p\000t}{section.5.1}% 83
\BOOKMARK [1][-]{section.5.2}{\376\377\000C\000i\000v\000i\000l\000\040\000R\000i\000g\000h\000t\000s}{chapter.5}% 84
\BOOKMARK [2][-]{subsection.5.2.1}{\376\377\000K\000e\000n\000n\000e\000d\000y\000\040\000E\000x\000c\000e\000r\000p\000t}{section.5.2}% 85
\BOOKMARK [2][-]{subsection.5.2.2}{\376\377\000M\000L\000K\000\040\000E\000x\000c\000e\000r\000p\000t}{section.5.2}% 86
\BOOKMARK [1][-]{section.5.3}{\376\377\000M\000e\000a\000n\000w\000h\000i\000l\000e\000\040\000I\000n\000\040\000t\000h\000e\000\040\000U\000K}{chapter.5}% 87
\BOOKMARK [2][-]{subsection.5.3.1}{\376\377\000B\000r\000i\000t\000a\000i\000n\000\040\000E\000x\000c\000e\000r\000p\000t}{section.5.3}% 88
\BOOKMARK [2][-]{subsection.5.3.2}{\376\377\000R\000a\000p\000i\000d\000\040\000A\000s\000c\000e\000n\000s\000i\000o\000n}{section.5.3}% 89
\BOOKMARK [2][-]{subsection.5.3.3}{\376\377\000B\000e\000a\000t\000l\000e\000m\000a\000n\000i\000a}{section.5.3}% 90
\BOOKMARK [2][-]{subsection.5.3.4}{\376\377\000T\000h\000e\000\040\000B\000e\000a\000t\000l\000e\000s\000\040\000E\000x\000c\000e\000r\000p\000t}{section.5.3}% 91
\BOOKMARK [1][-]{section.5.4}{\376\377\000T\000h\000e\000\040\000B\000e\000a\000t\000l\000e\000s\000:\000\040\000A\000m\000e\000r\000i\000c\000a\000n\000\040\000I\000n\000f\000l\000u\000e\000n\000c\000e\000s}{chapter.5}% 92
\BOOKMARK [1][-]{section.5.5}{\376\377\000O\000t\000h\000e\000r\000\040\000B\000r\000i\000t\000i\000s\000h\000\040\000B\000o\000y\000s}{chapter.5}% 93
\BOOKMARK [2][-]{subsection.5.5.1}{\376\377\000B\000r\000i\000t\000i\000s\000h\000\040\000I\000n\000v\000a\000s\000i\000o\000n\000\040\000S\000o\000u\000n\000d\000/\000S\000t\000y\000l\000e}{section.5.5}% 94
\BOOKMARK [2][-]{subsection.5.5.2}{\376\377\000R\000o\000l\000l\000i\000n\000g\000\040\000S\000t\000o\000n\000e\000s\000\040\000E\000x\000c\000e\000r\000p\000t}{section.5.5}% 95
\BOOKMARK [1][-]{section.5.6}{\376\377\000T\000h\000e\000\040\000R\000o\000l\000l\000i\000n\000g\000\040\000S\000t\000o\000n\000e\000s}{chapter.5}% 96
\BOOKMARK [1][-]{section.5.7}{\376\377\000`\000`\000I\000\040\000W\000a\000n\000t\000\040\000T\000o\000\040\000H\000o\000l\000d\000\040\000Y\000o\000u\000r\000\040\000H\000a\000n\000d\000"\000\040\000S\000t\000e\000r\000e\000o\000g\000u\000m\000\040\000a\000r\000t\000i\000c\000l\000e}{chapter.5}% 97
\BOOKMARK [1][-]{section.5.8}{\376\377\000`\000`\000\050\000I\000\040\000C\000a\000n\000'\000t\000\040\000G\000e\000t\000\040\000N\000o\000\051\000\040\000S\000a\000t\000i\000s\000f\000a\000c\000t\000i\000o\000n\000"\000\040\000S\000t\000e\000r\000e\000o\000g\000u\000m\000\040\000a\000r\000t\000i\000c\000l\000e}{chapter.5}% 98
\BOOKMARK [0][-]{chapter.6}{\376\377\000A\000m\000e\000r\000i\000c\000a\000'\000s\000\040\000A\000m\000b\000a\000s\000s\000a\000d\000o\000r\000s\000\040\000o\000f\000\040\000R\000o\000c\000k\000,\000\040\000P\000a\000r\000t\000\040\0001}{}% 99
\BOOKMARK [1][-]{section.6.1}{\376\377\000B\000o\000b\000\040\000D\000y\000l\000a\000n}{chapter.6}% 100
\BOOKMARK [2][-]{subsection.6.1.1}{\376\377\000D\000y\000l\000a\000n\000\040\000G\000o\000e\000s\000\040\000E\000l\000e\000c\000t\000r\000i\000c}{section.6.1}% 101
\BOOKMARK [2][-]{subsection.6.1.2}{\376\377\000`\000`\000H\000i\000g\000h\000w\000a\000y\000\040\0006\0001\000\040\000R\000e\000v\000i\000s\000i\000t\000e\000d\000"\000\040\000E\000x\000c\000e\000r\000p\000t}{section.6.1}% 102
\BOOKMARK [1][-]{section.6.2}{\376\377\000S\000i\000m\000o\000n\000\040\000\046\000\040\000G\000a\000r\000f\000u\000n\000k\000e\000l}{chapter.6}% 103
\BOOKMARK [1][-]{section.6.3}{\376\377\000F\000o\000l\000k\000\040\000R\000o\000c\000k}{chapter.6}% 104
\BOOKMARK [1][-]{section.6.4}{\376\377\000P\000h\000i\000l\000\040\000S\000p\000e\000c\000t\000o\000r}{chapter.6}% 105
\BOOKMARK [2][-]{subsection.6.4.1}{\376\377\000P\000h\000i\000l\000\040\000S\000p\000e\000c\000t\000o\000r\000\040\000E\000x\000c\000e\000r\000p\000t}{section.6.4}% 106
\BOOKMARK [1][-]{section.6.5}{\376\377\000B\000r\000i\000a\000n\000\040\000W\000i\000l\000s\000o\000n}{chapter.6}% 107
\BOOKMARK [2][-]{subsection.6.5.1}{\376\377\000B\000r\000i\000a\000n\000\040\000W\000i\000l\000s\000o\000n\000\040\000V\000i\000d\000e\000o}{section.6.5}% 108
\BOOKMARK [1][-]{section.6.6}{\376\377\000B\000a\000c\000k\000\040\000I\000n\000\040\000N\000e\000w\000\040\000Y\000o\000r\000k}{chapter.6}% 109
\BOOKMARK [1][-]{section.6.7}{\376\377\000T\000h\000e\000\040\000N\000o\000r\000t\000h\000w\000e\000s\000t\000:\000\040\000G\000a\000r\000a\000g\000e\000\040\000B\000a\000n\000d\000s}{chapter.6}% 110
\BOOKMARK [1][-]{section.6.8}{\376\377\000T\000h\000e\000\040\000M\000o\000n\000k\000e\000e\000s}{chapter.6}% 111
\BOOKMARK [1][-]{section.6.9}{\376\377\000`\000`\000G\000o\000o\000d\000\040\000V\000i\000b\000r\000a\000t\000i\000o\000n\000s\000"\000\040\000S\000t\000e\000r\000e\000o\000g\000u\000m\000\040\000a\000r\000t\000i\000c\000l\000e}{chapter.6}% 112
\BOOKMARK [0][-]{chapter.7}{\376\377\000A\000m\000e\000r\000i\000c\000a\000'\000s\000\040\000A\000m\000b\000a\000s\000s\000a\000d\000o\000r\000s\000\040\000o\000f\000\040\000R\000o\000c\000k\000,\000\040\000P\000a\000r\000t\000\040\0002\000:\000\040\000M\000o\000t\000o\000w\000n\000\040\000a\000n\000d\000\040\000S\000o\000u\000t\000h\000e\000r\000n\000\040\000S\000o\000u\000l}{}% 113
\BOOKMARK [1][-]{section.7.1}{\376\377\000M\000o\000t\000o\000w\000n\000\040\000E\000x\000c\000e\000r\000p\000t}{chapter.7}% 114
\BOOKMARK [1][-]{section.7.2}{\376\377\000M\000o\000t\000o\000w\000n}{chapter.7}% 115
\BOOKMARK [1][-]{section.7.3}{\376\377\000T\000h\000e\000\040\000M\000o\000t\000o\000w\000n\000\040\000M\000o\000d\000e\000l}{chapter.7}% 116
\BOOKMARK [2][-]{subsection.7.3.1}{\376\377\000H\000o\000l\000l\000a\000n\000d\000-\000D\000o\000z\000i\000e\000r\000-\000H\000o\000l\000l\000a\000n\000d\000\040\000\050\000H\000D\000H\000\051}{section.7.3}% 117
\BOOKMARK [2][-]{subsection.7.3.2}{\376\377\000`\000`\000C\000r\000e\000a\000t\000e\000,\000\040\000M\000a\000k\000e\000,\000\040\000S\000e\000l\000l\000"}{section.7.3}% 118
\BOOKMARK [2][-]{subsection.7.3.3}{\376\377\000H\000i\000t\000s\000v\000i\000l\000l\000e\000\040\000M\000a\000p}{section.7.3}% 119
\BOOKMARK [2][-]{subsection.7.3.4}{\376\377\000`\000`\000W\000r\000i\000t\000i\000n\000g\000"\000\040\000P\000r\000o\000c\000e\000s\000s\000\040\000o\000f\000\040\000M\000o\000t\000o\000w\000n}{section.7.3}% 120
\BOOKMARK [2][-]{subsection.7.3.5}{\376\377\000T\000h\000e\000\040\000F\000u\000n\000k\000\040\000B\000r\000o\000t\000h\000e\000r\000s}{section.7.3}% 121
\BOOKMARK [2][-]{subsection.7.3.6}{\376\377\000C\000h\000o\000r\000e\000o\000g\000r\000a\000p\000h\000y}{section.7.3}% 122
\BOOKMARK [2][-]{subsection.7.3.7}{\376\377\000A\000\040\000F\000e\000w\000\040\000H\000i\000t\000s\000\040\000F\000r\000o\000m\000\040\000H\000i\000t\000t\000s\000v\000i\000l\000l\000e}{section.7.3}% 123
\BOOKMARK [1][-]{section.7.4}{\376\377\000A\000t\000l\000a\000n\000t\000i\000c\000\040\000S\000o\000u\000l}{chapter.7}% 124
\BOOKMARK [2][-]{subsection.7.4.1}{\376\377\000A\000t\000l\000a\000n\000t\000i\000x\000-\000S\000t\000a\000x\000\040\000P\000a\000r\000t\000n\000e\000r\000s\000h\000i\000p}{section.7.4}% 125
\BOOKMARK [2][-]{subsection.7.4.2}{\376\377\000A\000r\000e\000t\000h\000a\000\040\000F\000r\000a\000n\000k\000l\000i\000n\000\040\000-\000\040\000`\000`\000R\000e\000s\000p\000e\000c\000t\000"\000\040\0001\0009\0006\0007}{section.7.4}% 126
\BOOKMARK [2][-]{subsection.7.4.3}{\376\377\000F\000r\000i\000e\000d\000L\000a\000n\000d\000e\000r\000'\000s\000\040\000T\000h\000e\000o\000r\000i\000e\000s}{section.7.4}% 127
\BOOKMARK [1][-]{section.7.5}{\376\377\000F\000r\000i\000e\000d\000l\000a\000n\000g\000e\000r\000'\000s\000\040\000`\000`\000R\000o\000c\000k\000\040\000W\000i\000n\000d\000o\000w\000"\000\040\000M\000e\000t\000h\000o\000d}{chapter.7}% 128
\BOOKMARK [2][-]{subsection.7.5.1}{\376\377\000`\000`\000R\000e\000s\000p\000e\000c\000t\000"\000\040\000B\000a\000c\000k\000g\000r\000o\000u\000n\000d}{section.7.5}% 129
\BOOKMARK [1][-]{section.7.6}{\376\377\000M\000u\000s\000c\000l\000e\000\040\000S\000h\000o\000a\000l\000s}{chapter.7}% 130
\BOOKMARK [2][-]{subsection.7.6.1}{\376\377\000F\000u\000m\000e\000\040\000S\000t\000u\000d\000i\000o\000s\000\040\000E\000x\000c\000e\000r\000p\000t}{section.7.6}% 131
\BOOKMARK [2][-]{subsection.7.6.2}{\376\377\000P\000i\000c\000k\000e\000t\000t}{section.7.6}% 132
\BOOKMARK [2][-]{subsection.7.6.3}{\376\377\000A\000r\000e\000t\000h\000a\000\040\000a\000t\000\040\000M\000u\000s\000c\000l\000e\000\040\000S\000h\000o\000a\000l\000s}{section.7.6}% 133
\BOOKMARK [1][-]{section.7.7}{\376\377\000J\000a\000m\000e\000s\000\040\000B\000r\000o\000w\000n}{chapter.7}% 134
\BOOKMARK [2][-]{subsection.7.7.1}{\376\377\000J\000a\000m\000e\000s\000\040\000B\000r\000o\000w\000n\000\040\000I\000n\000f\000l\000u\000e\000n\000c\000e\000\040\000E\000x\000c\000e\000r\000p\000t}{section.7.7}% 135
\BOOKMARK [1][-]{section.7.8}{\376\377\000H\000o\000r\000n\000\040\000S\000e\000c\000t\000i\000o\000n\000\040\000i\000n\000\040\000a\000\040\000M\000o\000t\000o\000w\000n\000\040\000B\000a\000n\000d}{chapter.7}% 136
\BOOKMARK [1][-]{section.7.9}{\376\377\000C\000a\000n\000\040\000W\000e\000\040\000R\000e\000c\000r\000e\000a\000t\000e\000\040\000t\000h\000e\000\040\000M\000o\000t\000o\000w\000n\000\040\000S\000o\000u\000n\000d\000?}{chapter.7}% 137
\BOOKMARK [2][-]{subsection.7.9.1}{\376\377\000T\000h\000e\000\040\000S\000t\000u\000d\000i\000o}{section.7.9}% 138
\BOOKMARK [2][-]{subsection.7.9.2}{\376\377\000D\000r\000u\000m\000s\000\040\000a\000n\000d\000\040\000P\000e\000r\000c\000u\000s\000s\000i\000o\000n}{section.7.9}% 139
\BOOKMARK [2][-]{subsection.7.9.3}{\376\377\000P\000i\000a\000n\000o\000\040\000a\000n\000d\000\040\000K\000e\000y\000b\000o\000a\000r\000d\000s}{section.7.9}% 140
\BOOKMARK [2][-]{subsection.7.9.4}{\376\377\000B\000a\000s\000s\000\040\000a\000n\000d\000\040\000G\000u\000i\000t\000a\000r}{section.7.9}% 141
\BOOKMARK [2][-]{subsection.7.9.5}{\376\377\000E\000l\000e\000c\000t\000r\000i\000c\000\040\000G\000u\000i\000t\000a\000r}{section.7.9}% 142
\BOOKMARK [2][-]{subsection.7.9.6}{\376\377\000S\000t\000r\000i\000n\000g\000s\000,\000\040\000H\000o\000r\000n\000s\000,\000\040\000a\000n\000d\000\040\000O\000v\000e\000r\000d\000u\000b\000s}{section.7.9}% 143
\BOOKMARK [2][-]{subsection.7.9.7}{\376\377\000V\000o\000c\000a\000l\000s}{section.7.9}% 144
\BOOKMARK [2][-]{subsection.7.9.8}{\376\377\000M\000i\000x\000i\000n\000g}{section.7.9}% 145
\BOOKMARK [1][-]{section.7.10}{\376\377\000`\000`\000W\000h\000e\000r\000e\000\040\000D\000i\000d\000\040\000O\000u\000r\000\040\000L\000o\000v\000e\000\040\000G\000o\000"\000\040\000S\000t\000e\000r\000e\000o\000g\000u\000m\000\040\000a\000r\000t\000i\000c\000l\000e}{chapter.7}% 146
\BOOKMARK [1][-]{section.7.11}{\376\377\000`\000`\000M\000y\000\040\000G\000i\000r\000l\000"\000\040\000S\000t\000e\000r\000e\000o\000g\000u\000m\000\040\000a\000r\000t\000i\000c\000l\000e}{chapter.7}% 147
\BOOKMARK [0][-]{chapter.8}{\376\377\000T\000h\000e\000\040\000P\000s\000y\000c\000h\000e\000d\000e\000l\000i\000c\000\040\0006\0000\000s}{}% 148
\BOOKMARK [1][-]{section.8.1}{\376\377\000U\000p\000-\000S\000t\000a\000t\000e\000:\000\040\000T\000h\000e\000\040\000P\000s\000y\000c\000h\000e\000d\000e\000l\000i\000c\000\040\0006\0000\000s\000\040\000\050\0001\0009\0006\0006\000-\0001\0009\0006\0009\000\051}{chapter.8}% 149
\BOOKMARK [1][-]{section.8.2}{\376\377\000S\000o\000c\000i\000a\000l\000\040\000J\000u\000s\000t\000i\000c\000e}{chapter.8}% 150
\BOOKMARK [1][-]{section.8.3}{\376\377\000P\000s\000y\000c\000h\000e\000d\000e\000l\000i\000a\000\040\000i\000n\000\040\000M\000u\000s\000i\000c}{chapter.8}% 151
\BOOKMARK [1][-]{section.8.4}{\376\377\000F\000r\000i\000e\000n\000d\000l\000y\000\040\000C\000o\000m\000p\000e\000t\000i\000t\000i\000o\000n}{chapter.8}% 152
\BOOKMARK [2][-]{subsection.8.4.1}{\376\377\000E\000x\000c\000e\000r\000p\000t\000:\000\040\000N\000o\000r\000w\000e\000g\000i\000a\000n\000\040\000W\000o\000o\000d\000\040\000\050\0001\0009\0006\0005\000\051}{section.8.4}% 153
\BOOKMARK [2][-]{subsection.8.4.2}{\376\377\000E\000x\000c\000e\000r\000p\000t\000:\000\040\000G\000o\000o\000d\000\040\000V\000i\000b\000r\000a\000t\000i\000o\000n\000s\000\040\000\050\0001\0009\0006\0006\000\051}{section.8.4}% 154
\BOOKMARK [2][-]{subsection.8.4.3}{\376\377\000E\000x\000c\000e\000r\000p\000t\000:\000\040\000S\000M\000i\000L\000E}{section.8.4}% 155
\BOOKMARK [2][-]{subsection.8.4.4}{\376\377\000E\000x\000c\000e\000r\000p\000t\000:\000\040\000Y\000e\000s\000t\000e\000r\000d\000a\000y\000\040\000a\000n\000d\000\040\000G\000e\000o\000r\000g\000e\000\040\000M\000a\000r\000t\000i\000n\000\040\000\050\000B\000e\000a\000t\000l\000e\000s\000'\000\040\000p\000r\000o\000d\000u\000c\000e\000r\000\051}{section.8.4}% 156
\BOOKMARK [1][-]{section.8.5}{\376\377\000S\000g\000t\000.\000\040\000P\000e\000p\000p\000e\000r}{chapter.8}% 157
\BOOKMARK [2][-]{subsection.8.5.1}{\376\377\000E\000x\000c\000e\000r\000p\000t\000:\000\040\000A\000\040\000D\000a\000y\000\040\000i\000n\000\040\000t\000h\000e\000\040\000L\000i\000f\000e}{section.8.5}% 158
\BOOKMARK [1][-]{section.8.6}{\376\377\000L\000S\000D}{chapter.8}% 159
\BOOKMARK [2][-]{subsection.8.6.1}{\376\377\000E\000x\000c\000e\000r\000p\000t\000:\000\040\000K\000e\000n\000\040\000K\000e\000a\000s\000y}{section.8.6}% 160
\BOOKMARK [2][-]{subsection.8.6.2}{\376\377\000E\000x\000c\000e\000r\000p\000t\000:\000\040\000W\000h\000i\000t\000e\000\040\000R\000a\000b\000b\000i\000t\000\040\000\050\0001\0009\0006\0007\000\051}{section.8.6}% 161
\BOOKMARK [1][-]{section.8.7}{\376\377\000P\000i\000n\000k\000\040\000F\000l\000o\000y\000d}{chapter.8}% 162
\BOOKMARK [2][-]{subsection.8.7.1}{\376\377\000E\000x\000c\000e\000r\000p\000t\000:\000\040\000S\000y\000d\000\040\000B\000a\000r\000r\000e\000t\000t}{section.8.7}% 163
\BOOKMARK [2][-]{subsection.8.7.2}{\376\377\000E\000x\000c\000e\000r\000t\000p\000:\000\040\000M\000o\000n\000t\000e\000r\000e\000y\000\040\000F\000e\000s\000t\000i\000v\000a\000l}{section.8.7}% 164
\BOOKMARK [1][-]{section.8.8}{\376\377\000G\000u\000i\000t\000a\000r\000\040\000H\000e\000r\000o\000e\000s}{chapter.8}% 165
\BOOKMARK [2][-]{subsection.8.8.1}{\376\377\000E\000x\000c\000e\000r\000p\000t\000:\000\040\000H\000e\000n\000d\000r\000i\000x}{section.8.8}% 166
\BOOKMARK [1][-]{section.8.9}{\376\377\000L\000A\000-\000T\000h\000e\000\040\000D\000o\000o\000r\000s}{chapter.8}% 167
\BOOKMARK [1][-]{section.8.10}{\376\377\000A\000m\000e\000r\000i\000c\000a\000n\000a\000\040\000a\000n\000d\000\040\000T\000h\000e\000\040\000B\000a\000n\000d}{chapter.8}% 168
\BOOKMARK [2][-]{subsection.8.10.1}{\376\377\000E\000x\000c\000e\000r\000p\000t\000:\000\040\000T\000h\000e\000\040\000B\000a\000n\000d}{section.8.10}% 169
\BOOKMARK [1][-]{section.8.11}{\376\377\000W\000o\000o\000d\000s\000t\000o\000c\000k}{chapter.8}% 170
\BOOKMARK [0][-]{chapter.9}{\376\377\000A\000\040\000t\000o\000\040\000Z\000e\000p}{}% 171
\BOOKMARK [1][-]{section.9.1}{\376\377\000T\000h\000e\000\040\0001\0009\0007\0000\000s}{chapter.9}% 172
\BOOKMARK [2][-]{subsection.9.1.1}{\376\377\000E\000x\000c\000e\000r\000p\000t\000:\000\040\000W\000o\000m\000a\000n\000'\000s\000\040\000L\000i\000b}{section.9.1}% 173
\BOOKMARK [1][-]{section.9.2}{\376\377\000T\000V\000:\000\040\000A\000l\000l\000\040\000i\000n\000\040\000t\000h\000e\000\040\000F\000a\000m\000i\000l\000y}{chapter.9}% 174
\BOOKMARK [2][-]{subsection.9.2.1}{\376\377\000E\000p\000i\000s\000o\000d\000e}{section.9.2}% 175
\BOOKMARK [1][-]{section.9.3}{\376\377\000M\000u\000s\000i\000c\000\040\000o\000n\000\040\000T\000V}{chapter.9}% 176
\BOOKMARK [1][-]{section.9.4}{\376\377\000M\000u\000s\000i\000c\000a\000l\000\040\000T\000r\000e\000n\000d\000s}{chapter.9}% 177
\BOOKMARK [1][-]{section.9.5}{\376\377\000T\000h\000e\000\040\000H\000i\000p\000p\000i\000e\000\040\000A\000e\000s\000t\000h\000e\000t\000i\000c}{chapter.9}% 178
\BOOKMARK [1][-]{section.9.6}{\376\377\000B\000l\000u\000e\000s\000-\000B\000a\000s\000e\000d\000\040\000B\000r\000i\000t\000i\000s\000h\000\040\000R\000o\000c\000k}{chapter.9}% 179
\BOOKMARK [2][-]{subsection.9.6.1}{\376\377\000E\000x\000c\000e\000r\000p\000t\000:\000\040\000B\000r\000o\000w\000n\000\040\000S\000u\000g\000a\000r}{section.9.6}% 180
\BOOKMARK [1][-]{section.9.7}{\376\377\000R\000e\000c\000a\000l\000l\000\040\000t\000h\000e\000\040\000Y\000a\000r\000d\000b\000i\000r\000d\000s\000\040\000.\000.\000.}{chapter.9}% 181
\BOOKMARK [2][-]{subsection.9.7.1}{\376\377\000E\000x\000c\000e\000r\000p\000t\000:\000\040\000J\000o\000h\000n\000\040\000B\000o\000n\000h\000a\000m}{section.9.7}% 182
\BOOKMARK [1][-]{section.9.8}{\376\377\000S\000t\000a\000i\000r\000w\000a\000y\000\040\000t\000o\000\040\000H\000e\000a\000v\000e\000n}{chapter.9}% 183
\BOOKMARK [1][-]{section.9.9}{\376\377\000L\000e\000d\000\040\000Z\000e\000p\000p\000e\000l\000i\000n}{chapter.9}% 184
\BOOKMARK [1][-]{section.9.10}{\376\377\000D\000e\000e\000p\000\040\000P\000u\000r\000p\000l\000e}{chapter.9}% 185
\BOOKMARK [2][-]{subsection.9.10.1}{\376\377\000E\000x\000c\000e\000r\000p\000t\000:\000\040\000S\000m\000o\000k\000e\000\040\000o\000n\000\040\000t\000h\000e\000\040\000W\000a\000t\000e\000r\000\040\000r\000i\000f\000f}{section.9.10}% 186
\BOOKMARK [1][-]{section.9.11}{\376\377\000B\000l\000a\000c\000k\000\040\000S\000a\000b\000b\000a\000t\000h}{chapter.9}% 187
\BOOKMARK [1][-]{section.9.12}{\376\377\000T\000h\000e\000\040\000W\000h\000o}{chapter.9}% 188
\BOOKMARK [2][-]{subsection.9.12.1}{\376\377\000E\000x\000c\000e\000r\000p\000t\000:\000\040\0001\0009\0006\0007\000\040\000S\000m\000o\000t\000h\000e\000r\000s\000\040\000B\000r\000o\000t\000h\000e\000r\000s}{section.9.12}% 189
\BOOKMARK [2][-]{subsection.9.12.2}{\376\377\000E\000x\000c\000e\000r\000p\000t\000:\000\040\000K\000e\000i\000t\000h\000\040\000M\000o\000o\000n}{section.9.12}% 190
\BOOKMARK [1][-]{section.9.13}{\376\377\000`\000`\000B\000a\000b\000a\000\040\000O\000'\000\040\000R\000i\000l\000e\000y\000"\000\040\000\050\0001\0009\0007\0001\000\051}{chapter.9}% 191
\BOOKMARK [1][-]{section.9.14}{\376\377\000P\000i\000n\000k\000\040\000F\000l\000o\000y\000d}{chapter.9}% 192
\BOOKMARK [2][-]{subsection.9.14.1}{\376\377\000T\000h\000e\000\040\000D\000a\000r\000k\000\040\000S\000i\000d\000e\000\040\000o\000f\000\040\000t\000h\000e\000\040\000M\000o\000o\000n}{section.9.14}% 193
\BOOKMARK [1][-]{section.9.15}{\376\377\000A\000m\000e\000r\000i\000c\000a\000n\000\040\000B\000l\000u\000e\000s\000\040\000a\000n\000d\000\040\000S\000o\000u\000t\000h\000e\000r\000n\000\040\000R\000o\000c\000k}{chapter.9}% 194
\BOOKMARK [2][-]{subsection.9.15.1}{\376\377\000E\000x\000c\000e\000r\000t\000p\000:\000\040\000`\000`\000L\000a\000y\000l\000a\000"}{section.9.15}% 195
\BOOKMARK [1][-]{section.9.16}{\376\377\000L\000y\000n\000y\000r\000d\000\040\000S\000k\000y\000n\000y\000r\000d}{chapter.9}% 196
\BOOKMARK [1][-]{section.9.17}{\376\377\000O\000t\000h\000e\000r\000\040\000`\000`\000S\000o\000u\000t\000h\000e\000r\000n\000"\000\040\000R\000o\000c\000k}{chapter.9}% 197
\BOOKMARK [1][-]{section.9.18}{\376\377\000O\000t\000h\000e\000r\000\040\000A\000m\000e\000r\000i\000c\000a\000n\000\040\000B\000l\000u\000e\000s}{chapter.9}% 198
\BOOKMARK [1][-]{section.9.19}{\376\377\000P\000r\000o\000g\000r\000e\000s\000s\000i\000v\000e\000\040\000R\000O\000c\000k}{chapter.9}% 199
\BOOKMARK [2][-]{subsection.9.19.1}{\376\377\000R\000i\000c\000k\000\040\000W\000a\000k\000e\000m\000a\000n\000\040\000o\000f\000\040\000Y\000e\000s}{section.9.19}% 200
\BOOKMARK [2][-]{subsection.9.19.2}{\376\377\000E\000x\000c\000e\000r\000p\000t\000:\000\040\000K\000i\000n\000g\000\040\000C\000r\000i\000m\000s\000o\000n\000\040\000-\000\040\000`\000`\0002\0001\000s\000t\000\040\000C\000e\000n\000t\000u\000r\000y\000\040\000S\000c\000h\000i\000z\000o\000i\000d\000\040\000M\000a\000n\000"\000\040\000\050\0001\0009\0006\0009\000\051}{section.9.19}% 201
\BOOKMARK [1][-]{section.9.20}{\376\377\000J\000a\000z\000z\000\040\000I\000n\000f\000l\000u\000e\000n\000c\000e\000d}{chapter.9}% 202
\BOOKMARK [1][-]{section.9.21}{\376\377\000G\000l\000a\000m}{chapter.9}% 203
\BOOKMARK [2][-]{subsection.9.21.1}{\376\377\000A\000u\000t\000h\000e\000n\000t\000i\000c\000?}{section.9.21}% 204
\BOOKMARK [1][-]{section.9.22}{\376\377\000S\000i\000n\000g\000e\000r\000\040\000S\000o\000n\000g\000w\000r\000i\000t\000e\000r\000s}{chapter.9}% 205
\BOOKMARK [2][-]{subsection.9.22.1}{\376\377\000E\000m\000e\000r\000g\000i\000n\000g\000\040\000S\000i\000n\000g\000e\000r\000\040\000S\000o\000n\000g\000w\000r\000i\000t\000e\000r\000s}{section.9.22}% 206
\BOOKMARK [1][-]{section.9.23}{\376\377\000E\000l\000t\000o\000n\000\040\000J\000o\000h\000n}{chapter.9}% 207
\BOOKMARK [1][-]{section.9.24}{\376\377\000J\000o\000n\000i\000\040\000M\000i\000t\000c\000h\000e\000l\000l\000\040\000a\000n\000d\000\040\000N\000e\000i\000l\000\040\000Y\000o\000u\000n\000g\000\040\000\050\000C\000a\000n\000a\000d\000i\000a\000n\000s\000\051}{chapter.9}% 208
\BOOKMARK [1][-]{section.9.25}{\376\377\000`\000`\000B\000r\000o\000w\000n\000\040\000S\000u\000g\000a\000r\000"\000\040\000S\000t\000e\000r\000e\000o\000g\000u\000m\000\040\000a\000r\000t\000i\000c\000l\000e}{chapter.9}% 209
\BOOKMARK [1][-]{section.9.26}{\376\377\000`\000`\000H\000e\000a\000r\000t\000\040\000O\000f\000\040\000G\000o\000l\000d\000"\000\040\000S\000t\000e\000r\000e\000o\000g\000u\000m\000\040\000A\000r\000t\000i\000c\000l\000e}{chapter.9}% 210
\BOOKMARK [1][-]{section.9.27}{\376\377\000`\000`\000F\000a\000m\000e\000"\000\040\000S\000t\000e\000r\000e\000o\000g\000u\000m\000\040\000A\000r\000t\000i\000c\000l\000e}{chapter.9}% 211
\BOOKMARK [0][-]{chapter.10}{\376\377\000B\000l\000a\000c\000k\000\040\000P\000o\000p\000,\000\040\000F\000u\000n\000k\000,\000\040\000a\000n\000d\000\040\000t\000h\000e\000\040\000R\000o\000o\000t\000s\000\040\000o\000f\000\040\000R\000a\000p}{}% 212
\BOOKMARK [1][-]{section.10.1}{\376\377\000E\000x\000c\000e\000r\000p\000t\000:\000\040\000R\000i\000o\000t\000s}{chapter.10}% 213
\BOOKMARK [1][-]{section.10.2}{\376\377\000E\000x\000c\000e\000r\000p\000t\000:\000\040\000B\000l\000a\000c\000k\000\040\000D\000i\000g\000n\000i\000t\000y\000\040\000T\000V\000\040\000S\000h\000o\000w}{chapter.10}% 214
\BOOKMARK [1][-]{section.10.3}{\376\377\000F\000u\000n\000k}{chapter.10}% 215
\BOOKMARK [2][-]{subsection.10.3.1}{\376\377\000T\000i\000g\000e\000r\000\040\000R\000o\000h\000o\000l\000t\000:\000\040\000G\000r\000o\000o\000v\000e\000\040\000\050\0002\0000\0001\0004\000\051}{section.10.3}% 216
\BOOKMARK [2][-]{subsection.10.3.2}{\376\377\000T\000h\000e\000\040\000F\000u\000n\000k\000\040\000c\000o\000n\000t\000.}{section.10.3}% 217
\BOOKMARK [1][-]{section.10.4}{\376\377\000W\000h\000i\000t\000e\000\040\000R\000o\000c\000k}{chapter.10}% 218
\BOOKMARK [1][-]{section.10.5}{\376\377\000S\000l\000y\000\040\000a\000n\000d\000\040\000t\000h\000e\000\040\000F\000a\000m\000i\000l\000y\000\040\000S\000t\000o\000n\000e}{chapter.10}% 219
\BOOKMARK [2][-]{subsection.10.5.1}{\376\377\000E\000x\000c\000e\000r\000p\000t\000:\000\040\000S\000l\000y}{section.10.5}% 220
\BOOKMARK [1][-]{section.10.6}{\376\377\000F\000u\000n\000k\000\040\000F\000o\000l\000l\000o\000w\000e\000r\000s}{chapter.10}% 221
\BOOKMARK [1][-]{section.10.7}{\376\377\000W\000a\000r\000:\000\040\000E\000r\000i\000c\000\040\000B\000u\000r\000d\000o\000n\000\040\000G\000o\000e\000s\000\040\000F\000u\000n\000k}{chapter.10}% 222
\BOOKMARK [1][-]{section.10.8}{\376\377\000M\000o\000t\000o\000w\000n}{chapter.10}% 223
\BOOKMARK [2][-]{subsection.10.8.1}{\376\377\000M\000o\000t\000o\000w\000n\000:\000\040\000T\000h\000e\000\040\000C\000o\000m\000m\000o\000d\000o\000r\000e\000s}{section.10.8}% 224
\BOOKMARK [2][-]{subsection.10.8.2}{\376\377\000M\000o\000t\000o\000w\000n\000:\000\040\000M\000a\000r\000v\000i\000n\000\040\000G\000a\000y\000e}{section.10.8}% 225
\BOOKMARK [2][-]{subsection.10.8.3}{\376\377\000M\000o\000t\000o\000w\000n\000:\000\040\000S\000t\000e\000v\000i\000e\000\040\000W\000o\000n\000d\000e\000r}{section.10.8}% 226
\BOOKMARK [1][-]{section.10.9}{\376\377\000B\000l\000a\000x\000p\000l\000o\000i\000t\000a\000t\000i\000o\000n}{chapter.10}% 227
\BOOKMARK [1][-]{section.10.10}{\376\377\000G\000e\000o\000r\000g\000e\000\040\000C\000l\000i\000n\000t\000o\000n}{chapter.10}% 228
\BOOKMARK [2][-]{subsection.10.10.1}{\376\377\000E\000x\000c\000e\000r\000p\000t\000:\000\040\000`\000`\000T\000e\000a\000r\000\040\000t\000h\000e\000\040\000R\000o\000o\000f\000\040\000O\000f\000f\000"}{section.10.10}% 229
\BOOKMARK [2][-]{subsection.10.10.2}{\376\377\000B\000a\000m\000\040\000o\000n\000\040\000F\000u\000n\000k}{section.10.10}% 230
\BOOKMARK [1][-]{section.10.11}{\376\377\000H\000i\000p\000-\000H\000o\000p}{chapter.10}% 231
\BOOKMARK [2][-]{subsection.10.11.1}{\376\377\000E\000x\000c\000e\000r\000p\000t\000:\000\040\000C\000h\000u\000c\000k\000\040\000D}{section.10.11}% 232
\BOOKMARK [1][-]{section.10.12}{\376\377\000T\000h\000e\000\040\000B\000r\000o\000n\000x}{chapter.10}% 233
\BOOKMARK [2][-]{subsection.10.12.1}{\376\377\000T\000h\000e\000\040\000B\000r\000o\000n\000x\000\040\000i\000n\000\040\000D\000e\000c\000l\000i\000n\000e}{section.10.12}% 234
\BOOKMARK [2][-]{subsection.10.12.2}{\376\377\000T\000h\000e\000\040\000B\000r\000o\000n\000x\000\040\000o\000n\000\040\000F\000i\000r\000e}{section.10.12}% 235
\BOOKMARK [2][-]{subsection.10.12.3}{\376\377\0001\0009\0006\0008\000:\000\040\000H\000e\000r\000o\000i\000n\000\040\000I\000n\000f\000l\000u\000x}{section.10.12}% 236
\BOOKMARK [1][-]{section.10.13}{\376\377\000D\000J\000\040\000K\000o\000o\000l\000\040\000H\000e\000r\000c}{chapter.10}% 237
\BOOKMARK [2][-]{subsection.10.13.1}{\376\377\000H\000e\000r\000c\000'\000s\000\040\000M\000e\000t\000h\000o\000d}{section.10.13}% 238
\BOOKMARK [1][-]{section.10.14}{\376\377\000T\000h\000e\000\040\000J\000e\000f\000f\000e\000r\000s\000o\000n\000s}{chapter.10}% 239
\BOOKMARK [2][-]{subsection.10.14.1}{\376\377\000E\000p\000i\000s\000o\000d\000e\000:\000\040\000`\000`\000T\000h\000e\000\040\000B\000l\000a\000c\000k\000o\000u\000t\000"\000\040\000\050\0001\0009\0007\0008\000\051}{section.10.14}% 240
\BOOKMARK [1][-]{section.10.15}{\376\377\000F\000l\000a\000s\000h\000:\000\040\000D\000J\000i\000n\000g\000\040\000a\000s\000\040\000C\000o\000m\000p\000o\000s\000i\000t\000i\000o\000n}{chapter.10}% 241
\BOOKMARK [2][-]{subsection.10.15.1}{\376\377\000E\000x\000c\000e\000r\000p\000t\000:\000\040\000F\000l\000a\000s\000h}{section.10.15}% 242
\BOOKMARK [2][-]{subsection.10.15.2}{\376\377\000Q\000u\000i\000c\000k\000-\000M\000i\000x\000\040\000T\000h\000e\000o\000r\000y}{section.10.15}% 243
\BOOKMARK [2][-]{subsection.10.15.3}{\376\377\000F\000l\000a\000s\000h\000'\000s\000\040\000C\000l\000o\000c\000k\000\040\000T\000h\000e\000o\000r\000y}{section.10.15}% 244
\BOOKMARK [2][-]{subsection.10.15.4}{\376\377\000F\000l\000a\000s\000h\000\040\000o\000n\000\040\000R\000e\000c\000o\000r\000d}{section.10.15}% 245
\BOOKMARK [1][-]{section.10.16}{\376\377\000J\000o\000s\000e\000p\000h\000\040\000S\000c\000h\000l\000o\000s\000s}{chapter.10}% 246
\BOOKMARK [1][-]{section.10.17}{\376\377\000A\000f\000r\000i\000k\000a\000\040\000B\000a\000m\000b\000a\000a\000t\000a\000a}{chapter.10}% 247
\BOOKMARK [2][-]{subsection.10.17.1}{\376\377\000E\000x\000c\000e\000r\000p\000t\000:\000\040\000G\000r\000a\000f\000f\000i\000t\000i}{section.10.17}% 248
\BOOKMARK [1][-]{section.10.18}{\376\377\000T\000o\000w\000a\000r\000d\000s\000\040\000R\000a\000p\000.\000.\000.}{chapter.10}% 249
\BOOKMARK [2][-]{subsection.10.18.1}{\376\377\000E\000x\000c\000e\000r\000p\000t\000:\000\040\000R\000a\000p}{section.10.18}% 250
\BOOKMARK [1][-]{section.10.19}{\376\377\000`\000`\000E\000v\000e\000r\000y\000d\000a\000y\000\040\000P\000e\000o\000p\000l\000e\000"\000\040\000S\000t\000e\000r\000e\000o\000g\000u\000m\000\040\000A\000r\000t\000i\000c\000l\000e}{chapter.10}% 251
\BOOKMARK [1][-]{section.10.20}{\376\377\000`\000`\000I\000\040\000W\000a\000n\000t\000\040\000Y\000o\000u\000\040\000B\000a\000c\000k\000"\000\040\000S\000t\000e\000r\000e\000o\000g\000u\000m\000\040\000A\000r\000t\000i\000c\000l\000e}{chapter.10}% 252
\BOOKMARK [1][-]{section.10.21}{\376\377\000`\000`\000T\000h\000e\000m\000e\000\040\000F\000r\000o\000m\000\040\000S\000h\000a\000f\000t\000"\000\040\000S\000t\000e\000r\000e\000o\000g\000u\000m\000\040\000A\000r\000t\000i\000c\000l\000e}{chapter.10}% 253
\BOOKMARK [1][-]{section.10.22}{\376\377\000`\000`\000P\000a\000p\000a\000\040\000W\000a\000s\000\040\000a\000\040\000R\000o\000l\000l\000i\000n\000'\000\040\000S\000t\000o\000n\000e\000"\000\040\000S\000t\000e\000r\000e\000o\000g\000u\000m\000\040\000A\000r\000t\000i\000c\000l\000e}{chapter.10}% 254
\BOOKMARK [1][-]{section.10.23}{\376\377\000`\000`\000S\000u\000p\000e\000r\000s\000t\000i\000t\000i\000o\000n\000"\000\040\000S\000t\000e\000r\000e\000o\000g\000u\000m\000\040\000A\000r\000t\000i\000c\000l\000e}{chapter.10}% 255
