\BOOKMARK [1][-]{section.1}{Matrix Basics}{}% 1
\BOOKMARK [2][-]{subsection.1.1}{Determinants}{section.1}% 2
\BOOKMARK [2][-]{subsection.1.2}{Permutation Matrices}{section.1}% 3
\BOOKMARK [1][-]{section.2}{Groups}{}% 4
\BOOKMARK [2][-]{subsection.2.1}{Intro to Groups}{section.2}% 5
\BOOKMARK [2][-]{subsection.2.2}{Subgroups}{section.2}% 6
\BOOKMARK [2][-]{subsection.2.3}{Group Homomorphisms}{section.2}% 7
\BOOKMARK [3][-]{subsubsection.2.3.1}{Textbook}{subsection.2.3}% 8
\BOOKMARK [3][-]{subsubsection.2.3.2}{Lecture}{subsection.2.3}% 9
\BOOKMARK [2][-]{subsection.2.4}{Cosets}{section.2}% 10
\BOOKMARK [3][-]{subsubsection.2.4.1}{Textbook}{subsection.2.4}% 11
\BOOKMARK [3][-]{subsubsection.2.4.2}{Lecture}{subsection.2.4}% 12
\BOOKMARK [2][-]{subsection.2.5}{Simple Groups}{section.2}% 13
\BOOKMARK [2][-]{subsection.2.6}{Restriction of Homomorphisms}{section.2}% 14
\BOOKMARK [2][-]{subsection.2.7}{Product of Groups}{section.2}% 15
\BOOKMARK [2][-]{subsection.2.8}{Modular Arithmetic}{section.2}% 16
\BOOKMARK [2][-]{subsection.2.9}{Quotient Groups}{section.2}% 17
\BOOKMARK [3][-]{subsubsection.2.9.1}{Textbook}{subsection.2.9}% 18
\BOOKMARK [3][-]{subsubsection.2.9.2}{Lecture}{subsection.2.9}% 19
\BOOKMARK [2][-]{subsection.2.10}{Short Exact Sequences of Groups}{section.2}% 20
\BOOKMARK [2][-]{subsection.2.11}{Actions of a Group on Itself}{section.2}% 21
\BOOKMARK [3][-]{subsubsection.2.11.1}{Textbook}{subsection.2.11}% 22
\BOOKMARK [3][-]{subsubsection.2.11.2}{Lecture}{subsection.2.11}% 23
\BOOKMARK [2][-]{subsection.2.12}{Operations on Subsets}{section.2}% 24
\BOOKMARK [3][-]{subsubsection.2.12.1}{Textbook}{subsection.2.12}% 25
\BOOKMARK [2][-]{subsection.2.13}{The Sylow Theorems}{section.2}% 26
\BOOKMARK [3][-]{subsubsection.2.13.1}{Textbook}{subsection.2.13}% 27
\BOOKMARK [3][-]{subsubsection.2.13.2}{Lecture}{subsection.2.13}% 28
\BOOKMARK [2][-]{subsection.2.14}{Applications of the Sylow Theorems}{section.2}% 29
\BOOKMARK [3][-]{subsubsection.2.14.1}{Lecture}{subsection.2.14}% 30
\BOOKMARK [2][-]{subsection.2.15}{Symmetric Group}{section.2}% 31
\BOOKMARK [3][-]{subsubsection.2.15.1}{Textbook}{subsection.2.15}% 32
\BOOKMARK [3][-]{subsubsection.2.15.2}{Lecture}{subsection.2.15}% 33
\BOOKMARK [2][-]{subsection.2.16}{Little Review}{section.2}% 34
\BOOKMARK [3][-]{subsubsection.2.16.1}{Applications of the Sylow Theorems}{subsection.2.16}% 35
\BOOKMARK [3][-]{subsubsection.2.16.2}{Notes on A5}{subsection.2.16}% 36
\BOOKMARK [3][-]{subsubsection.2.16.3}{Notes on An}{subsection.2.16}% 37
\BOOKMARK [1][-]{section.3}{Vector Spaces}{}% 38
\BOOKMARK [2][-]{subsection.3.1}{Field Definitions}{section.3}% 39
\BOOKMARK [2][-]{subsection.3.2}{Vector Spaces over Arbitrary Fields}{section.3}% 40
\BOOKMARK [2][-]{subsection.3.3}{Bases and Dimension}{section.3}% 41
\BOOKMARK [3][-]{subsubsection.3.3.1}{Textbook}{subsection.3.3}% 42
\BOOKMARK [3][-]{subsubsection.3.3.2}{Lecture}{subsection.3.3}% 43
\BOOKMARK [2][-]{subsection.3.4}{Bases and Computation}{section.3}% 44
\BOOKMARK [3][-]{subsubsection.3.4.1}{Textbook}{subsection.3.4}% 45
\BOOKMARK [3][-]{subsubsection.3.4.2}{Lecture}{subsection.3.4}% 46
\BOOKMARK [2][-]{subsection.3.5}{The Dimension Formula}{section.3}% 47
\BOOKMARK [3][-]{subsubsection.3.5.1}{Textbook}{subsection.3.5}% 48
\BOOKMARK [2][-]{subsection.3.6}{Matrix of a Linear Transformation}{section.3}% 49
\BOOKMARK [3][-]{subsubsection.3.6.1}{Textbook}{subsection.3.6}% 50
\BOOKMARK [2][-]{subsection.3.7}{Bases and Linear Operators}{section.3}% 51
\BOOKMARK [3][-]{subsubsection.3.7.1}{Textbook}{subsection.3.7}% 52
\BOOKMARK [3][-]{subsubsection.3.7.2}{Lecture}{subsection.3.7}% 53
\BOOKMARK [2][-]{subsection.3.8}{Orthogonal Matrices and Groups}{section.3}% 54
\BOOKMARK [3][-]{subsubsection.3.8.1}{Textbook}{subsection.3.8}% 55
\BOOKMARK [3][-]{subsubsection.3.8.2}{Lecture}{subsection.3.8}% 56
\BOOKMARK [1][-]{section.4}{Symmetry}{}% 57
\BOOKMARK [2][-]{subsection.4.1}{Groups of Motions}{section.4}% 58
\BOOKMARK [3][-]{subsubsection.4.1.1}{Textbook}{subsection.4.1}% 59
\BOOKMARK [3][-]{subsubsection.4.1.2}{Lecture}{subsection.4.1}% 60
\BOOKMARK [2][-]{subsection.4.2}{Finite Groups of Motion}{section.4}% 61
\BOOKMARK [3][-]{subsubsection.4.2.1}{Textbook}{subsection.4.2}% 62
\BOOKMARK [3][-]{subsubsection.4.2.2}{Lecture}{subsection.4.2}% 63
\BOOKMARK [2][-]{subsection.4.3}{Discrete Groups}{section.4}% 64
\BOOKMARK [3][-]{subsubsection.4.3.1}{Textbook}{subsection.4.3}% 65
\BOOKMARK [3][-]{subsubsection.4.3.2}{Lecture}{subsection.4.3}% 66
\BOOKMARK [2][-]{subsection.4.4}{Abstract Symmetry: Group Operations}{section.4}% 67
\BOOKMARK [3][-]{subsubsection.4.4.1}{Textbook}{subsection.4.4}% 68
\BOOKMARK [3][-]{subsubsection.4.4.2}{Lecture}{subsection.4.4}% 69
\BOOKMARK [2][-]{subsection.4.5}{Counting Formula}{section.4}% 70
\BOOKMARK [3][-]{subsubsection.4.5.1}{Textbook}{subsection.4.5}% 71
\BOOKMARK [3][-]{subsubsection.4.5.2}{Lecture}{subsection.4.5}% 72
\BOOKMARK [2][-]{subsection.4.6}{Regular Solids}{section.4}% 73
\BOOKMARK [1][-]{section.5}{Rings}{}% 74
\BOOKMARK [2][-]{subsection.5.1}{Basic Definitions for Rings}{section.5}% 75
\BOOKMARK [3][-]{subsubsection.5.1.1}{Textbook}{subsection.5.1}% 76
\BOOKMARK [3][-]{subsubsection.5.1.2}{Lecture}{subsection.5.1}% 77
\BOOKMARK [2][-]{subsection.5.2}{Construction of Polynomials and the Integers}{section.5}% 78
\BOOKMARK [3][-]{subsubsection.5.2.1}{Textbook}{subsection.5.2}% 79
\BOOKMARK [2][-]{subsection.5.3}{Ring Homomorphisms and Ideals}{section.5}% 80
\BOOKMARK [3][-]{subsubsection.5.3.1}{Textbook}{subsection.5.3}% 81
\BOOKMARK [3][-]{subsubsection.5.3.2}{Lecture}{subsection.5.3}% 82
\BOOKMARK [2][-]{subsection.5.4}{Quotient Rings and Relations}{section.5}% 83
\BOOKMARK [3][-]{subsubsection.5.4.1}{Textbook}{subsection.5.4}% 84
\BOOKMARK [3][-]{subsubsection.5.4.2}{Lecture}{subsection.5.4}% 85
\BOOKMARK [2][-]{subsection.5.5}{Adjunction of Elements}{section.5}% 86
\BOOKMARK [3][-]{subsubsection.5.5.1}{Textbook}{subsection.5.5}% 87
\BOOKMARK [3][-]{subsubsection.5.5.2}{Lecture}{subsection.5.5}% 88
\BOOKMARK [2][-]{subsection.5.6}{Integral Domains and Fraction Fields}{section.5}% 89
\BOOKMARK [3][-]{subsubsection.5.6.1}{Textbook}{subsection.5.6}% 90
\BOOKMARK [3][-]{subsubsection.5.6.2}{Lecture}{subsection.5.6}% 91
\BOOKMARK [1][-]{section.6}{Factorization}{}% 92
\BOOKMARK [2][-]{subsection.6.1}{Factorization of Integers and Polynomials}{section.6}% 93
\BOOKMARK [3][-]{subsubsection.6.1.1}{Textbook}{subsection.6.1}% 94
\BOOKMARK [3][-]{subsubsection.6.1.2}{Lecture}{subsection.6.1}% 95
\BOOKMARK [2][-]{subsection.6.2}{UFD's, PID's, and Euclidean Domains}{section.6}% 96
\BOOKMARK [3][-]{subsubsection.6.2.1}{Textbook}{subsection.6.2}% 97
\BOOKMARK [3][-]{subsubsection.6.2.2}{Lecture}{subsection.6.2}% 98
\BOOKMARK [2][-]{subsection.6.3}{Gauss's Lemma}{section.6}% 99
\BOOKMARK [3][-]{subsubsection.6.3.1}{Textbook}{subsection.6.3}% 100
\BOOKMARK [3][-]{subsubsection.6.3.2}{Lecture}{subsection.6.3}% 101
\BOOKMARK [2][-]{subsection.6.4}{Explicit Factorization of Polynomials}{section.6}% 102
\BOOKMARK [3][-]{subsubsection.6.4.1}{Textbook}{subsection.6.4}% 103
\BOOKMARK [2][-]{subsection.6.5}{Primes in the Gaussian Integers}{section.6}% 104
\BOOKMARK [3][-]{subsubsection.6.5.1}{Textbook}{subsection.6.5}% 105
\BOOKMARK [3][-]{subsubsection.6.5.2}{Lecture}{subsection.6.5}% 106
\BOOKMARK [2][-]{subsection.6.6}{Algebraic Integers}{section.6}% 107
\BOOKMARK [3][-]{subsubsection.6.6.1}{Textbook}{subsection.6.6}% 108
\BOOKMARK [3][-]{subsubsection.6.6.2}{Lecture}{subsection.6.6}% 109
\BOOKMARK [2][-]{subsection.6.7}{Factorization in Imaginary Quadratic Fields}{section.6}% 110
\BOOKMARK [3][-]{subsubsection.6.7.1}{Lecture}{subsection.6.7}% 111
\BOOKMARK [2][-]{subsection.6.8}{Ideal Factorization}{section.6}% 112
\BOOKMARK [3][-]{subsubsection.6.8.1}{Textbook}{subsection.6.8}% 113
\BOOKMARK [3][-]{subsubsection.6.8.2}{Lecture}{subsection.6.8}% 114
\BOOKMARK [2][-]{subsection.6.9}{Ideal Classes in Imaginary Quadratic Fields}{section.6}% 115
\BOOKMARK [3][-]{subsubsection.6.9.1}{Textbook}{subsection.6.9}% 116
\BOOKMARK [3][-]{subsubsection.6.9.2}{Lecture}{subsection.6.9}% 117
\BOOKMARK [2][-]{subsection.6.10}{Special Lecture}{section.6}% 118
\BOOKMARK [1][-]{section.7}{General Review}{}% 119
\BOOKMARK [2][-]{subsection.7.1}{Motions}{section.7}% 120
\BOOKMARK [2][-]{subsection.7.2}{Group Actions}{section.7}% 121
\BOOKMARK [2][-]{subsection.7.3}{Sylow Theory}{section.7}% 122
\BOOKMARK [2][-]{subsection.7.4}{Conjugacy in Sn}{section.7}% 123
\BOOKMARK [2][-]{subsection.7.5}{Ring Theory}{section.7}% 124
\BOOKMARK [3][-]{subsubsection.7.5.1}{Relations}{subsection.7.5}% 125
