\BOOKMARK [0][-]{chapter.1}{\376\377\000G\000e\000o\000m\000e\000t\000r\000y\000\040\000o\000f\000\040\000R\000e\000l\000a\000t\000i\000v\000i\000t\000y}{}% 1
\BOOKMARK [1][-]{section.1.1}{\376\377\000G\000r\000a\000v\000i\000t\000y\000\040\000a\000n\000d\000\040\000G\000e\000o\000m\000e\000t\000r\000y}{chapter.1}% 2
\BOOKMARK [1][-]{section.1.2}{\376\377\000E\000x\000p\000e\000r\000i\000m\000e\000n\000t\000s\000\040\000i\000n\000\040\000G\000e\000o\000m\000e\000t\000r\000y}{chapter.1}% 3
\BOOKMARK [1][-]{section.1.3}{\376\377\000D\000i\000f\000f\000e\000r\000e\000n\000t\000\040\000G\000e\000o\000m\000e\000t\000r\000i\000e\000s}{chapter.1}% 4
\BOOKMARK [1][-]{section.1.4}{\376\377\000S\000p\000e\000c\000i\000f\000y\000i\000n\000g\000\040\000G\000e\000o\000m\000e\000t\000r\000y}{chapter.1}% 5
\BOOKMARK [1][-]{section.1.5}{\376\377\000C\000o\000o\000r\000d\000i\000n\000a\000t\000e\000s\000\040\000a\000n\000d\000\040\000L\000i\000n\000e\000\040\000E\000l\000e\000m\000e\000n\000t}{chapter.1}% 6
\BOOKMARK [2][-]{subsection.1.5.1}{\376\377\000T\000h\000e\000\040\000E\000u\000c\000l\000i\000d\000e\000a\000n\000\040\000G\000e\000o\000m\000e\000t\000r\000y\000\040\000o\000f\000\040\000a\000\040\000P\000l\000a\000n\000e}{section.1.5}% 7
\BOOKMARK [1][-]{section.1.6}{\376\377\000T\000h\000e\000\040\000N\000o\000n\000-\000E\000u\000c\000l\000i\000d\000e\000a\000n\000\040\000G\000e\000o\000m\000e\000t\000r\000y\000\040\000o\000f\000\040\000a\000\040\000S\000p\000h\000e\000r\000e}{chapter.1}% 8
\BOOKMARK [1][-]{section.1.7}{\376\377\000T\000h\000e\000\040\000G\000e\000o\000m\000e\000t\000r\000y\000\040\000o\000f\000\040\000M\000o\000r\000e\000\040\000G\000e\000n\000e\000r\000a\000l\000\040\000S\000u\000r\000f\000a\000c\000e\000s}{chapter.1}% 9
\BOOKMARK [1][-]{section.1.8}{\376\377\000C\000o\000o\000r\000d\000i\000n\000a\000t\000e\000s\000\040\000a\000n\000d\000\040\000I\000n\000v\000a\000r\000i\000a\000n\000c\000e}{chapter.1}% 10
\BOOKMARK [1][-]{section.1.8}{\376\377\000P\000r\000o\000b\000l\000e\000m\000s}{chapter.1}% 11
\BOOKMARK [0][-]{chapter.2}{\376\377\000P\000r\000i\000n\000c\000i\000p\000l\000e\000s\000\040\000o\000f\000\040\000S\000p\000e\000c\000i\000a\000l\000\040\000R\000e\000l\000a\000t\000i\000v\000i\000t\000y}{}% 12
\BOOKMARK [1][-]{section.2.1}{\376\377\000A\000d\000d\000i\000t\000i\000o\000n\000\040\000o\000f\000\040\000V\000e\000l\000o\000c\000i\000t\000i\000e\000s\000\040\000a\000n\000d\000\040\000M\000i\000c\000h\000e\000l\000s\000o\000n\000-\000M\000o\000r\000l\000e\000y\000\040\000E\000x\000p\000e\000r\000i\000m\000e\000n\000t}{chapter.2}% 13
\BOOKMARK [1][-]{section.2.2}{\376\377\000E\000i\000n\000s\000t\000e\000i\000n\000'\000s\000\040\000R\000e\000s\000o\000l\000u\000t\000i\000o\000n}{chapter.2}% 14
\BOOKMARK [1][-]{section.2.3}{\376\377\000S\000p\000a\000c\000e\000t\000i\000m\000e}{chapter.2}% 15
\BOOKMARK [2][-]{subsection.2.3.1}{\376\377\000S\000p\000a\000c\000e\000t\000i\000m\000e\000\040\000D\000i\000a\000g\000r\000a\000m\000s}{section.2.3}% 16
\BOOKMARK [2][-]{subsection.2.3.2}{\376\377\000T\000h\000e\000\040\000G\000e\000o\000m\000e\000t\000r\000y\000\040\000o\000f\000\040\000F\000l\000a\000t\000\040\000S\000p\000a\000c\000e\000t\000i\000m\000e}{section.2.3}% 17
\BOOKMARK [2][-]{subsection.2.3.3}{\376\377\000L\000i\000g\000h\000t\000\040\000C\000o\000n\000e\000s}{section.2.3}% 18
\BOOKMARK [1][-]{section.2.4}{\376\377\000T\000i\000m\000e\000\040\000D\000i\000l\000a\000t\000i\000o\000n\000\040\000a\000n\000d\000\040\000t\000h\000e\000\040\000T\000w\000i\000n\000\040\000P\000a\000r\000a\000d\000o\000x}{chapter.2}% 19
\BOOKMARK [2][-]{subsection.2.4.1}{\376\377\000T\000i\000m\000e\000\040\000D\000i\000l\000a\000t\000i\000o\000n}{section.2.4}% 20
\BOOKMARK [2][-]{subsection.2.4.2}{\376\377\000T\000h\000e\000\040\000T\000w\000i\000n\000\040\000P\000a\000r\000a\000d\000o\000x}{section.2.4}% 21
\BOOKMARK [1][-]{section.2.5}{\376\377\000L\000o\000r\000e\000n\000t\000z\000\040\000B\000o\000o\000s\000t\000s}{chapter.2}% 22
\BOOKMARK [2][-]{subsection.2.5.1}{\376\377\000T\000h\000e\000\040\000C\000o\000n\000n\000e\000c\000t\000i\000o\000n\000\040\000B\000e\000t\000w\000e\000e\000n\000\040\000I\000n\000e\000r\000t\000i\000a\000l\000\040\000F\000r\000a\000m\000e\000s}{section.2.5}% 23
\BOOKMARK [2][-]{subsection.2.5.2}{\376\377\000T\000h\000e\000\040\000R\000e\000l\000a\000t\000i\000v\000i\000t\000y\000\040\000o\000f\000\040\000S\000i\000m\000u\000l\000t\000a\000n\000e\000i\000t\000y}{section.2.5}% 24
\BOOKMARK [2][-]{subsection.2.5.3}{\376\377\000L\000o\000r\000e\000n\000t\000z\000\040\000C\000o\000n\000t\000r\000a\000c\000t\000i\000o\000n}{section.2.5}% 25
\BOOKMARK [2][-]{subsection.2.5.4}{\376\377\000A\000d\000d\000i\000t\000i\000o\000n\000\040\000o\000f\000\040\000V\000e\000l\000o\000c\000i\000t\000i\000e\000s}{section.2.5}% 26
\BOOKMARK [1][-]{section.2.6}{\376\377\000U\000n\000i\000t\000s}{chapter.2}% 27
\BOOKMARK [1][-]{section.2.6}{\376\377\000P\000r\000o\000b\000l\000e\000m\000s}{chapter.2}% 28
\BOOKMARK [0][-]{chapter.3}{\376\377\000S\000p\000e\000c\000i\000a\000l\000\040\000R\000e\000l\000a\000t\000i\000v\000i\000s\000t\000i\000c\000\040\000M\000e\000c\000h\000a\000n\000i\000c\000s}{}% 29
\BOOKMARK [1][-]{section.3.1}{\376\377\000F\000o\000u\000r\000-\000V\000e\000c\000t\000o\000r\000s}{chapter.3}% 30
\BOOKMARK [2][-]{subsection.3.1.1}{\376\377\000B\000a\000s\000i\000s\000\040\000F\000o\000u\000r\000-\000V\000e\000c\000o\000t\000r\000s}{section.3.1}% 31
\BOOKMARK [2][-]{subsection.3.1.2}{\376\377\000S\000c\000a\000l\000a\000r\000\040\000P\000r\000o\000d\000u\000c\000t}{section.3.1}% 32
\BOOKMARK [1][-]{section.3.2}{\376\377\000S\000p\000e\000c\000i\000a\000l\000\040\000R\000e\000l\000a\000t\000i\000v\000i\000s\000t\000i\000c\000\040\000K\000i\000n\000e\000m\000a\000t\000i\000c\000s}{chapter.3}% 33
\BOOKMARK [1][-]{section.3.3}{\376\377\000S\000p\000e\000c\000i\000a\000l\000\040\000R\000e\000l\000a\000t\000i\000v\000i\000s\000t\000i\000c\000\040\000D\000y\000n\000a\000m\000i\000c\000s}{chapter.3}% 34
\BOOKMARK [2][-]{subsection.3.3.1}{\376\377\000E\000q\000u\000a\000t\000i\000o\000n\000\040\000o\000f\000\040\000M\000o\000t\000i\000o\000n}{section.3.3}% 35
\BOOKMARK [2][-]{subsection.3.3.2}{\376\377\000E\000n\000e\000r\000g\000y\000-\000M\000o\000m\000e\000n\000t\000u\000m}{section.3.3}% 36
\BOOKMARK [1][-]{section.3.4}{\376\377\000V\000a\000r\000i\000a\000t\000i\000o\000n\000a\000l\000\040\000P\000r\000i\000n\000c\000i\000p\000l\000e\000\040\000f\000o\000r\000\040\000N\000e\000w\000t\000o\000n\000i\000a\000n\000\040\000M\000e\000c\000h\000a\000n\000i\000c\000s}{chapter.3}% 37
\BOOKMARK [1][-]{section.3.5}{\376\377\000V\000a\000r\000i\000a\000t\000i\000o\000n\000a\000l\000\040\000P\000r\000i\000n\000c\000i\000p\000l\000e\000\040\000f\000o\000r\000\040\000F\000r\000e\000e\000\040\000P\000a\000r\000t\000i\000c\000l\000e\000\040\000M\000o\000t\000i\000o\000n}{chapter.3}% 38
\BOOKMARK [1][-]{section.3.6}{\376\377\000L\000i\000g\000h\000t\000\040\000R\000a\000y\000s}{chapter.3}% 39
\BOOKMARK [2][-]{subsection.3.6.1}{\376\377\000Z\000e\000r\000o\000\040\000R\000e\000s\000t\000\040\000M\000a\000s\000s\000\040\000P\000a\000r\000t\000i\000c\000l\000e\000s}{section.3.6}% 40
\BOOKMARK [2][-]{subsection.3.6.2}{\376\377\000E\000n\000e\000r\000g\000y\000,\000\040\000M\000o\000m\000e\000n\000t\000u\000m\000,\000\040\000F\000r\000e\000q\000u\000e\000n\000c\000y\000,\000\040\000a\000n\000d\000\040\000W\000a\000v\000e\000\040\000V\000e\000c\000t\000o\000r}{section.3.6}% 41
\BOOKMARK [2][-]{subsection.3.6.3}{\376\377\000D\000o\000p\000p\000l\000e\000r\000\040\000S\000h\000i\000f\000t\000\040\000a\000n\000d\000\040\000R\000e\000l\000a\000t\000i\000v\000i\000s\000t\000i\000c\000\040\000B\000e\000a\000m\000i\000n\000g}{section.3.6}% 42
\BOOKMARK [1][-]{section.3.7}{\376\377\000O\000b\000s\000e\000r\000v\000e\000r\000s\000\040\000a\000n\000d\000\040\000O\000b\000s\000e\000r\000v\000a\000t\000i\000o\000n\000s}{chapter.3}% 43
\BOOKMARK [1][-]{tcb@cnt@eg.3.7.3}{\376\377\000A\000p\000p\000e\000n\000d\000i\000x}{chapter.3}% 44
\BOOKMARK [2][-]{subsection.3.7.1}{\376\377\000M\000a\000g\000n\000e\000t\000i\000s\000m\000\040\000a\000s\000\040\000a\000\040\000R\000e\000l\000a\000t\000i\000v\000i\000s\000t\000i\000c\000\040\000P\000h\000e\000n\000o\000m\000e\000n\000o\000n}{tcb@cnt@eg.3.7.3}% 45
\BOOKMARK [2][-]{subsection.3.7.2}{\376\377\000H\000o\000w\000\040\000t\000h\000e\000\040\000F\000i\000e\000l\000d\000s\000\040\000T\000r\000a\000n\000s\000f\000o\000r\000m}{tcb@cnt@eg.3.7.3}% 46
\BOOKMARK [2][-]{subsection.3.7.3}{\376\377\000T\000h\000e\000\040\000F\000i\000e\000l\000d\000\040\000T\000e\000n\000s\000o\000r}{tcb@cnt@eg.3.7.3}% 47
\BOOKMARK [1][-]{tcb@cnt@nthm.3.7.1}{\376\377\000P\000r\000o\000b\000l\000e\000m\000s}{chapter.3}% 48
\BOOKMARK [0][-]{chapter.4}{\376\377\000G\000r\000a\000v\000i\000t\000y\000\040\000a\000s\000\040\000G\000e\000o\000m\000e\000t\000r\000y}{}% 49
\BOOKMARK [1][-]{section.4.1}{\376\377\000T\000h\000e\000\040\000E\000q\000u\000i\000v\000a\000l\000e\000n\000c\000e\000\040\000P\000r\000i\000n\000c\000i\000p\000l\000e}{chapter.4}% 50
\BOOKMARK [1][-]{section.4.2}{\376\377\000C\000l\000o\000c\000k\000s\000\040\000i\000n\000\040\000a\000\040\000G\000r\000a\000v\000i\000t\000a\000t\000i\000o\000n\000a\000l\000\040\000F\000i\000e\000l\000d}{chapter.4}% 51
\BOOKMARK [1][-]{section.4.3}{\376\377\000T\000h\000e\000\040\000G\000l\000o\000b\000a\000l\000\040\000P\000o\000s\000i\000t\000i\000o\000n\000i\000n\000g\000\040\000S\000y\000s\000t\000e\000m}{chapter.4}% 52
\BOOKMARK [1][-]{section.4.4}{\376\377\000S\000p\000a\000c\000e\000t\000i\000m\000e\000\040\000i\000s\000\040\000C\000u\000r\000v\000e\000d}{chapter.4}% 53
\BOOKMARK [1][-]{section.4.5}{\376\377\000N\000e\000w\000t\000o\000n\000i\000a\000n\000\040\000G\000r\000a\000v\000i\000t\000y\000\040\000i\000n\000\040\000S\000p\000a\000c\000e\000t\000i\000m\000e\000\040\000T\000e\000r\000m\000s}{chapter.4}% 54
\BOOKMARK [2][-]{subsection.4.5.1}{\376\377\000R\000a\000t\000e\000s\000\040\000o\000f\000\040\000E\000m\000i\000s\000s\000i\000o\000n\000\040\000a\000n\000d\000\040\000R\000e\000c\000e\000p\000t\000i\000o\000n}{section.4.5}% 55
\BOOKMARK [2][-]{subsection.4.5.2}{\376\377\000N\000e\000w\000t\000o\000n\000i\000a\000n\000\040\000M\000o\000t\000i\000o\000n\000\040\000i\000n\000\040\000S\000p\000a\000c\000e\000t\000i\000m\000e\000\040\000T\000e\000r\000m\000s}{section.4.5}% 56
\BOOKMARK [1][-]{table.4.1}{\376\377\000A\000p\000p\000e\000n\000d\000i\000x}{chapter.4}% 57
\BOOKMARK [1][-]{table.4.1}{\376\377\000P\000r\000o\000b\000l\000e\000m\000s}{chapter.4}% 58
\BOOKMARK [0][-]{chapter.5}{\376\377\000D\000e\000s\000c\000r\000i\000p\000t\000i\000o\000n\000\040\000o\000f\000\040\000C\000u\000r\000v\000e\000d\000\040\000S\000p\000a\000c\000e\000t\000i\000m\000e}{}% 59
\BOOKMARK [1][-]{section.5.1}{\376\377\000C\000o\000o\000r\000d\000i\000n\000a\000t\000e\000s}{chapter.5}% 60
\BOOKMARK [1][-]{section.5.2}{\376\377\000M\000e\000t\000r\000i\000c}{chapter.5}% 61
\BOOKMARK [1][-]{section.5.3}{\376\377\000T\000h\000e\000\040\000S\000u\000m\000m\000a\000t\000i\000o\000n\000\040\000C\000o\000n\000v\000e\000n\000t\000i\000o\000n}{chapter.5}% 62
\BOOKMARK [1][-]{section.5.4}{\376\377\000L\000i\000g\000h\000t\000\040\000C\000o\000n\000e\000s\000\040\000a\000n\000d\000\040\000W\000o\000r\000l\000d\000\040\000L\000i\000n\000e\000s}{chapter.5}% 63
\BOOKMARK [1][-]{section.5.5}{\376\377\000L\000e\000n\000g\000t\000h\000,\000\040\000A\000r\000e\000a\000,\000\040\000V\000o\000l\000u\000m\000e\000,\000\040\000a\000n\000d\000\040\000F\000o\000u\000r\000-\000V\000o\000l\000u\000m\000e\000\040\000f\000o\000r\000\040\000D\000i\000a\000g\000o\000n\000a\000l\000\040\000M\000e\000t\000r\000i\000c\000s}{chapter.5}% 64
\BOOKMARK [1][-]{section.5.5}{\376\377\000A\000p\000p\000e\000n\000d\000i\000x}{chapter.5}% 65
\BOOKMARK [1][-]{section.5.5}{\376\377\000P\000r\000o\000b\000l\000e\000m\000s}{chapter.5}% 66
\BOOKMARK [0][-]{chapter.6}{\376\377\000G\000e\000o\000d\000e\000s\000i\000c\000s}{}% 67
\BOOKMARK [1][-]{section.6.1}{\376\377\000T\000h\000e\000\040\000G\000e\000o\000d\000e\000s\000i\000c\000\040\000E\000q\000u\000a\000t\000i\000o\000n}{chapter.6}% 68
\BOOKMARK [1][-]{section.6.2}{\376\377\000S\000o\000l\000v\000i\000n\000g\000\040\000t\000h\000e\000\040\000G\000e\000o\000d\000e\000s\000i\000c\000\040\000E\000q\000u\000a\000t\000i\000o\000n\040\023\000S\000y\000m\000m\000e\000t\000r\000i\000e\000s\000\040\000a\000n\000d\000\040\000C\000o\000n\000s\000e\000r\000v\000a\000t\000i\000o\000n\000\040\000L\000a\000w\000s}{chapter.6}% 69
\BOOKMARK [1][-]{section.6.3}{\376\377\000N\000u\000l\000l\000\040\000G\000e\000o\000d\000e\000s\000i\000c\000s}{chapter.6}% 70
\BOOKMARK [1][-]{section.6.3}{\376\377\000P\000r\000o\000b\000l\000e\000m\000s}{chapter.6}% 71
