\BOOKMARK [1][-]{section.1}{\376\377\000I\000n\000t\000e\000g\000e\000r\000s\000\040\000a\000n\000d\000\040\000D\000i\000v\000i\000s\000i\000o\000n}{}% 1
\BOOKMARK [2][-]{subsection.1.1}{\376\377\000D\000e\000f\000i\000n\000i\000t\000i\000o\000n\000s}{section.1}% 2
\BOOKMARK [2][-]{subsection.1.2}{\376\377\000T\000h\000e\000o\000r\000e\000m\000s}{section.1}% 3
\BOOKMARK [1][-]{section.2}{\376\377\000M\000o\000d\000o\000l\000a\000r\000\040\000A\000r\000i\000t\000h\000m\000e\000t\000i\000c}{}% 4
\BOOKMARK [2][-]{subsection.2.1}{\376\377\000D\000e\000f\000i\000n\000i\000t\000i\000o\000n\000s}{section.2}% 5
\BOOKMARK [2][-]{subsection.2.2}{\376\377\000T\000h\000e\000o\000r\000e\000m\000s}{section.2}% 6
\BOOKMARK [1][-]{section.3}{\376\377\000S\000e\000t\000s}{}% 7
\BOOKMARK [2][-]{subsection.3.1}{\376\377\000D\000e\000f\000i\000n\000i\000t\000i\000o\000n\000s}{section.3}% 8
\BOOKMARK [2][-]{subsection.3.2}{\376\377\000T\000h\000e\000o\000r\000e\000m\000s}{section.3}% 9
\BOOKMARK [1][-]{section.4}{\376\377\000F\000u\000n\000c\000t\000i\000o\000n\000s}{}% 10
\BOOKMARK [2][-]{subsection.4.1}{\376\377\000D\000e\000f\000i\000n\000i\000t\000i\000o\000n\000s}{section.4}% 11
\BOOKMARK [2][-]{subsection.4.2}{\376\377\000T\000h\000e\000o\000r\000e\000m\000s}{section.4}% 12
\BOOKMARK [1][-]{section.5}{\376\377\000R\000e\000l\000a\000t\000i\000o\000n\000s}{}% 13
\BOOKMARK [2][-]{subsection.5.1}{\376\377\000D\000e\000f\000i\000n\000i\000t\000i\000o\000n\000s}{section.5}% 14
\BOOKMARK [2][-]{subsection.5.2}{\376\377\000T\000h\000e\000o\000r\000e\000m\000s}{section.5}% 15
\BOOKMARK [1][-]{section.6}{\376\377\000C\000o\000n\000s\000t\000r\000u\000c\000t\000i\000o\000n\000\040\000o\000f\000\040\000Z\000\040\000a\000n\000d\000\040\000Q}{}% 16
\BOOKMARK [2][-]{subsection.6.1}{\376\377\000D\000e\000f\000i\000n\000i\000t\000i\000o\000n\000s}{section.6}% 17
\BOOKMARK [2][-]{subsection.6.2}{\376\377\000T\000h\000e\000o\000r\000e\000m\000s}{section.6}% 18
\BOOKMARK [1][-]{section.7}{\376\377\000S\000e\000q\000u\000e\000n\000c\000e\000s\000\040\000i\000n\000\040\000Q}{}% 19
\BOOKMARK [2][-]{subsection.7.1}{\376\377\000D\000e\000f\000i\000n\000i\000t\000i\000o\000n\000s}{section.7}% 20
\BOOKMARK [2][-]{subsection.7.2}{\376\377\000T\000h\000e\000o\000r\000e\000m\000s}{section.7}% 21
\BOOKMARK [1][-]{section.8}{\376\377\000C\000o\000n\000s\000t\000r\000u\000c\000t\000i\000n\000g\000\040\000R}{}% 22
\BOOKMARK [2][-]{subsection.8.1}{\376\377\000D\000e\000f\000i\000n\000i\000t\000i\000o\000n\000s}{section.8}% 23
\BOOKMARK [2][-]{subsection.8.2}{\376\377\000T\000h\000e\000o\000r\000e\000m\000s}{section.8}% 24
\BOOKMARK [1][-]{section.9}{\376\377\000P\000r\000o\000p\000e\000r\000t\000i\000e\000s\000\040\000o\000n\000\040\000R}{}% 25
\BOOKMARK [2][-]{subsection.9.1}{\376\377\000D\000e\000f\000i\000n\000i\000t\000i\000o\000n\000s}{section.9}% 26
\BOOKMARK [2][-]{subsection.9.2}{\376\377\000T\000h\000e\000o\000r\000e\000m\000s}{section.9}% 27
\BOOKMARK [1][-]{section.10}{\376\377\000S\000e\000q\000u\000e\000n\000c\000e\000s\000\040\000i\000n\000\040\000R}{}% 28
\BOOKMARK [2][-]{subsection.10.1}{\376\377\000D\000e\000f\000i\000n\000i\000t\000i\000o\000n\000s}{section.10}% 29
\BOOKMARK [2][-]{subsection.10.2}{\376\377\000T\000h\000e\000o\000r\000e\000m\000s}{section.10}% 30
\BOOKMARK [1][-]{section.11}{\376\377\000B\000a\000s\000i\000c\000\040\000T\000o\000p\000o\000l\000o\000g\000y}{}% 31
\BOOKMARK [2][-]{subsection.11.1}{\376\377\000D\000e\000f\000i\000n\000i\000t\000i\000o\000n\000s}{section.11}% 32
\BOOKMARK [2][-]{subsection.11.2}{\376\377\000T\000h\000e\000o\000r\000e\000m\000s}{section.11}% 33
\BOOKMARK [1][-]{section.12}{\376\377\000F\000u\000n\000c\000t\000i\000o\000n\000\040\000L\000i\000m\000i\000t\000s}{}% 34
\BOOKMARK [2][-]{subsection.12.1}{\376\377\000D\000e\000f\000i\000n\000i\000t\000i\000o\000n\000s}{section.12}% 35
\BOOKMARK [2][-]{subsection.12.2}{\376\377\000T\000h\000e\000o\000r\000e\000m\000s}{section.12}% 36
\BOOKMARK [1][-]{section.13}{\376\377\000C\000o\000m\000p\000l\000e\000x\000\040\000N\000u\000m\000b\000e\000r\000s}{}% 37
\BOOKMARK [2][-]{subsection.13.1}{\376\377\000D\000e\000f\000i\000n\000i\000t\000i\000o\000n\000s}{section.13}% 38
\BOOKMARK [2][-]{subsection.13.2}{\376\377\000T\000h\000e\000o\000r\000e\000m\000s}{section.13}% 39
\BOOKMARK [1][-]{section.14}{\376\377\000F\000u\000n\000d\000a\000m\000e\000n\000t\000a\000l\000\040\000T\000h\000e\000o\000r\000e\000m\000\040\000o\000f\000\040\000A\000l\000g\000e\000b\000r\000a}{}% 40
\BOOKMARK [2][-]{subsection.14.1}{\376\377\000D\000e\000f\000i\000n\000i\000t\000i\000o\000n\000s}{section.14}% 41
\BOOKMARK [2][-]{subsection.14.2}{\376\377\000T\000h\000e\000o\000r\000e\000m\000s}{section.14}% 42
