\BOOKMARK [-1][-]{part.1}{I Theory}{}% 1
\BOOKMARK [0][-]{chapter.1}{The Wave Equation}{part.1}% 2
\BOOKMARK [1][-]{section.1.1}{The Schr\366dinger Equation}{chapter.1}% 3
\BOOKMARK [1][-]{section.1.2}{Statistical Interpretation}{chapter.1}% 4
\BOOKMARK [1][-]{section.1.3}{Probability}{chapter.1}% 5
\BOOKMARK [1][-]{section.1.4}{Normalization and the Wave Function}{chapter.1}% 6
\BOOKMARK [1][-]{section.1.5}{Momentum}{chapter.1}% 7
\BOOKMARK [1][-]{section.1.6}{The Uncertainty Principle}{chapter.1}% 8
\BOOKMARK [0][-]{chapter.2}{Time Independent Schr\366dinger Equation}{part.1}% 9
\BOOKMARK [1][-]{section.2.1}{Stationary States}{chapter.2}% 10
\BOOKMARK [1][-]{section.2.2}{The Infinite Square Well}{chapter.2}% 11
\BOOKMARK [1][-]{section.2.3}{The Harmonic Oscillator}{chapter.2}% 12
\BOOKMARK [2][-]{subsection.2.3.1}{Ladder Operator Technique}{section.2.3}% 13
\BOOKMARK [1][-]{section.2.4}{The Free Particle}{chapter.2}% 14
\BOOKMARK [1][-]{section.2.5}{The Delta-Function Potential}{chapter.2}% 15
\BOOKMARK [2][-]{subsection.2.5.1}{Bound States and Scattering States}{section.2.5}% 16
\BOOKMARK [2][-]{subsection.2.5.2}{The Delta-Function Well}{section.2.5}% 17
\BOOKMARK [1][-]{section.2.6}{The Finite Square Well}{chapter.2}% 18
\BOOKMARK [0][-]{chapter.3}{Formalism}{part.1}% 19
\BOOKMARK [1][-]{section.3.1}{Hilbert Space}{chapter.3}% 20
\BOOKMARK [1][-]{section.3.2}{Observables}{chapter.3}% 21
\BOOKMARK [2][-]{subsection.3.2.1}{Determinate States}{section.3.2}% 22
\BOOKMARK [1][-]{section.3.3}{Eigenfunctions of a Hermitian Operator}{chapter.3}% 23
\BOOKMARK [2][-]{subsection.3.3.1}{Discrete Spectra}{section.3.3}% 24
\BOOKMARK [2][-]{subsection.3.3.2}{Continuous Spectra}{section.3.3}% 25
\BOOKMARK [1][-]{section.3.4}{Generalized Statistical Interpretation}{chapter.3}% 26
\BOOKMARK [1][-]{section.3.5}{The Uncertainty Principle}{chapter.3}% 27
\BOOKMARK [2][-]{subsection.3.5.1}{The Minimum-Uncertainty Wave Packet}{section.3.5}% 28
\BOOKMARK [2][-]{subsection.3.5.2}{The Energy-Time Uncertainty Principle}{section.3.5}% 29
\BOOKMARK [1][-]{section.3.6}{Vectors and Operators}{chapter.3}% 30
\BOOKMARK [2][-]{subsection.3.6.1}{Changing Bases}{section.3.6}% 31
\BOOKMARK [0][-]{chapter.4}{Quantum Mechanics in Three Dimensions}{part.1}% 32
\BOOKMARK [1][-]{section.4.1}{The Schr\366dinger Equation in 3D}{chapter.4}% 33
\BOOKMARK [2][-]{subsection.4.1.1}{Spherical Coordinates}{section.4.1}% 34
\BOOKMARK [1][-]{section.4.2}{The Hydrogen Atom}{chapter.4}% 35
\BOOKMARK [1][-]{section.4.3}{Angular Momentum}{chapter.4}% 36
\BOOKMARK [1][-]{section.4.4}{Spin}{chapter.4}% 37
\BOOKMARK [2][-]{subsection.4.4.1}{Spin 1/2}{section.4.4}% 38
\BOOKMARK [2][-]{subsection.4.4.2}{Electron in a Magnetic Field}{section.4.4}% 39
\BOOKMARK [2][-]{subsection.4.4.3}{Addition of Angular Momenta}{section.4.4}% 40
\BOOKMARK [0][-]{chapter.5}{Identical Particles}{part.1}% 41
\BOOKMARK [1][-]{section.5.1}{Two-Particle Systems}{chapter.5}% 42
\BOOKMARK [2][-]{subsection.5.1.1}{Bosons and Fermions}{section.5.1}% 43
\BOOKMARK [2][-]{subsection.5.1.2}{Exchange Forces}{section.5.1}% 44
\BOOKMARK [2][-]{subsection.5.1.3}{Spin}{section.5.1}% 45
\BOOKMARK [2][-]{subsection.5.1.4}{Generalized Symmetrization Principle}{section.5.1}% 46
\BOOKMARK [0][-]{chapter.6}{Symmetries and Conservation Laws}{part.1}% 47
\BOOKMARK [-1][-]{part.2}{II Applications}{}% 48
\BOOKMARK [0][-]{chapter.7}{Time-Independent Perturbation Theory}{part.2}% 49
\BOOKMARK [0][-]{chapter.8}{The Variational Principle}{part.2}% 50
\BOOKMARK [0][-]{chapter.9}{The WKB Approximation}{part.2}% 51
\BOOKMARK [0][-]{chapter.10}{Scattering}{part.2}% 52
\BOOKMARK [0][-]{chapter.11}{Quantum Dynamics}{part.2}% 53
\BOOKMARK [0][-]{chapter.12}{Afterword}{part.2}% 54
\BOOKMARK [0][-]{section*.1}{Appendices}{part.2}% 55
