\BOOKMARK [0][-]{chapter.1}{Electric Fields}{}% 1
\BOOKMARK [1][-]{section.1.1}{Point Charges}{chapter.1}% 2
\BOOKMARK [1][-]{section.1.2}{Dipoles}{chapter.1}% 3
\BOOKMARK [1][-]{section.1.3}{Particles In Matter}{chapter.1}% 4
\BOOKMARK [2][-]{subsection.1.3.1}{Conductors and Insulators}{section.1.3}% 5
\BOOKMARK [2][-]{subsection.1.3.2}{Polarization}{section.1.3}% 6
\BOOKMARK [1][-]{section.1.4}{Distributed Charges}{chapter.1}% 7
\BOOKMARK [0][-]{chapter.2}{Electric Potentials}{}% 8
\BOOKMARK [1][-]{section.2.1}{Potential Energy}{chapter.2}% 9
\BOOKMARK [1][-]{section.2.2}{Energy Density and Insulators}{chapter.2}% 10
\BOOKMARK [0][-]{chapter.3}{Magnetic Fields}{}% 11
\BOOKMARK [1][-]{section.3.1}{Detecting Magnetic Fields and Electron Currents}{chapter.3}% 12
\BOOKMARK [1][-]{section.3.2}{Biot Savart Law}{chapter.3}% 13
\BOOKMARK [1][-]{section.3.3}{Conduction and Currents}{chapter.3}% 14
\BOOKMARK [2][-]{subsection.3.3.1}{Atomic Structures}{section.3.3}% 15
\BOOKMARK [0][-]{chapter.4}{Electric Fields and Circuitry}{}% 16
\BOOKMARK [1][-]{section.4.1}{Circuits}{chapter.4}% 17
\BOOKMARK [1][-]{section.4.2}{Currents and Current Density}{chapter.4}% 18
\BOOKMARK [1][-]{section.4.3}{Resistance and Resistivity}{chapter.4}% 19
\BOOKMARK [1][-]{section.4.4}{Superconductors}{chapter.4}% 20
\BOOKMARK [1][-]{section.4.5}{Batteries and Circuit Calculations}{chapter.4}% 21
\BOOKMARK [1][-]{section.4.6}{Capacitance}{chapter.4}% 22
\BOOKMARK [1][-]{section.4.7}{RC Circuits}{chapter.4}% 23
\BOOKMARK [0][-]{chapter.5}{Magnetic Force}{}% 24
\BOOKMARK [1][-]{section.5.1}{Force on a particle}{chapter.5}% 25
\BOOKMARK [1][-]{section.5.2}{Magnetic Force on Wires}{chapter.5}% 26
\BOOKMARK [1][-]{section.5.3}{Hall Effect}{chapter.5}% 27
\BOOKMARK [2][-]{subsection.5.3.1}{Motional EMF}{section.5.3}% 28
\BOOKMARK [1][-]{section.5.4}{Flux}{chapter.5}% 29
\BOOKMARK [2][-]{subsection.5.4.1}{Induction}{section.5.4}% 30
\BOOKMARK [1][-]{section.5.5}{Magnetic Torque}{chapter.5}% 31
\BOOKMARK [0][-]{chapter.6}{Field Patterns in Space and Maxwell's Equations}{}% 32
\BOOKMARK [1][-]{section.6.1}{Gauss' Law}{chapter.6}% 33
\BOOKMARK [1][-]{section.6.2}{Ampere's Law}{chapter.6}% 34
\BOOKMARK [1][-]{section.6.3}{Divergence Forms}{chapter.6}% 35
\BOOKMARK [1][-]{section.6.4}{Inductors}{chapter.6}% 36
\BOOKMARK [0][-]{chapter.7}{Electromagnetic Radiation}{}% 37
\BOOKMARK [1][-]{section.7.1}{Accelerated Charges}{chapter.7}% 38
