\BOOKMARK [-1][-]{part.1}{\376\377\000I\000\040\000C\000o\000m\000p\000\040\000P\000h\000y\000s\000\040\0003\0008\0001}{}% 1
\BOOKMARK [0][-]{chapter.1}{\376\377\000R\000o\000o\000t\000\040\000F\000i\000n\000d\000i\000n\000g\000\040\000M\000e\000t\000h\000o\000d\000s}{part.1}% 2
\BOOKMARK [1][-]{section.1.1}{\376\377\000B\000i\000s\000e\000c\000t\000i\000o\000n\000\040\000M\000e\000t\000h\000o\000d}{chapter.1}% 3
\BOOKMARK [1][-]{section.1.2}{\376\377\000N\000e\000w\000t\000o\000n\000-\000R\000a\000p\000h\000s\000o\000n\000\040\000M\000e\000t\000h\000o\000d}{chapter.1}% 4
\BOOKMARK [0][-]{chapter.2}{\376\377\000N\000o\000n\000-\000L\000i\000n\000e\000a\000r\000\040\000O\000D\000E\000s}{part.1}% 5
\BOOKMARK [1][-]{section.2.1}{\376\377\000E\000u\000l\000e\000r\000\040\000M\000e\000t\000h\000o\000d}{chapter.2}% 6
\BOOKMARK [1][-]{section.2.2}{\376\377\000T\000r\000a\000p\000e\000z\000o\000i\000d\000\040\000R\000u\000l\000e}{chapter.2}% 7
\BOOKMARK [1][-]{section.2.3}{\376\377\000R\000u\000n\000g\000e\000-\000K\000u\000t\000t\000a}{chapter.2}% 8
\BOOKMARK [0][-]{chapter.3}{\376\377\000N\000u\000m\000e\000r\000i\000c\000a\000l\000\040\000F\000o\000u\000r\000i\000e\000r\000\040\000A\000n\000a\000l\000y\000s\000i\000s}{part.1}% 9
\BOOKMARK [1][-]{section.3.1}{\376\377\000F\000o\000u\000r\000i\000e\000r\000\040\000S\000e\000r\000i\000e\000s}{chapter.3}% 10
\BOOKMARK [1][-]{section.3.2}{\376\377\000S\000i\000m\000p\000s\000o\000n\000'\000s\000\040\000R\000u\000l\000e}{chapter.3}% 11
\BOOKMARK [1][-]{section.3.3}{\376\377\000F\000o\000u\000r\000i\000e\000r\000\040\000I\000n\000t\000e\000g\000r\000a\000l}{chapter.3}% 12
\BOOKMARK [1][-]{section.3.4}{\376\377\000D\000i\000s\000c\000r\000e\000t\000e\000\040\000F\000o\000u\000r\000i\000e\000r\000\040\000T\000r\000a\000n\000s\000f\000o\000r\000m}{chapter.3}% 13
\BOOKMARK [0][-]{chapter.4}{\376\377\000C\000u\000r\000v\000e\000-\000f\000i\000t\000t\000i\000n\000g\000\040\000a\000n\000d\000\040\000O\000p\000t\000i\000m\000i\000z\000a\000t\000i\000o\000n}{part.1}% 14
\BOOKMARK [1][-]{section.4.1}{\376\377\000L\000e\000a\000s\000t\000\040\000S\000q\000u\000a\000r\000e\000s}{chapter.4}% 15
\BOOKMARK [1][-]{section.4.2}{\376\377\000F\000i\000n\000i\000t\000e\000\040\000D\000i\000f\000f\000e\000r\000e\000n\000c\000e\000s}{chapter.4}% 16
\BOOKMARK [-1][-]{part.2}{\376\377\000I\000I\000\040\000C\000o\000m\000p\000\040\000P\000h\000y\000s\000\040\0004\0008\0001}{}% 17
\BOOKMARK [-1][-]{part.3}{\376\377\000I\000I\000I\000\040\000C\000o\000m\000p\000u\000t\000a\000b\000i\000l\000i\000t\000y}{}% 18
\BOOKMARK [0][-]{chapter.5}{\376\377\000A\000u\000t\000o\000m\000a\000t\000a\000\040\000a\000n\000d\000\040\000L\000a\000n\000g\000u\000a\000g\000e\000s}{part.3}% 19
\BOOKMARK [1][-]{section.5.1}{\376\377\000F\000i\000n\000i\000t\000e\000\040\000A\000u\000t\000o\000m\000a\000t\000a}{chapter.5}% 20
\BOOKMARK [1][-]{section.5.2}{\376\377\000N\000o\000n\000d\000e\000t\000e\000r\000m\000i\000n\000i\000s\000m}{chapter.5}% 21
\BOOKMARK [1][-]{section.5.3}{\376\377\000C\000e\000l\000l\000u\000l\000a\000r\000\040\000A\000u\000t\000o\000m\000a\000t\000a}{chapter.5}% 22
\BOOKMARK [0][-]{section*.1}{\376\377\000A\000p\000p\000e\000n\000d\000i\000c\000e\000s}{part.3}% 23
\BOOKMARK [1][-]{section.1..1}{\376\377\000L\000a\000m\000b\000d\000a\000\040\000F\000u\000n\000c\000t\000i\000o\000n\000s}{section*.1}% 24
\BOOKMARK [1][-]{section.1..2}{\376\377\000L\000i\000s\000t\000\040\000C\000o\000m\000p\000r\000e\000h\000e\000n\000s\000i\000o\000n}{section*.1}% 25
\BOOKMARK [1][-]{section.1..3}{\376\377\000O\000D\000E\000-\000i\000n\000t\000\040\000S\000o\000l\000v\000e}{section*.1}% 26
\BOOKMARK [1][-]{section.1..4}{\376\377\000B\000i\000g\000-\000O\000\040\000N\000o\000t\000a\000t\000i\000o\000n}{section*.1}% 27
\BOOKMARK [1][-]{section.1..5}{\376\377\000G\000r\000a\000p\000h\000s\000\040\000B\000a\000s\000i\000c\000s}{section*.1}% 28
\BOOKMARK [1][-]{section.1..6}{\376\377\000S\000t\000r\000i\000n\000g\000s\000\040\000a\000n\000d\000\040\000L\000a\000n\000g\000u\000a\000g\000e\000s\000\040\000B\000a\000s\000i\000c\000s}{section*.1}% 29
\BOOKMARK [1][-]{section.1..7}{\376\377\000R\000e\000c\000u\000r\000s\000i\000v\000e\000\040\000T\000r\000a\000n\000s\000i\000t\000i\000o\000n\000\040\000N\000e\000t\000w\000o\000r\000k\000s}{section*.1}% 30
\BOOKMARK [2][-]{subsection.1..7.1}{\376\377\000T\000h\000e\000\040\000D\000a\000d\000a\000\040\000E\000n\000g\000i\000n\000e}{section.1..7}% 31
