\BOOKMARK [-1][-]{part.1}{\376\377\000I\000\040\000T\000h\000e\000o\000r\000y}{}% 1
\BOOKMARK [0][-]{chapter.1}{\376\377\000T\000h\000e\000\040\000W\000a\000v\000e\000\040\000E\000q\000u\000a\000t\000i\000o\000n}{part.1}% 2
\BOOKMARK [1][-]{section.1.1}{\376\377\000T\000h\000e\000\040\000S\000c\000h\000r\000\366\000d\000i\000n\000g\000e\000r\000\040\000E\000q\000u\000a\000t\000i\000o\000n}{chapter.1}% 3
\BOOKMARK [1][-]{section.1.2}{\376\377\000S\000t\000a\000t\000i\000s\000t\000i\000c\000a\000l\000\040\000I\000n\000t\000e\000r\000p\000r\000e\000t\000a\000t\000i\000o\000n}{chapter.1}% 4
\BOOKMARK [1][-]{section.1.3}{\376\377\000P\000r\000o\000b\000a\000b\000i\000l\000i\000t\000y}{chapter.1}% 5
\BOOKMARK [1][-]{section.1.4}{\376\377\000N\000o\000r\000m\000a\000l\000i\000z\000a\000t\000i\000o\000n\000\040\000a\000n\000d\000\040\000t\000h\000e\000\040\000W\000a\000v\000e\000\040\000F\000u\000n\000c\000t\000i\000o\000n}{chapter.1}% 6
\BOOKMARK [1][-]{section.1.5}{\376\377\000M\000o\000m\000e\000n\000t\000u\000m}{chapter.1}% 7
\BOOKMARK [1][-]{section.1.6}{\376\377\000T\000h\000e\000\040\000U\000n\000c\000e\000r\000t\000a\000i\000n\000t\000y\000\040\000P\000r\000i\000n\000c\000i\000p\000l\000e}{chapter.1}% 8
\BOOKMARK [0][-]{chapter.2}{\376\377\000T\000i\000m\000e\000\040\000I\000n\000d\000e\000p\000e\000n\000d\000e\000n\000t\000\040\000S\000c\000h\000r\000\366\000d\000i\000n\000g\000e\000r\000\040\000E\000q\000u\000a\000t\000i\000o\000n}{part.1}% 9
\BOOKMARK [1][-]{section.2.1}{\376\377\000S\000t\000a\000t\000i\000o\000n\000a\000r\000y\000\040\000S\000t\000a\000t\000e\000s}{chapter.2}% 10
\BOOKMARK [1][-]{section.2.2}{\376\377\000T\000h\000e\000\040\000I\000n\000f\000i\000n\000i\000t\000e\000\040\000S\000q\000u\000a\000r\000e\000\040\000W\000e\000l\000l}{chapter.2}% 11
\BOOKMARK [1][-]{section.2.3}{\376\377\000T\000h\000e\000\040\000H\000a\000r\000m\000o\000n\000i\000c\000\040\000O\000s\000c\000i\000l\000l\000a\000t\000o\000r}{chapter.2}% 12
\BOOKMARK [2][-]{subsection.2.3.1}{\376\377\000L\000a\000d\000d\000e\000r\000\040\000O\000p\000e\000r\000a\000t\000o\000r\000\040\000T\000e\000c\000h\000n\000i\000q\000u\000e}{section.2.3}% 13
\BOOKMARK [1][-]{section.2.4}{\376\377\000T\000h\000e\000\040\000F\000r\000e\000e\000\040\000P\000a\000r\000t\000i\000c\000l\000e}{chapter.2}% 14
\BOOKMARK [1][-]{section.2.5}{\376\377\000T\000h\000e\000\040\000D\000e\000l\000t\000a\000-\000F\000u\000n\000c\000t\000i\000o\000n\000\040\000P\000o\000t\000e\000n\000t\000i\000a\000l}{chapter.2}% 15
\BOOKMARK [2][-]{subsection.2.5.1}{\376\377\000B\000o\000u\000n\000d\000\040\000S\000t\000a\000t\000e\000s\000\040\000a\000n\000d\000\040\000S\000c\000a\000t\000t\000e\000r\000i\000n\000g\000\040\000S\000t\000a\000t\000e\000s}{section.2.5}% 16
\BOOKMARK [2][-]{subsection.2.5.2}{\376\377\000T\000h\000e\000\040\000D\000e\000l\000t\000a\000-\000F\000u\000n\000c\000t\000i\000o\000n\000\040\000W\000e\000l\000l}{section.2.5}% 17
\BOOKMARK [1][-]{section.2.6}{\376\377\000T\000h\000e\000\040\000F\000i\000n\000i\000t\000e\000\040\000S\000q\000u\000a\000r\000e\000\040\000W\000e\000l\000l}{chapter.2}% 18
\BOOKMARK [0][-]{chapter.3}{\376\377\000F\000o\000r\000m\000a\000l\000i\000s\000m}{part.1}% 19
\BOOKMARK [1][-]{section.3.1}{\376\377\000H\000i\000l\000b\000e\000r\000t\000\040\000S\000p\000a\000c\000e}{chapter.3}% 20
\BOOKMARK [1][-]{section.3.2}{\376\377\000O\000b\000s\000e\000r\000v\000a\000b\000l\000e\000s}{chapter.3}% 21
\BOOKMARK [2][-]{subsection.3.2.1}{\376\377\000D\000e\000t\000e\000r\000m\000i\000n\000a\000t\000e\000\040\000S\000t\000a\000t\000e\000s}{section.3.2}% 22
\BOOKMARK [1][-]{section.3.3}{\376\377\000E\000i\000g\000e\000n\000f\000u\000n\000c\000t\000i\000o\000n\000s\000\040\000o\000f\000\040\000a\000\040\000H\000e\000r\000m\000i\000t\000i\000a\000n\000\040\000O\000p\000e\000r\000a\000t\000o\000r}{chapter.3}% 23
\BOOKMARK [2][-]{subsection.3.3.1}{\376\377\000D\000i\000s\000c\000r\000e\000t\000e\000\040\000S\000p\000e\000c\000t\000r\000a}{section.3.3}% 24
\BOOKMARK [2][-]{subsection.3.3.2}{\376\377\000C\000o\000n\000t\000i\000n\000u\000o\000u\000s\000\040\000S\000p\000e\000c\000t\000r\000a}{section.3.3}% 25
\BOOKMARK [1][-]{section.3.4}{\376\377\000G\000e\000n\000e\000r\000a\000l\000i\000z\000e\000d\000\040\000S\000t\000a\000t\000i\000s\000t\000i\000c\000a\000l\000\040\000I\000n\000t\000e\000r\000p\000r\000e\000t\000a\000t\000i\000o\000n}{chapter.3}% 26
\BOOKMARK [1][-]{section.3.5}{\376\377\000T\000h\000e\000\040\000U\000n\000c\000e\000r\000t\000a\000i\000n\000t\000y\000\040\000P\000r\000i\000n\000c\000i\000p\000l\000e}{chapter.3}% 27
\BOOKMARK [2][-]{subsection.3.5.1}{\376\377\000T\000h\000e\000\040\000M\000i\000n\000i\000m\000u\000m\000-\000U\000n\000c\000e\000r\000t\000a\000i\000n\000t\000y\000\040\000W\000a\000v\000e\000\040\000P\000a\000c\000k\000e\000t}{section.3.5}% 28
\BOOKMARK [2][-]{subsection.3.5.2}{\376\377\000T\000h\000e\000\040\000E\000n\000e\000r\000g\000y\000-\000T\000i\000m\000e\000\040\000U\000n\000c\000e\000r\000t\000a\000i\000n\000t\000y\000\040\000P\000r\000i\000n\000c\000i\000p\000l\000e}{section.3.5}% 29
\BOOKMARK [1][-]{section.3.6}{\376\377\000V\000e\000c\000t\000o\000r\000s\000\040\000a\000n\000d\000\040\000O\000p\000e\000r\000a\000t\000o\000r\000s}{chapter.3}% 30
\BOOKMARK [2][-]{subsection.3.6.1}{\376\377\000C\000h\000a\000n\000g\000i\000n\000g\000\040\000B\000a\000s\000e\000s}{section.3.6}% 31
\BOOKMARK [0][-]{chapter.4}{\376\377\000Q\000u\000a\000n\000t\000u\000m\000\040\000M\000e\000c\000h\000a\000n\000i\000c\000s\000\040\000i\000n\000\040\000T\000h\000r\000e\000e\000\040\000D\000i\000m\000e\000n\000s\000i\000o\000n\000s}{part.1}% 32
\BOOKMARK [1][-]{section.4.1}{\376\377\000T\000h\000e\000\040\000S\000c\000h\000r\000\366\000d\000i\000n\000g\000e\000r\000\040\000E\000q\000u\000a\000t\000i\000o\000n\000\040\000i\000n\000\040\0003\000D}{chapter.4}% 33
\BOOKMARK [2][-]{subsection.4.1.1}{\376\377\000S\000p\000h\000e\000r\000i\000c\000a\000l\000\040\000C\000o\000o\000r\000d\000i\000n\000a\000t\000e\000s}{section.4.1}% 34
\BOOKMARK [1][-]{section.4.2}{\376\377\000T\000h\000e\000\040\000H\000y\000d\000r\000o\000g\000e\000n\000\040\000A\000t\000o\000m}{chapter.4}% 35
\BOOKMARK [1][-]{section.4.3}{\376\377\000A\000n\000g\000u\000l\000a\000r\000\040\000M\000o\000m\000e\000n\000t\000u\000m}{chapter.4}% 36
\BOOKMARK [1][-]{section.4.4}{\376\377\000S\000p\000i\000n}{chapter.4}% 37
\BOOKMARK [2][-]{subsection.4.4.1}{\376\377\000S\000p\000i\000n\000\040\0001\000/\0002}{section.4.4}% 38
\BOOKMARK [2][-]{subsection.4.4.2}{\376\377\000E\000l\000e\000c\000t\000r\000o\000n\000\040\000i\000n\000\040\000a\000\040\000M\000a\000g\000n\000e\000t\000i\000c\000\040\000F\000i\000e\000l\000d}{section.4.4}% 39
\BOOKMARK [2][-]{subsection.4.4.3}{\376\377\000A\000d\000d\000i\000t\000i\000o\000n\000\040\000o\000f\000\040\000A\000n\000g\000u\000l\000a\000r\000\040\000M\000o\000m\000e\000n\000t\000a}{section.4.4}% 40
\BOOKMARK [0][-]{chapter.5}{\376\377\000I\000d\000e\000n\000t\000i\000c\000a\000l\000\040\000P\000a\000r\000t\000i\000c\000l\000e\000s}{part.1}% 41
\BOOKMARK [1][-]{section.5.1}{\376\377\000T\000w\000o\000-\000P\000a\000r\000t\000i\000c\000l\000e\000\040\000S\000y\000s\000t\000e\000m\000s}{chapter.5}% 42
\BOOKMARK [2][-]{subsection.5.1.1}{\376\377\000B\000o\000s\000o\000n\000s\000\040\000a\000n\000d\000\040\000F\000e\000r\000m\000i\000o\000n\000s}{section.5.1}% 43
\BOOKMARK [2][-]{subsection.5.1.2}{\376\377\000E\000x\000c\000h\000a\000n\000g\000e\000\040\000F\000o\000r\000c\000e\000s}{section.5.1}% 44
\BOOKMARK [2][-]{subsection.5.1.3}{\376\377\000S\000p\000i\000n}{section.5.1}% 45
\BOOKMARK [2][-]{subsection.5.1.4}{\376\377\000G\000e\000n\000e\000r\000a\000l\000i\000z\000e\000d\000\040\000S\000y\000m\000m\000e\000t\000r\000i\000z\000a\000t\000i\000o\000n\000\040\000P\000r\000i\000n\000c\000i\000p\000l\000e}{section.5.1}% 46
\BOOKMARK [0][-]{chapter.6}{\376\377\000S\000y\000m\000m\000e\000t\000r\000i\000e\000s\000\040\000a\000n\000d\000\040\000C\000o\000n\000s\000e\000r\000v\000a\000t\000i\000o\000n\000\040\000L\000a\000w\000s}{part.1}% 47
\BOOKMARK [1][-]{section.6.1}{\376\377\000I\000n\000t\000r\000o\000d\000u\000c\000t\000i\000o\000n}{chapter.6}% 48
\BOOKMARK [2][-]{subsection.6.1.1}{\376\377\000T\000r\000a\000n\000s\000f\000o\000r\000m\000a\000t\000i\000o\000n\000s\000\040\000i\000n\000\040\000S\000p\000a\000c\000e}{section.6.1}% 49
\BOOKMARK [1][-]{section.6.2}{\376\377\000T\000h\000e\000\040\000T\000r\000a\000n\000s\000l\000a\000t\000i\000o\000n\000\040\000O\000p\000e\000r\000a\000t\000o\000r}{chapter.6}% 50
\BOOKMARK [2][-]{subsection.6.2.1}{\376\377\000H\000o\000w\000\040\000O\000p\000e\000r\000a\000t\000o\000r\000s\000\040\000T\000r\000a\000n\000s\000f\000o\000r\000m}{section.6.2}% 51
\BOOKMARK [2][-]{subsection.6.2.2}{\376\377\000T\000r\000a\000n\000s\000l\000a\000t\000i\000o\000n\000a\000l\000\040\000S\000y\000m\000m\000e\000t\000r\000y}{section.6.2}% 52
\BOOKMARK [1][-]{section.6.3}{\376\377\000C\000o\000n\000s\000e\000r\000v\000a\000t\000i\000o\000n\000\040\000L\000a\000w\000s}{chapter.6}% 53
\BOOKMARK [1][-]{section.6.4}{\376\377\000P\000a\000r\000i\000t\000y}{chapter.6}% 54
\BOOKMARK [2][-]{subsection.6.4.1}{\376\377\000P\000a\000r\000i\000t\000y\000\040\000i\000n\000\040\000O\000n\000e\000\040\000D\000i\000m\000e\000n\000s\000i\000o\000n}{section.6.4}% 55
\BOOKMARK [2][-]{subsection.6.4.2}{\376\377\000P\000a\000r\000i\000t\000y\000\040\000i\000n\000\040\000T\000h\000r\000e\000e\000\040\000D\000i\000m\000e\000n\000s\000i\000o\000n\000s}{section.6.4}% 56
\BOOKMARK [2][-]{subsection.6.4.3}{\376\377\000P\000a\000r\000i\000t\000y\000\040\000S\000e\000l\000e\000c\000t\000i\000o\000n\000\040\000R\000u\000l\000e\000s}{section.6.4}% 57
\BOOKMARK [1][-]{section.6.5}{\376\377\000R\000o\000t\000a\000t\000i\000o\000n\000a\000l\000\040\000S\000y\000m\000m\000e\000t\000r\000y}{chapter.6}% 58
\BOOKMARK [2][-]{subsection.6.5.1}{\376\377\000R\000o\000t\000a\000t\000i\000o\000n\000s\000\040\000i\000n\000\040\0003\000D}{section.6.5}% 59
\BOOKMARK [2][-]{subsection.6.5.2}{\376\377\000C\000o\000n\000t\000i\000n\000u\000o\000u\000s\000\040\000R\000o\000t\000a\000t\000i\000o\000n\000a\000l\000\040\000S\000y\000m\000m\000e\000t\000r\000y}{section.6.5}% 60
\BOOKMARK [1][-]{section.6.6}{\376\377\000D\000e\000g\000e\000n\000e\000r\000a\000c\000y}{chapter.6}% 61
\BOOKMARK [-1][-]{part.2}{\376\377\000I\000I\000\040\000A\000p\000p\000l\000i\000c\000a\000t\000i\000o\000n\000s}{}% 62
\BOOKMARK [0][-]{chapter.7}{\376\377\000T\000i\000m\000e\000-\000I\000n\000d\000e\000p\000e\000n\000d\000e\000n\000t\000\040\000P\000e\000r\000t\000u\000r\000b\000a\000t\000i\000o\000n\000\040\000T\000h\000e\000o\000r\000y}{part.2}% 63
\BOOKMARK [1][-]{section.7.1}{\376\377\000N\000o\000n\000d\000e\000g\000e\000n\000e\000r\000a\000t\000e\000\040\000P\000e\000r\000t\000u\000r\000b\000a\000t\000i\000o\000n\000\040\000T\000h\000e\000o\000r\000y}{chapter.7}% 64
\BOOKMARK [1][-]{section.7.2}{\376\377\000D\000e\000g\000e\000n\000e\000r\000a\000t\000e\000\040\000P\000e\000r\000t\000u\000r\000b\000a\000t\000i\000o\000n\000\040\000T\000h\000e\000o\000r\000y}{chapter.7}% 65
\BOOKMARK [1][-]{section.7.3}{\376\377\000T\000h\000e\000\040\000F\000i\000n\000e\000\040\000S\000t\000r\000u\000c\000t\000u\000r\000e\000\040\000o\000f\000\040\000H\000y\000d\000r\000o\000g\000e\000n}{chapter.7}% 66
\BOOKMARK [2][-]{subsection.7.3.1}{\376\377\000R\000e\000l\000a\000t\000i\000v\000i\000s\000t\000i\000c\000\040\000C\000o\000r\000r\000e\000c\000t\000i\000o\000n}{section.7.3}% 67
\BOOKMARK [2][-]{subsection.7.3.2}{\376\377\000S\000p\000i\000n\000-\000O\000r\000b\000i\000t\000\040\000C\000o\000u\000p\000l\000i\000n\000g}{section.7.3}% 68
\BOOKMARK [0][-]{chapter.8}{\376\377\000T\000h\000e\000\040\000V\000a\000r\000i\000a\000t\000i\000o\000n\000a\000l\000\040\000P\000r\000i\000n\000c\000i\000p\000l\000e}{part.2}% 69
\BOOKMARK [1][-]{section.8.1}{\376\377\000T\000h\000e\000o\000r\000y}{chapter.8}% 70
\BOOKMARK [1][-]{section.8.2}{\376\377\000T\000h\000e\000\040\000G\000r\000o\000u\000n\000d\000\040\000S\000t\000a\000t\000e\000\040\000o\000f\000\040\000H\000e\000l\000i\000u\000m}{chapter.8}% 71
\BOOKMARK [1][-]{section.8.3}{\376\377\000T\000h\000e\000\040\000H\000y\000d\000r\000o\000g\000e\000n\000\040\000M\000o\000l\000e\000c\000u\000l\000e\000\040\000I\000o\000n}{chapter.8}% 72
\BOOKMARK [1][-]{section.8.4}{\376\377\000T\000h\000e\000\040\000H\000y\000d\000r\000o\000g\000e\000n\000\040\000M\000o\000l\000e\000c\000u\000l\000e}{chapter.8}% 73
\BOOKMARK [0][-]{chapter.9}{\376\377\000T\000h\000e\000\040\000W\000K\000B\000\040\000A\000p\000p\000r\000o\000x\000i\000m\000a\000t\000i\000o\000n}{part.2}% 74
\BOOKMARK [1][-]{section.9.1}{\376\377\000T\000h\000e\000\040\000`\000`\000C\000l\000a\000s\000s\000i\000c\000a\000l\000"\000\040\000R\000e\000g\000i\000o\000n}{chapter.9}% 75
\BOOKMARK [1][-]{section.9.2}{\376\377\000T\000u\000n\000n\000e\000l\000i\000n\000g}{chapter.9}% 76
\BOOKMARK [0][-]{chapter.10}{\376\377\000S\000c\000a\000t\000t\000e\000r\000i\000n\000g}{part.2}% 77
\BOOKMARK [0][-]{chapter.11}{\376\377\000Q\000u\000a\000n\000t\000u\000m\000\040\000D\000y\000n\000a\000m\000i\000c\000s}{part.2}% 78
\BOOKMARK [1][-]{section.11.1}{\376\377\000T\000w\000o\000-\000L\000e\000v\000e\000l\000\040\000S\000y\000s\000t\000e\000m\000s}{chapter.11}% 79
\BOOKMARK [2][-]{subsection.11.1.1}{\376\377\000T\000h\000e\000\040\000P\000e\000r\000t\000u\000r\000b\000e\000d\000\040\000S\000y\000s\000t\000e\000m}{section.11.1}% 80
\BOOKMARK [2][-]{subsection.11.1.2}{\376\377\000T\000i\000m\000e\000-\000D\000e\000p\000e\000n\000d\000e\000n\000t\000\040\000P\000e\000r\000t\000u\000r\000b\000a\000t\000i\000o\000n\000\040\000T\000h\000e\000o\000r\000y}{section.11.1}% 81
\BOOKMARK [2][-]{subsection.11.1.3}{\376\377\000S\000i\000n\000u\000s\000o\000i\000d\000a\000l\000\040\000P\000e\000r\000t\000u\000r\000b\000a\000t\000i\000o\000n\000s}{section.11.1}% 82
\BOOKMARK [1][-]{section.11.2}{\376\377\000E\000m\000i\000s\000s\000i\000o\000n\000\040\000a\000n\000d\000\040\000A\000b\000s\000o\000r\000p\000t\000i\000o\000n\000\040\000o\000f\000\040\000R\000a\000d\000i\000a\000t\000i\000o\000n}{chapter.11}% 83
\BOOKMARK [2][-]{subsection.11.2.1}{\376\377\000E\000l\000e\000c\000t\000r\000o\000m\000a\000g\000n\000e\000t\000i\000c\000\040\000W\000a\000v\000e\000s}{section.11.2}% 84
\BOOKMARK [2][-]{subsection.11.2.2}{\376\377\000A\000b\000s\000o\000r\000p\000t\000i\000o\000n\000,\000\040\000S\000t\000i\000m\000u\000l\000a\000t\000e\000d\000\040\000E\000m\000i\000s\000s\000i\000o\000n\000,\000\040\000a\000n\000d\000\040\000S\000p\000o\000n\000t\000a\000n\000e\000o\000u\000s\000\040\000E\000m\000i\000s\000s\000i\000o\000n}{section.11.2}% 85
\BOOKMARK [2][-]{subsection.11.2.3}{\376\377\000I\000n\000c\000o\000h\000e\000r\000e\000n\000t\000\040\000P\000e\000r\000t\000u\000r\000b\000a\000t\000i\000o\000n\000s}{section.11.2}% 86
\BOOKMARK [1][-]{section.11.3}{\376\377\000S\000p\000o\000n\000t\000a\000n\000e\000o\000u\000s\000\040\000E\000m\000i\000s\000s\000i\000o\000n}{chapter.11}% 87
\BOOKMARK [2][-]{subsection.11.3.1}{\376\377\000E\000i\000n\000s\000t\000e\000i\000n\000'\000s\000\040\000A\000\040\000a\000n\000d\000\040\000B\000\040\000C\000o\000e\000f\000f\000i\000c\000i\000e\000n\000t\000s}{section.11.3}% 88
\BOOKMARK [2][-]{subsection.11.3.2}{\376\377\000T\000h\000e\000\040\000L\000i\000f\000e\000t\000i\000m\000e\000\040\000o\000f\000\040\000a\000n\000\040\000E\000x\000c\000i\000t\000e\000d\000\040\000S\000t\000a\000t\000e}{section.11.3}% 89
\BOOKMARK [2][-]{subsection.11.3.3}{\376\377\000T\000h\000e\000\040\000S\000e\000l\000e\000c\000t\000i\000o\000n\000\040\000R\000u\000l\000e\000s}{section.11.3}% 90
\BOOKMARK [1][-]{section.11.4}{\376\377\000F\000e\000r\000m\000i\000'\000s\000\040\000G\000o\000l\000d\000e\000n\000\040\000R\000u\000l\000e}{chapter.11}% 91
\BOOKMARK [1][-]{section.11.5}{\376\377\000B\000e\000l\000l\000'\000s\000\040\000T\000h\000e\000o\000r\000e\000m}{chapter.11}% 92
\BOOKMARK [1][-]{section.11.6}{\376\377\000M\000i\000x\000e\000d\000\040\000S\000t\000a\000t\000e\000s\000\040\000a\000n\000d\000\040\000t\000h\000e\000\040\000D\000e\000n\000s\000i\000t\000y\000\040\000M\000a\000t\000r\000i\000x}{chapter.11}% 93
\BOOKMARK [2][-]{subsection.11.6.1}{\376\377\000P\000u\000r\000e\000\040\000S\000t\000a\000t\000e\000s}{section.11.6}% 94
\BOOKMARK [2][-]{subsection.11.6.2}{\376\377\000M\000i\000x\000e\000d\000\040\000S\000t\000a\000t\000e\000s}{section.11.6}% 95
\BOOKMARK [2][-]{subsection.11.6.3}{\376\377\000S\000u\000b\000s\000y\000s\000t\000e\000m\000s}{section.11.6}% 96
\BOOKMARK [0][-]{chapter.12}{\376\377\000A\000f\000t\000e\000r\000w\000o\000r\000d}{part.2}% 97
\BOOKMARK [0][-]{section*.1}{\376\377\000A\000p\000p\000e\000n\000d\000i\000c\000e\000s}{part.2}% 98
