\BOOKMARK [-1][-]{part.1}{\376\377\000I\000\040\000L\000a\000b\000o\000r\000a\000t\000o\000r\000i\000e\000s}{}% 1
\BOOKMARK [0][-]{chapter.1}{\376\377\000P\000e\000n\000d\000u\000l\000u\000m}{part.1}% 2
\BOOKMARK [1][-]{section.1.1}{\376\377\000B\000a\000c\000k\000g\000r\000o\000u\000n\000d}{chapter.1}% 3
\BOOKMARK [1][-]{section.1.2}{\376\377\000E\000x\000p\000e\000r\000i\000m\000e\000n\000t\000a\000l\000\040\000P\000r\000o\000c\000e\000d\000u\000r\000e}{chapter.1}% 4
\BOOKMARK [2][-]{subsection.1.2.1}{\376\377\000P\000r\000e\000l\000i\000m\000i\000n\000a\000r\000y\000\040\000M\000e\000a\000s\000u\000r\000e\000m\000e\000n\000t\000s}{section.1.2}% 5
\BOOKMARK [2][-]{subsection.1.2.2}{\376\377\000M\000a\000i\000n\000\040\000D\000a\000t\000a\000\040\000C\000o\000l\000l\000e\000c\000t\000i\000o\000n}{section.1.2}% 6
\BOOKMARK [0][-]{chapter.2}{\376\377\000P\000e\000n\000d\000u\000l\000u\000m\000\040\000I\000I}{part.1}% 7
\BOOKMARK [1][-]{section.2.1}{\376\377\000B\000a\000c\000k\000g\000r\000o\000u\000n\000d}{chapter.2}% 8
\BOOKMARK [1][-]{section.2.2}{\376\377\000E\000x\000p\000e\000r\000i\000m\000e\000n\000t\000a\000l\000\040\000P\000r\000o\000c\000e\000d\000u\000r\000e}{chapter.2}% 9
\BOOKMARK [2][-]{subsection.2.2.1}{\376\377\000P\000r\000e\000l\000i\000m\000i\000n\000a\000r\000y\000\040\000M\000e\000a\000s\000u\000r\000e\000m\000e\000n\000t\000s}{section.2.2}% 10
\BOOKMARK [2][-]{subsection.2.2.2}{\376\377\000M\000a\000i\000n\000\040\000D\000a\000t\000a\000\040\000C\000o\000l\000l\000e\000c\000t\000i\000o\000n}{section.2.2}% 11
\BOOKMARK [1][-]{section.2.3}{\376\377\000D\000a\000t\000a\000\040\000A\000n\000a\000l\000y\000s\000i\000s}{chapter.2}% 12
\BOOKMARK [0][-]{chapter.3}{\376\377\000A\000C\000\040\000M\000e\000a\000s\000u\000r\000e\000m\000e\000n\000t\000s\000\040\000a\000n\000d\000\040\000S\000o\000u\000r\000c\000e\000s}{part.1}% 13
\BOOKMARK [1][-]{section.3.1}{\376\377\000B\000a\000c\000k\000g\000r\000o\000u\000n\000d}{chapter.3}% 14
\BOOKMARK [2][-]{subsection.3.1.1}{\376\377\000D\000C\000\040\000V\000o\000l\000t\000a\000g\000e\000\040\000M\000e\000a\000s\000u\000r\000e\000m\000e\000n\000t\000s}{section.3.1}% 15
\BOOKMARK [2][-]{subsection.3.1.2}{\376\377\000A\000C\000\040\000V\000o\000l\000t\000a\000g\000e\000\040\000M\000e\000a\000s\000u\000r\000e\000m\000e\000n\000t}{section.3.1}% 16
\BOOKMARK [2][-]{subsection.3.1.3}{\376\377\000A\000C\000\040\000a\000n\000d\000\040\000D\000C\000\040\000M\000e\000a\000s\000u\000r\000e\000m\000e\000n\000t\000s}{section.3.1}% 17
\BOOKMARK [2][-]{subsection.3.1.4}{\376\377\000T\000h\000e\000\040\000F\000u\000n\000c\000t\000i\000o\000n\000\040\000G\000e\000n\000e\000r\000a\000t\000o\000r}{section.3.1}% 18
\BOOKMARK [2][-]{subsection.3.1.5}{\376\377\000T\000h\000e\000\040\000O\000s\000c\000i\000l\000l\000o\000s\000c\000o\000p\000e}{section.3.1}% 19
\BOOKMARK [1][-]{section.3.2}{\376\377\000E\000r\000r\000o\000r\000\040\000A\000n\000a\000l\000y\000s\000i\000s}{chapter.3}% 20
\BOOKMARK [2][-]{subsection.3.2.1}{\376\377\000O\000s\000c\000i\000l\000l\000o\000s\000c\000o\000p\000e}{section.3.2}% 21
\BOOKMARK [1][-]{section.3.3}{\376\377\000E\000x\000p\000e\000r\000i\000m\000e\000n\000t\000a\000l\000\040\000P\000r\000o\000c\000e\000d\000u\000r\000e}{chapter.3}% 22
\BOOKMARK [0][-]{chapter.4}{\376\377\000T\000r\000a\000v\000e\000l\000i\000n\000g\000\040\000W\000a\000v\000e\000s}{part.1}% 23
\BOOKMARK [1][-]{section.4.1}{\376\377\000B\000a\000c\000k\000g\000r\000o\000u\000n\000d}{chapter.4}% 24
\BOOKMARK [1][-]{section.4.2}{\376\377\000E\000x\000p\000e\000r\000i\000m\000e\000n\000t\000a\000l\000\040\000P\000r\000o\000c\000e\000d\000u\000r\000e}{chapter.4}% 25
\BOOKMARK [1][-]{section.4.3}{\376\377\000E\000r\000r\000o\000r\000\040\000A\000n\000a\000l\000y\000s\000i\000s}{chapter.4}% 26
\BOOKMARK [0][-]{chapter.5}{\376\377\000X\000-\000R\000a\000y\000\040\000D\000i\000f\000f\000r\000a\000c\000t\000i\000o\000n}{part.1}% 27
\BOOKMARK [1][-]{section.5.1}{\376\377\000B\000a\000c\000k\000g\000r\000o\000u\000n\000d}{chapter.5}% 28
\BOOKMARK [1][-]{section.5.2}{\376\377\000E\000x\000p\000e\000r\000i\000m\000e\000n\000t\000a\000l\000\040\000P\000r\000o\000c\000e\000d\000u\000r\000e}{chapter.5}% 29
\BOOKMARK [1][-]{section.5.3}{\376\377\000E\000r\000r\000o\000r\000\040\000A\000n\000a\000l\000y\000s\000i\000s}{chapter.5}% 30
\BOOKMARK [0][-]{chapter.6}{\376\377\000S\000p\000e\000c\000t\000r\000o\000s\000c\000o\000p\000y}{part.1}% 31
\BOOKMARK [1][-]{section.6.1}{\376\377\000B\000a\000c\000k\000g\000r\000o\000u\000n\000d}{chapter.6}% 32
\BOOKMARK [2][-]{subsection.6.1.1}{\376\377\000T\000h\000e\000\040\000S\000p\000e\000c\000t\000r\000o\000s\000c\000o\000p\000e}{section.6.1}% 33
\BOOKMARK [2][-]{subsection.6.1.2}{\376\377\000D\000i\000f\000f\000r\000a\000c\000t\000i\000o\000n\000\040\000G\000r\000a\000t\000i\000n\000g\000s}{section.6.1}% 34
\BOOKMARK [2][-]{subsection.6.1.3}{\376\377\000S\000p\000e\000c\000t\000r\000a\000l\000\040\000S\000o\000u\000r\000c\000e\000s}{section.6.1}% 35
\BOOKMARK [2][-]{subsection.6.1.4}{\376\377\000T\000h\000e\000\040\000H\000y\000d\000r\000o\000g\000e\000n\000\040\000A\000t\000o\000m}{section.6.1}% 36
\BOOKMARK [1][-]{section.6.2}{\376\377\000E\000x\000p\000e\000r\000i\000m\000e\000n\000t\000a\000l\000\040\000P\000r\000o\000c\000e\000d\000u\000r\000e}{chapter.6}% 37
\BOOKMARK [1][-]{section.6.3}{\376\377\000E\000r\000r\000o\000r\000\040\000A\000n\000a\000l\000y\000s\000i\000s}{chapter.6}% 38
\BOOKMARK [0][-]{chapter.7}{\376\377\000V\000o\000l\000t\000a\000g\000e\000\040\000D\000i\000v\000i\000d\000e\000r\000s\000\040\000a\000n\000d\000\040\000S\000o\000u\000r\000c\000e\000s}{part.1}% 39
\BOOKMARK [1][-]{section.7.1}{\376\377\000B\000a\000c\000k\000g\000r\000o\000u\000n\000d}{chapter.7}% 40
\BOOKMARK [1][-]{section.7.2}{\376\377\000E\000x\000p\000e\000r\000i\000m\000e\000n\000t\000a\000l\000\040\000P\000r\000o\000c\000e\000d\000u\000r\000e}{chapter.7}% 41
\BOOKMARK [1][-]{section.7.3}{\376\377\000E\000r\000r\000o\000r\000\040\000A\000n\000a\000l\000y\000s\000i\000s}{chapter.7}% 42
\BOOKMARK [0][-]{chapter.8}{\376\377\000F\000o\000u\000r\000i\000e\000r\000\040\000S\000e\000r\000i\000e\000s}{part.1}% 43
\BOOKMARK [1][-]{section.8.1}{\376\377\000B\000a\000c\000k\000g\000r\000o\000u\000n\000d}{chapter.8}% 44
\BOOKMARK [1][-]{section.8.2}{\376\377\000E\000x\000p\000e\000r\000i\000m\000e\000n\000t\000a\000l\000\040\000P\000r\000o\000c\000e\000d\000u\000r\000e}{chapter.8}% 45
\BOOKMARK [1][-]{section.8.3}{\376\377\000E\000r\000r\000o\000r\000\040\000A\000n\000a\000l\000y\000s\000i\000s}{chapter.8}% 46
\BOOKMARK [0][-]{chapter.9}{\376\377\000A\000C\000\040\000C\000i\000r\000c\000u\000i\000t\000\040\000a\000n\000d\000\040\000R\000L\000C\000\040\000R\000e\000s\000o\000n\000a\000n\000c\000e}{part.1}% 47
\BOOKMARK [1][-]{section.9.1}{\376\377\000B\000a\000c\000k\000g\000r\000o\000u\000n\000d}{chapter.9}% 48
\BOOKMARK [2][-]{subsection.9.1.1}{\376\377\000S\000e\000r\000i\000e\000s\000\040\000R\000L\000C\000\040\000C\000i\000r\000c\000u\000i\000t\000s}{section.9.1}% 49
\BOOKMARK [1][-]{section.9.2}{\376\377\000E\000x\000p\000e\000r\000i\000m\000e\000n\000t\000a\000l\000\040\000P\000r\000o\000c\000e\000d\000u\000r\000e}{chapter.9}% 50
\BOOKMARK [1][-]{section.9.3}{\376\377\000E\000r\000r\000o\000r\000\040\000A\000n\000a\000l\000y\000s\000i\000s}{chapter.9}% 51
\BOOKMARK [0][-]{chapter.10}{\376\377\000A\000C\000\040\000C\000i\000r\000c\000u\000i\000t\000s\000\040\000a\000n\000d\000\040\000V\000o\000l\000t\000a\000g\000e\000\040\000D\000i\000v\000i\000d\000e\000r\000s}{part.1}% 52
\BOOKMARK [1][-]{section.10.1}{\376\377\000R\000e\000s\000i\000s\000t\000o\000r\000-\000C\000a\000p\000a\000c\000i\000t\000o\000r\000\040\000F\000i\000l\000t\000e\000r\000s}{chapter.10}% 53
\BOOKMARK [1][-]{section.10.2}{\376\377\000A\000t\000t\000e\000n\000u\000a\000t\000o\000r\000\040\000P\000r\000o\000b\000e\000\040\000A\000d\000j\000u\000s\000t\000m\000e\000n\000t\000s\000\040\000a\000n\000d\000\040\000C\000o\000m\000p\000e\000n\000s\000a\000t\000i\000o\000n\000s}{chapter.10}% 54
\BOOKMARK [0][-]{chapter.11}{\376\377\000A\000C\000\040\000C\000i\000r\000c\000u\000i\000t\000s\000,\000\040\000W\000a\000v\000e\000f\000o\000r\000m\000s\000,\000\040\000a\000n\000d\000\040\000P\000h\000a\000s\000e}{part.1}% 55
\BOOKMARK [1][-]{section.11.1}{\376\377\000M\000e\000a\000s\000u\000r\000e\000m\000e\000n\000t\000\040\000o\000f\000\040\000S\000i\000n\000e\000\040\000W\000a\000v\000e\000\040\000A\000m\000p\000l\000i\000t\000u\000d\000e\000s}{chapter.11}% 56
\BOOKMARK [1][-]{section.11.2}{\376\377\000R\000C\000\040\000C\000i\000r\000c\000u\000i\000t\000\040\000C\000u\000r\000r\000e\000n\000t\000\040\000a\000n\000d\000\040\000V\000o\000l\000t\000a\000g\000e\000\040\000R\000e\000l\000a\000t\000i\000o\000n\000s\000h\000i\000p\000s}{chapter.11}% 57
\BOOKMARK [0][-]{chapter.12}{\376\377\000I\000n\000d\000u\000c\000t\000o\000r\000-\000R\000e\000s\000i\000s\000t\000o\000r\000-\000C\000a\000p\000a\000c\000i\000t\000o\000r\000\040\000F\000i\000l\000t\000e\000r\000s}{part.1}% 58
\BOOKMARK [1][-]{section.12.1}{\376\377\000Q\000u\000a\000l\000i\000t\000y\000\040\000F\000a\000c\000t\000o\000r}{chapter.12}% 59
\BOOKMARK [2][-]{subsection.12.1.1}{\376\377\000I\000m\000p\000o\000r\000t\000a\000n\000t\000\040\000f\000o\000r\000m\000u\000l\000a\000s}{section.12.1}% 60
\BOOKMARK [0][-]{chapter.13}{\376\377\000T\000r\000a\000n\000s\000f\000o\000r\000m\000e\000r\000\040\000V\000o\000l\000t\000a\000g\000e\000\040\000G\000a\000i\000n\000,\000\040\000G\000r\000o\000u\000n\000d\000\040\000I\000s\000o\000l\000a\000t\000i\000o\000n}{part.1}% 61
\BOOKMARK [0][-]{chapter.14}{\376\377\000I\000n\000t\000r\000o\000\040\000t\000o\000\040\000O\000p\000e\000r\000a\000t\000i\000o\000n\000a\000l\000\040\000A\000m\000p\000l\000i\000f\000i\000e\000r\000s}{part.1}% 62
\BOOKMARK [0][-]{chapter.15}{\376\377\000I\000n\000d\000u\000c\000t\000o\000r\000-\000R\000e\000s\000i\000s\000t\000o\000r\000-\000C\000a\000p\000a\000c\000i\000t\000o\000r\000\040\000F\000i\000l\000t\000e\000r\000s}{part.1}% 63
\BOOKMARK [0][-]{chapter.16}{\376\377\000B\000a\000n\000d\000w\000i\000d\000t\000h\000\040\000a\000n\000d\000\040\000S\000t\000a\000b\000i\000l\000i\000t\000y}{part.1}% 64
\BOOKMARK [1][-]{section.16.1}{\376\377\000L\000e\000c\000t\000u\000r\000e\000\040\000N\000o\000t\000e\000s}{chapter.16}% 65
\BOOKMARK [2][-]{subsection.16.1.1}{\376\377\000F\000r\000e\000q\000u\000e\000n\000c\000y\000\040\000R\000o\000l\000l\000o\000f\000f}{section.16.1}% 66
\BOOKMARK [0][-]{chapter.17}{\376\377\000B\000a\000s\000i\000c\000\040\000O\000p\000A\000m\000p\000\040\000D\000i\000f\000f\000e\000r\000e\000n\000c\000e\000\040\000A\000m\000p\000l\000i\000f\000i\000e\000r}{part.1}% 67
\BOOKMARK [1][-]{section.17.1}{\376\377\000L\000e\000c\000t\000u\000r\000e\000\040\000N\000o\000t\000e\000s\000:\000\040\000C\000o\000m\000m\000o\000n\000\040\000M\000o\000d\000e\000\040\000R\000e\000f\000e\000c\000t\000i\000o\000n}{chapter.17}% 68
\BOOKMARK [0][-]{chapter.18}{\376\377\000O\000p\000e\000r\000a\000t\000i\000o\000n\000a\000l\000\040\000A\000m\000p\000l\000i\000f\000i\000e\000r\000\040\000C\000o\000m\000p\000a\000r\000a\000t\000o\000r}{part.1}% 69
\BOOKMARK [0][-]{chapter.19}{\376\377\000A\000c\000t\000i\000v\000e\000\040\000F\000i\000l\000t\000e\000r\000s\000\040\000a\000n\000d\000\040\000A\000n\000t\000i\000-\000A\000l\000i\000a\000s\000i\000n\000g\000\040\000F\000i\000l\000t\000e\000r\000s}{part.1}% 70
\BOOKMARK [1][-]{section.19.1}{\376\377\000L\000e\000c\000t\000u\000r\000e\000\040\000N\000o\000t\000e\000s\000:\000\040\000S\000a\000m\000p\000l\000i\000n\000g\000,\000\040\000A\000l\000i\000a\000s\000i\000n\000g\000,\000\040\000a\000n\000d\000\040\000A\000n\000a\000l\000o\000g\000\040\000F\000i\000l\000t\000e\000r\000s}{chapter.19}% 71
\BOOKMARK [2][-]{subsection.19.1.1}{\376\377\000F\000i\000l\000t\000e\000r\000s}{section.19.1}% 72
\BOOKMARK [0][-]{chapter.20}{\376\377\000S\000w\000e\000p\000t\000\040\000F\000r\000e\000q\000u\000e\000n\000c\000y\000\040\000W\000a\000v\000e\000f\000o\000r\000m\000\040\000G\000e\000n\000e\000r\000a\000t\000o\000r\000,\000\040\000D\000F\000T}{part.1}% 73
\BOOKMARK [1][-]{section.20.1}{\376\377\000S\000p\000e\000c\000t\000r\000u\000m\000\040\000A\000n\000a\000l\000y\000z\000e\000r}{chapter.20}% 74
\BOOKMARK [0][-]{chapter.21}{\376\377\000L\000o\000c\000k\000-\000I\000n\000\040\000D\000e\000t\000e\000c\000t\000o\000r}{part.1}% 75
\BOOKMARK [-1][-]{part.2}{\376\377\000I\000I\000\040\000C\000i\000r\000c\000u\000i\000t\000\040\000T\000h\000e\000o\000r\000y}{}% 76
\BOOKMARK [0][-]{chapter.22}{\376\377\000I\000n\000t\000r\000o\000d\000u\000c\000t\000o\000r\000y\000\040\000E\000x\000a\000m\000p\000l\000e\000s}{part.2}% 77
\BOOKMARK [1][-]{section.22.1}{\376\377\000D\000i\000r\000e\000c\000t\000\040\000C\000u\000r\000r\000e\000n\000t\000\040\000a\000n\000d\000\040\000C\000i\000r\000c\000u\000i\000t\000\040\000L\000a\000w\000s}{chapter.22}% 78
\BOOKMARK [2][-]{subsection.22.1.1}{\376\377\000R\000e\000s\000i\000s\000t\000a\000n\000c\000e}{section.22.1}% 79
\BOOKMARK [2][-]{subsection.22.1.2}{\376\377\000C\000i\000r\000c\000u\000i\000t\000\040\000L\000a\000w\000s}{section.22.1}% 80
\BOOKMARK [2][-]{subsection.22.1.3}{\376\377\000V\000o\000l\000t\000m\000e\000t\000e\000r\000s\000\040\000a\000n\000d\000\040\000A\000m\000m\000e\000t\000e\000r\000s}{section.22.1}% 81
\BOOKMARK [2][-]{subsection.22.1.4}{\376\377\000T\000h\000\351\000v\000e\000n\000i\000n\000\040\000T\000h\000e\000o\000r\000e\000m\000s}{section.22.1}% 82
\BOOKMARK [1][-]{section.22.2}{\376\377\000R\000L\000C\000\040\000C\000i\000r\000c\000u\000i\000t\000s}{chapter.22}% 83
\BOOKMARK [2][-]{subsection.22.2.1}{\376\377\000P\000h\000a\000s\000o\000r\000s}{section.22.2}% 84
\BOOKMARK [2][-]{subsection.22.2.2}{\376\377\000C\000a\000p\000a\000c\000i\000t\000o\000r\000s}{section.22.2}% 85
\BOOKMARK [2][-]{subsection.22.2.3}{\376\377\000I\000n\000d\000u\000c\000t\000o\000r}{section.22.2}% 86
\BOOKMARK [2][-]{subsection.22.2.4}{\376\377\000A\000C\000\040\000C\000u\000r\000r\000e\000n\000t}{section.22.2}% 87
\BOOKMARK [2][-]{subsection.22.2.5}{\376\377\000S\000e\000r\000i\000e\000s\000\040\000R\000L\000C\000\040\000C\000i\000r\000c\000u\000i\000t}{section.22.2}% 88
\BOOKMARK [0][-]{chapter.23}{\376\377\000A\000C\000\040\000S\000o\000u\000r\000c\000e\000s\000,\000\040\000W\000a\000v\000e\000f\000o\000r\000m\000s}{part.2}% 89
\BOOKMARK [1][-]{section.23.1}{\376\377\000L\000o\000a\000d\000e\000d\000\040\000I\000d\000e\000a\000l\000\040\000A\000C\000\040\000V\000o\000l\000t\000a\000g\000e\000\040\000G\000e\000n\000e\000r\000a\000t\000o\000r}{chapter.23}% 90
\BOOKMARK [1][-]{section.23.2}{\376\377\000T\000h\000r\000e\000e\000\040\000F\000u\000n\000d\000a\000m\000e\000n\000t\000a\000l\000\040\000C\000i\000r\000c\000u\000i\000t\000s}{chapter.23}% 91
\BOOKMARK [0][-]{chapter.24}{\376\377\000P\000h\000a\000s\000o\000r\000\040\000A\000n\000a\000l\000y\000s\000i\000s}{part.2}% 92
\BOOKMARK [1][-]{section.24.1}{\376\377\000P\000h\000a\000s\000o\000r\000s\000\040\000a\000n\000d\000\040\000C\000o\000m\000p\000l\000e\000x\000\040\000S\000i\000n\000u\000s\000o\000i\000d\000s}{chapter.24}% 93
\BOOKMARK [1][-]{section.24.2}{\376\377\000K\000i\000r\000c\000h\000h\000o\000f\000f\000'\000s\000\040\000R\000u\000l\000e\000s}{chapter.24}% 94
\BOOKMARK [1][-]{section.24.3}{\376\377\000P\000h\000a\000s\000o\000r\000\040\000S\000u\000m\000m\000a\000r\000y}{chapter.24}% 95
\BOOKMARK [1][-]{section.24.4}{\376\377\000C\000o\000m\000p\000l\000e\000x\000\040\000I\000m\000p\000e\000d\000a\000n\000c\000e}{chapter.24}% 96
\BOOKMARK [0][-]{chapter.25}{\376\377\000I\000m\000p\000e\000d\000a\000n\000c\000e\000s\000\040\000i\000n\000\040\000S\000e\000r\000i\000e\000s}{part.2}% 97
\BOOKMARK [1][-]{section.25.1}{\376\377\000I\000m\000p\000e\000d\000a\000n\000c\000e\000s\000\040\000o\000f\000\040\000S\000i\000m\000p\000l\000e\000\040\000L\000i\000n\000e\000a\000r\000\040\000D\000e\000v\000i\000c\000e\000s}{chapter.25}% 98
\BOOKMARK [1][-]{section.25.2}{\376\377\000T\000h\000e\000\040\000V\000o\000l\000t\000a\000g\000e\000\040\000D\000i\000v\000i\000d\000e\000r}{chapter.25}% 99
\BOOKMARK [1][-]{section.25.3}{\376\377\000T\000h\000e\000\040\000R\000C\000\040\000S\000e\000r\000i\000e\000s\000\040\000C\000i\000r\000c\000u\000i\000t}{chapter.25}% 100
\BOOKMARK [0][-]{chapter.26}{\376\377\000T\000h\000e\000\040\000S\000e\000r\000i\000e\000s\000\040\000R\000L\000C\000\040\000C\000i\000r\000c\000u\000i\000t}{part.2}% 101
\BOOKMARK [1][-]{section.26.1}{\376\377\000D\000i\000f\000f\000e\000r\000e\000n\000t\000i\000a\000l\000\040\000E\000q\000u\000a\000t\000i\000o\000n\000\040\000f\000o\000r\000\040\000t\000h\000e\000\040\000R\000L\000C\000\040\000c\000i\000r\000c\000u\000i\000t}{chapter.26}% 102
\BOOKMARK [1][-]{section.26.2}{\376\377\000R\000e\000s\000o\000n\000a\000n\000c\000e\000\040\000i\000n\000\040\000t\000h\000e\000\040\000S\000e\000r\000i\000e\000s\000\040\000R\000L\000C\000\040\000C\000i\000r\000c\000u\000i\000t}{chapter.26}% 103
\BOOKMARK [1][-]{section.26.3}{\376\377\000V\000o\000l\000t\000a\000g\000e\000\040\000C\000h\000a\000r\000a\000c\000t\000e\000r\000i\000s\000t\000i\000c\000s}{chapter.26}% 104
\BOOKMARK [0][-]{chapter.27}{\376\377\000I\000m\000p\000e\000d\000a\000n\000c\000e\000s\000\040\000i\000n\000\040\000P\000a\000r\000a\000l\000l\000e\000l}{part.2}% 105
\BOOKMARK [0][-]{chapter.28}{\376\377\000M\000o\000d\000e\000l\000s\000\040\000o\000f\000\040\000R\000e\000a\000l\000\040\000A\000C\000\040\000S\000o\000u\000r\000c\000e\000s\000;\000\040\000T\000h\000\351\000v\000e\000n\000i\000n\000'\000s\000\040\000T\000h\000e\000o\000r\000e\000m}{part.2}% 106
\BOOKMARK [0][-]{chapter.29}{\376\377\000P\000o\000w\000e\000r\000\040\000D\000i\000s\000s\000i\000p\000a\000t\000i\000o\000n}{part.2}% 107
\BOOKMARK [-1][-]{part.3}{\376\377\000I\000I\000I\000\040\000O\000p\000e\000r\000a\000t\000i\000o\000n\000a\000l\000\040\000A\000m\000p\000l\000i\000f\000i\000e\000r\000s\000,\000\040\000L\000i\000n\000e\000a\000r\000\040\000S\000y\000s\000t\000e\000m\000s\000,\000\040\000a\000n\000d\000\040\000t\000h\000e\000\040\000F\000o\000u\000r\000i\000e\000r\000\040\000T\000r\000a\000n\000s\000f\000o\000r\000m}{}% 108
\BOOKMARK [0][-]{chapter.30}{\376\377\000O\000p\000e\000r\000a\000t\000i\000o\000n\000a\000l\000\040\000A\000m\000p\000l\000i\000f\000i\000e\000r\000s}{part.3}% 109
\BOOKMARK [0][-]{chapter.31}{\376\377\000L\000i\000n\000e\000a\000r\000\040\000T\000w\000o\000-\000p\000o\000r\000t\000s\000:\000\040\000T\000r\000a\000n\000s\000f\000e\000r\000\040\000F\000u\000n\000c\000t\000i\000o\000n\000,\000\040\000I\000m\000p\000u\000l\000s\000e\000\040\000R\000e\000s\000p\000o\000n\000s\000e}{part.3}% 110
\BOOKMARK [0][-]{chapter.32}{\376\377\000T\000i\000m\000e\000\040\000a\000n\000d\000\040\000F\000r\000e\000q\000u\000e\000n\000c\000y\000\040\000D\000o\000m\000a\000i\000n\000s}{part.3}% 111
\BOOKMARK [0][-]{chapter.33}{\376\377\000D\000a\000t\000a\000\040\000S\000a\000m\000p\000l\000i\000n\000g}{part.3}% 112
\BOOKMARK [0][-]{chapter.34}{\376\377\000A\000n\000a\000l\000o\000g\000\040\000F\000i\000l\000t\000e\000r\000\040\000D\000e\000s\000i\000g\000n}{part.3}% 113
\BOOKMARK [-1][-]{part.4}{\376\377\000I\000V\000\040\000S\000e\000m\000i\000c\000o\000n\000d\000u\000c\000t\000o\000r\000s\000,\000\040\000D\000i\000o\000d\000e\000s\000,\000\040\000a\000n\000d\000\040\000T\000r\000a\000n\000s\000i\000s\000t\000o\000r\000s}{}% 114
\BOOKMARK [0][-]{chapter.35}{\376\377\000S\000e\000m\000i\000c\000o\000n\000d\000u\000c\000t\000o\000r\000s}{part.4}% 115
\BOOKMARK [0][-]{chapter.36}{\376\377\000D\000i\000o\000d\000e\000s}{part.4}% 116
\BOOKMARK [0][-]{chapter.37}{\376\377\000T\000r\000a\000n\000s\000i\000s\000t\000o\000r\000s}{part.4}% 117
\BOOKMARK [-1][-]{part.5}{\376\377\000V\000\040\000L\000a\000b\000o\000r\000a\000t\000o\000r\000y\000\040\000D\000e\000s\000i\000g\000n\000s\000\040\000a\000n\000d\000\040\000T\000h\000e\000o\000r\000y}{}% 118
\BOOKMARK [0][-]{section.1.37.A}{\376\377\000T\000r\000a\000v\000e\000l\000i\000n\000g\000\040\000W\000a\000v\000e\000s\000\040\000T\000h\000e\000o\000r\000y}{part.5}% 119
\BOOKMARK [1][-]{section.1.37.B}{\376\377\000X\000-\000R\000a\000y\000\040\000T\000h\000e\000o\000r\000y}{section.1.37.A}% 120
\BOOKMARK [1][-]{section.1.37.C}{\376\377\000S\000p\000e\000c\000t\000r\000o\000s\000c\000o\000p\000y\000\040\000T\000h\000e\000o\000r\000y}{section.1.37.A}% 121
\BOOKMARK [0][-]{section*.1}{\376\377\000A\000p\000p\000e\000n\000d\000i\000c\000e\000s}{part.5}% 122
\BOOKMARK [1][-]{section.2..1}{\376\377\000U\000n\000c\000e\000r\000t\000a\000i\000n\000t\000y\000\040\000a\000n\000d\000\040\000M\000e\000a\000s\000u\000r\000e\000m\000e\000n\000t}{section*.1}% 123
\BOOKMARK [2][-]{subsection.2..1.1}{\376\377\000T\000y\000p\000e\000\040\000A\000\040\000U\000n\000c\000e\000r\000t\000a\000i\000n\000t\000y}{section.2..1}% 124
\BOOKMARK [2][-]{subsection.2..1.2}{\376\377\000Q\000u\000a\000n\000t\000i\000f\000y\000i\000n\000g\000\040\000S\000t\000a\000n\000d\000a\000r\000d\000\040\000U\000n\000c\000e\000r\000t\000a\000i\000n\000t\000i\000e\000s}{section.2..1}% 125
\BOOKMARK [2][-]{subsection.2..1.3}{\376\377\000T\000y\000p\000e\000\040\000B\000\040\000U\000n\000c\000e\000r\000t\000a\000i\000n\000t\000i\000e\000s}{section.2..1}% 126
\BOOKMARK [2][-]{subsection.2..1.4}{\376\377\000C\000o\000m\000b\000i\000n\000i\000n\000g\000\040\000U\000n\000c\000e\000r\000t\000a\000i\000n\000t\000i\000e\000s}{section.2..1}% 127
\BOOKMARK [2][-]{subsection.2..1.5}{\376\377\000R\000e\000p\000o\000r\000t\000i\000n\000g\000\040\000U\000n\000c\000e\000r\000t\000a\000i\000n\000t\000i\000e\000s}{section.2..1}% 128
\BOOKMARK [2][-]{subsection.2..1.6}{\376\377\000C\000o\000m\000p\000a\000r\000i\000n\000g\000\040\000a\000\040\000M\000e\000a\000s\000u\000r\000e\000m\000e\000n\000t\000\040\000w\000i\000t\000h\000\040\000a\000n\000\040\000E\000x\000p\000e\000c\000t\000e\000d\000\040\000V\000a\000l\000u\000e}{section.2..1}% 129
\BOOKMARK [2][-]{subsection.2..1.7}{\376\377\000L\000i\000n\000e\000\040\000F\000i\000t\000t\000i\000n\000g}{section.2..1}% 130
\BOOKMARK [2][-]{subsection.2..1.8}{\376\377\000L\000i\000n\000e\000\040\000F\000i\000t\000t\000i\000n\000g\000\040\000w\000i\000t\000h\000\040\000M\000e\000a\000s\000u\000r\000e\000m\000e\000n\000t\000\040\000U\000n\000c\000e\000r\000t\000a\000i\000n\000t\000y}{section.2..1}% 131
\BOOKMARK [1][-]{section.2..2}{\376\377\000G\000r\000a\000p\000h\000i\000n\000g\000\040\000a\000n\000d\000\040\000L\000a\000b\000\040\000R\000e\000p\000o\000r\000t\000s}{section*.1}% 132
\BOOKMARK [1][-]{section.2..3}{\376\377\000P\000r\000e\000s\000e\000n\000t\000a\000t\000i\000o\000n\000\040\000T\000i\000p\000s}{section*.1}% 133
\BOOKMARK [1][-]{section.2..4}{\376\377\000P\000a\000p\000e\000r\000\040\000T\000i\000p\000s}{section*.1}% 134
\BOOKMARK [2][-]{subsection.2..4.1}{\376\377\000W\000r\000i\000t\000i\000n\000g\000\040\000a\000\040\000R\000e\000s\000e\000a\000r\000c\000h\000\040\000P\000r\000o\000p\000o\000s\000a\000l}{section.2..4}% 135
\BOOKMARK [2][-]{subsection.2..4.2}{\376\377\000R\000e\000f\000e\000r\000e\000n\000c\000e\000s}{section.2..4}% 136
\BOOKMARK [2][-]{subsection.2..4.3}{\376\377\000E\000x\000a\000m\000p\000l\000e\000-\000O\000u\000t\000l\000i\000n\000e}{section.2..4}% 137
\BOOKMARK [2][-]{subsection.2..4.4}{\376\377\000P\000e\000e\000r\000\040\000R\000e\000v\000i\000e\000w\000i\000n\000g}{section.2..4}% 138
