\BOOKMARK [-1][-]{part.1}{\376\377\000I\000\040\000U\000n\000c\000e\000r\000t\000a\000i\000n\000t\000y\000\040\000a\000n\000d\000\040\000M\000e\000a\000s\000u\000r\000e\000m\000e\000n\000t}{}% 1
\BOOKMARK [0][-]{chapter.1}{\376\377\000N\000a\000i\000v\000e\000\040\000U\000n\000d\000e\000r\000g\000r\000a\000d\000u\000a\000t\000e\000\040\000U\000n\000c\000e\000r\000t\000a\000i\000n\000t\000y}{part.1}% 2
\BOOKMARK [1][-]{section.1.1}{\376\377\000U\000n\000c\000e\000r\000t\000a\000i\000n\000t\000y\000\040\000a\000n\000d\000\040\000M\000e\000a\000s\000u\000r\000e\000m\000e\000n\000t}{chapter.1}% 3
\BOOKMARK [2][-]{subsection.1.1.1}{\376\377\000T\000y\000p\000e\000\040\000A\000\040\000U\000n\000c\000e\000r\000t\000a\000i\000n\000t\000y}{section.1.1}% 4
\BOOKMARK [2][-]{subsection.1.1.2}{\376\377\000Q\000u\000a\000n\000t\000i\000f\000y\000i\000n\000g\000\040\000S\000t\000a\000n\000d\000a\000r\000d\000\040\000U\000n\000c\000e\000r\000t\000a\000i\000n\000t\000i\000e\000s}{section.1.1}% 5
\BOOKMARK [2][-]{subsection.1.1.3}{\376\377\000T\000y\000p\000e\000\040\000B\000\040\000U\000n\000c\000e\000r\000t\000a\000i\000n\000t\000i\000e\000s}{section.1.1}% 6
\BOOKMARK [2][-]{subsection.1.1.4}{\376\377\000C\000o\000m\000b\000i\000n\000i\000n\000g\000\040\000U\000n\000c\000e\000r\000t\000a\000i\000n\000t\000i\000e\000s}{section.1.1}% 7
\BOOKMARK [2][-]{subsection.1.1.5}{\376\377\000R\000e\000p\000o\000r\000t\000i\000n\000g\000\040\000U\000n\000c\000e\000r\000t\000a\000i\000n\000t\000i\000e\000s}{section.1.1}% 8
\BOOKMARK [2][-]{subsection.1.1.6}{\376\377\000C\000o\000m\000p\000a\000r\000i\000n\000g\000\040\000a\000\040\000M\000e\000a\000s\000u\000r\000e\000m\000e\000n\000t\000\040\000w\000i\000t\000h\000\040\000a\000n\000\040\000E\000x\000p\000e\000c\000t\000e\000d\000\040\000V\000a\000l\000u\000e}{section.1.1}% 9
\BOOKMARK [2][-]{subsection.1.1.7}{\376\377\000L\000i\000n\000e\000\040\000F\000i\000t\000t\000i\000n\000g}{section.1.1}% 10
\BOOKMARK [2][-]{subsection.1.1.8}{\376\377\000L\000i\000n\000e\000\040\000F\000i\000t\000t\000i\000n\000g\000\040\000w\000i\000t\000h\000\040\000M\000e\000a\000s\000u\000r\000e\000m\000e\000n\000t\000\040\000U\000n\000c\000e\000r\000t\000a\000i\000n\000t\000y}{section.1.1}% 11
\BOOKMARK [0][-]{chapter.2}{\376\377\000A\000d\000v\000a\000n\000c\000e\000d\000\040\000U\000n\000c\000e\000r\000t\000a\000i\000n\000t\000y\000\040\000A\000n\000a\000l\000y\000s\000i\000s\000\040\000U\000s\000i\000n\000g\000\040\000G\000U\000M}{part.1}% 12
\BOOKMARK [1][-]{section.2.1}{\376\377\000I\000n\000t\000r\000o\000d\000u\000c\000t\000i\000o\000n}{chapter.2}% 13
\BOOKMARK [2][-]{subsection.2.1.1}{\376\377\000T\000h\000e\000\040\000l\000a\000s\000e\000r}{section.2.1}% 14
\BOOKMARK [1][-]{section.2.2}{\376\377\000M\000e\000a\000s\000u\000r\000e\000m\000e\000n\000t\000\040\000F\000u\000n\000d\000a\000m\000e\000n\000t\000a\000l\000s}{chapter.2}% 15
\BOOKMARK [2][-]{subsection.2.2.1}{\376\377\000P\000r\000o\000p\000o\000r\000t\000i\000o\000n\000a\000l\000\040\000u\000n\000c\000e\000r\000t\000a\000i\000n\000t\000y}{section.2.2}% 16
\BOOKMARK [1][-]{section.2.3}{\376\377\000T\000e\000r\000m\000s\000\040\000u\000s\000e\000d\000\040\000i\000n\000\040\000m\000e\000a\000s\000u\000r\000e\000m\000e\000n\000t}{chapter.2}% 17
\BOOKMARK [2][-]{subsection.2.3.1}{\376\377\000M\000e\000a\000s\000u\000r\000e\000m\000e\000n\000t\000\040\000a\000n\000d\000\040\000r\000e\000l\000a\000t\000e\000d\000\040\000t\000e\000r\000m\000s}{section.2.3}% 18
\BOOKMARK [2][-]{subsection.2.3.2}{\376\377\000C\000a\000l\000i\000b\000r\000a\000t\000i\000o\000n}{section.2.3}% 19
\BOOKMARK [2][-]{subsection.2.3.3}{\376\377\000V\000a\000l\000u\000e}{section.2.3}% 20
\BOOKMARK [2][-]{subsection.2.3.4}{\376\377\000e\000r\000r\000o\000r}{section.2.3}% 21
\BOOKMARK [2][-]{subsection.2.3.5}{\376\377\000U\000n\000c\000e\000r\000t\000a\000i\000n\000t\000y}{section.2.3}% 22
\BOOKMARK [2][-]{subsection.2.3.6}{\376\377\000R\000e\000p\000e\000a\000t\000a\000b\000i\000l\000i\000t\000y\000\040\000a\000n\000d\000\040\000R\000e\000p\000r\000o\000d\000u\000c\000i\000b\000i\000l\000i\000t\000y}{section.2.3}% 23
\BOOKMARK [1][-]{section.2.4}{\376\377\000A\000n\000\040\000i\000n\000t\000r\000o\000d\000u\000c\000t\000i\000o\000n\000\040\000t\000o\000\040\000u\000n\000c\000e\000r\000t\000a\000i\000n\000t\000y\000\040\000i\000n\000\040\000m\000e\000a\000s\000u\000r\000e\000m\000e\000n\000t}{chapter.2}% 24
\BOOKMARK [2][-]{subsection.2.4.1}{\376\377\000M\000e\000a\000s\000u\000r\000e\000m\000e\000n\000t\000\040\000a\000n\000d\000\040\000e\000r\000r\000o\000r}{section.2.4}% 25
\BOOKMARK [2][-]{subsection.2.4.2}{\376\377\000D\000i\000s\000p\000e\000r\000s\000i\000o\000n\000\040\000o\000f\000\040\000D\000a\000t\000a}{section.2.4}% 26
\BOOKMARK [2][-]{subsection.2.4.3}{\376\377\000U\000n\000c\000e\000r\000t\000a\000i\000n\000t\000y\000\040\000i\000n\000\040\000t\000h\000e\000\040\000e\000s\000t\000i\000m\000a\000t\000e\000\040\000o\000f\000\040\000u\000n\000c\000e\000r\000t\000a\000i\000n\000t\000y}{section.2.4}% 27
\BOOKMARK [2][-]{subsection.2.4.4}{\376\377\000C\000o\000m\000b\000i\000n\000i\000n\000g\000\040\000s\000t\000a\000n\000d\000a\000r\000d\000\040\000u\000n\000c\000e\000r\000t\000a\000i\000n\000t\000i\000e\000s}{section.2.4}% 28
\BOOKMARK [1][-]{section.2.5}{\376\377\000S\000t\000a\000t\000i\000s\000t\000i\000c\000a\000l\000\040\000C\000o\000n\000c\000e\000p\000t\000s}{chapter.2}% 29
\BOOKMARK [2][-]{subsection.2.5.1}{\376\377\000R\000e\000s\000i\000d\000u\000a\000l\000s\000\040\000a\000n\000d\000\040\000d\000e\000g\000r\000e\000e\000s\000\040\000o\000f\000\040\000f\000r\000e\000e\000d\000o\000m}{section.2.5}% 30
\BOOKMARK [2][-]{subsection.2.5.2}{\376\377\000L\000e\000a\000s\000t\000-\000s\000q\000u\000a\000r\000e\000s\000\040\000m\000o\000d\000e\000l\000i\000n\000g}{section.2.5}% 31
\BOOKMARK [2][-]{subsection.2.5.3}{\376\377\000S\000t\000a\000n\000d\000a\000r\000d\000\040\000u\000n\000c\000e\000r\000t\000a\000i\000n\000t\000i\000e\000s\000\040\000o\000f\000\040\000e\000s\000t\000i\000m\000a\000t\000e\000s}{section.2.5}% 32
\BOOKMARK [2][-]{subsection.2.5.4}{\376\377\000C\000o\000v\000a\000r\000i\000a\000n\000c\000e\000\040\000a\000n\000d\000\040\000c\000o\000r\000r\000e\000l\000a\000t\000i\000o\000n}{section.2.5}% 33
\BOOKMARK [1][-]{section.2.6}{\376\377\000S\000y\000s\000t\000e\000m\000a\000t\000i\000c\000\040\000e\000r\000r\000o\000r}{chapter.2}% 34
\BOOKMARK [-1][-]{part.2}{\376\377\000I\000I\000\040\000S\000c\000i\000e\000n\000t\000i\000f\000i\000c\000\040\000C\000o\000m\000m\000u\000n\000i\000c\000a\000t\000i\000o\000n}{}% 35
\BOOKMARK [0][-]{chapter.3}{\376\377\000G\000e\000n\000e\000r\000a\000l\000\040\000A\000d\000v\000i\000c\000e}{part.2}% 36
\BOOKMARK [1][-]{section.3.1}{\376\377\000H\000o\000w\000\040\000T\000o\000\040\000S\000p\000e\000a\000k}{chapter.3}% 37
\BOOKMARK [1][-]{section.3.2}{\376\377\000W\000r\000i\000t\000i\000n\000g\000\040\000A\000\040\000S\000c\000i\000e\000n\000t\000i\000f\000i\000c\000\040\000P\000a\000p\000e\000r}{chapter.3}% 38
\BOOKMARK [2][-]{subsection.3.2.1}{\376\377\0001\0000\000\040\000S\000t\000e\000p\000s}{section.3.2}% 39
\BOOKMARK [2][-]{subsection.3.2.2}{\376\377\000F\000i\000r\000s\000t\000-\000C\000l\000a\000s\000s\000\040\000P\000a\000p\000e\000r\000\040\000W\000r\000i\000t\000i\000n\000g}{section.3.2}% 40
\BOOKMARK [-1][-]{part.3}{\376\377\000I\000I\000I\000\040\000P\000h\000y\000s\000\040\0004\0009\0007\000\040\000L\000a\000b\000o\000r\000a\000t\000o\000r\000i\000e\000s}{}% 41
\BOOKMARK [0][-]{chapter.4}{\376\377\000P\000e\000n\000d\000u\000l\000u\000m}{part.3}% 42
\BOOKMARK [1][-]{section.4.1}{\376\377\000B\000a\000c\000k\000g\000r\000o\000u\000n\000d}{chapter.4}% 43
\BOOKMARK [1][-]{section.4.2}{\376\377\000E\000x\000p\000e\000r\000i\000m\000e\000n\000t\000a\000l\000\040\000P\000r\000o\000c\000e\000d\000u\000r\000e}{chapter.4}% 44
\BOOKMARK [2][-]{subsection.4.2.1}{\376\377\000P\000r\000e\000l\000i\000m\000i\000n\000a\000r\000y\000\040\000M\000e\000a\000s\000u\000r\000e\000m\000e\000n\000t\000s}{section.4.2}% 45
\BOOKMARK [2][-]{subsection.4.2.2}{\376\377\000M\000a\000i\000n\000\040\000D\000a\000t\000a\000\040\000C\000o\000l\000l\000e\000c\000t\000i\000o\000n}{section.4.2}% 46
\BOOKMARK [0][-]{chapter.5}{\376\377\000P\000e\000n\000d\000u\000l\000u\000m\000\040\000I\000I}{part.3}% 47
\BOOKMARK [1][-]{section.5.1}{\376\377\000B\000a\000c\000k\000g\000r\000o\000u\000n\000d}{chapter.5}% 48
\BOOKMARK [1][-]{section.5.2}{\376\377\000E\000x\000p\000e\000r\000i\000m\000e\000n\000t\000a\000l\000\040\000P\000r\000o\000c\000e\000d\000u\000r\000e}{chapter.5}% 49
\BOOKMARK [2][-]{subsection.5.2.1}{\376\377\000P\000r\000e\000l\000i\000m\000i\000n\000a\000r\000y\000\040\000M\000e\000a\000s\000u\000r\000e\000m\000e\000n\000t\000s}{section.5.2}% 50
\BOOKMARK [2][-]{subsection.5.2.2}{\376\377\000M\000a\000i\000n\000\040\000D\000a\000t\000a\000\040\000C\000o\000l\000l\000e\000c\000t\000i\000o\000n}{section.5.2}% 51
\BOOKMARK [1][-]{section.5.3}{\376\377\000D\000a\000t\000a\000\040\000A\000n\000a\000l\000y\000s\000i\000s}{chapter.5}% 52
\BOOKMARK [0][-]{chapter.6}{\376\377\000A\000C\000\040\000M\000e\000a\000s\000u\000r\000e\000m\000e\000n\000t\000s\000\040\000a\000n\000d\000\040\000S\000o\000u\000r\000c\000e\000s}{part.3}% 53
\BOOKMARK [1][-]{section.6.1}{\376\377\000B\000a\000c\000k\000g\000r\000o\000u\000n\000d}{chapter.6}% 54
\BOOKMARK [2][-]{subsection.6.1.1}{\376\377\000D\000C\000\040\000V\000o\000l\000t\000a\000g\000e\000\040\000M\000e\000a\000s\000u\000r\000e\000m\000e\000n\000t\000s}{section.6.1}% 55
\BOOKMARK [2][-]{subsection.6.1.2}{\376\377\000A\000C\000\040\000V\000o\000l\000t\000a\000g\000e\000\040\000M\000e\000a\000s\000u\000r\000e\000m\000e\000n\000t}{section.6.1}% 56
\BOOKMARK [2][-]{subsection.6.1.3}{\376\377\000A\000C\000\040\000a\000n\000d\000\040\000D\000C\000\040\000M\000e\000a\000s\000u\000r\000e\000m\000e\000n\000t\000s}{section.6.1}% 57
\BOOKMARK [2][-]{subsection.6.1.4}{\376\377\000T\000h\000e\000\040\000F\000u\000n\000c\000t\000i\000o\000n\000\040\000G\000e\000n\000e\000r\000a\000t\000o\000r}{section.6.1}% 58
\BOOKMARK [2][-]{subsection.6.1.5}{\376\377\000T\000h\000e\000\040\000O\000s\000c\000i\000l\000l\000o\000s\000c\000o\000p\000e}{section.6.1}% 59
\BOOKMARK [1][-]{section.6.2}{\376\377\000E\000r\000r\000o\000r\000\040\000A\000n\000a\000l\000y\000s\000i\000s}{chapter.6}% 60
\BOOKMARK [2][-]{subsection.6.2.1}{\376\377\000O\000s\000c\000i\000l\000l\000o\000s\000c\000o\000p\000e}{section.6.2}% 61
\BOOKMARK [1][-]{section.6.3}{\376\377\000E\000x\000p\000e\000r\000i\000m\000e\000n\000t\000a\000l\000\040\000P\000r\000o\000c\000e\000d\000u\000r\000e}{chapter.6}% 62
\BOOKMARK [0][-]{chapter.7}{\376\377\000T\000r\000a\000v\000e\000l\000i\000n\000g\000\040\000W\000a\000v\000e\000s}{part.3}% 63
\BOOKMARK [1][-]{section.7.1}{\376\377\000B\000a\000c\000k\000g\000r\000o\000u\000n\000d}{chapter.7}% 64
\BOOKMARK [1][-]{section.7.2}{\376\377\000E\000x\000p\000e\000r\000i\000m\000e\000n\000t\000a\000l\000\040\000P\000r\000o\000c\000e\000d\000u\000r\000e}{chapter.7}% 65
\BOOKMARK [1][-]{section.7.3}{\376\377\000E\000r\000r\000o\000r\000\040\000A\000n\000a\000l\000y\000s\000i\000s}{chapter.7}% 66
\BOOKMARK [0][-]{chapter.8}{\376\377\000X\000-\000R\000a\000y\000\040\000D\000i\000f\000f\000r\000a\000c\000t\000i\000o\000n}{part.3}% 67
\BOOKMARK [1][-]{section.8.1}{\376\377\000B\000a\000c\000k\000g\000r\000o\000u\000n\000d}{chapter.8}% 68
\BOOKMARK [1][-]{section.8.2}{\376\377\000E\000x\000p\000e\000r\000i\000m\000e\000n\000t\000a\000l\000\040\000P\000r\000o\000c\000e\000d\000u\000r\000e}{chapter.8}% 69
\BOOKMARK [1][-]{section.8.3}{\376\377\000E\000r\000r\000o\000r\000\040\000A\000n\000a\000l\000y\000s\000i\000s}{chapter.8}% 70
\BOOKMARK [0][-]{chapter.9}{\376\377\000S\000p\000e\000c\000t\000r\000o\000s\000c\000o\000p\000y}{part.3}% 71
\BOOKMARK [1][-]{section.9.1}{\376\377\000B\000a\000c\000k\000g\000r\000o\000u\000n\000d}{chapter.9}% 72
\BOOKMARK [2][-]{subsection.9.1.1}{\376\377\000T\000h\000e\000\040\000S\000p\000e\000c\000t\000r\000o\000s\000c\000o\000p\000e}{section.9.1}% 73
\BOOKMARK [2][-]{subsection.9.1.2}{\376\377\000D\000i\000f\000f\000r\000a\000c\000t\000i\000o\000n\000\040\000G\000r\000a\000t\000i\000n\000g\000s}{section.9.1}% 74
\BOOKMARK [2][-]{subsection.9.1.3}{\376\377\000S\000p\000e\000c\000t\000r\000a\000l\000\040\000S\000o\000u\000r\000c\000e\000s}{section.9.1}% 75
\BOOKMARK [2][-]{subsection.9.1.4}{\376\377\000T\000h\000e\000\040\000H\000y\000d\000r\000o\000g\000e\000n\000\040\000A\000t\000o\000m}{section.9.1}% 76
\BOOKMARK [1][-]{section.9.2}{\376\377\000E\000x\000p\000e\000r\000i\000m\000e\000n\000t\000a\000l\000\040\000P\000r\000o\000c\000e\000d\000u\000r\000e}{chapter.9}% 77
\BOOKMARK [1][-]{section.9.3}{\376\377\000E\000r\000r\000o\000r\000\040\000A\000n\000a\000l\000y\000s\000i\000s}{chapter.9}% 78
\BOOKMARK [0][-]{chapter.10}{\376\377\000V\000o\000l\000t\000a\000g\000e\000\040\000D\000i\000v\000i\000d\000e\000r\000s\000\040\000a\000n\000d\000\040\000S\000o\000u\000r\000c\000e\000s}{part.3}% 79
\BOOKMARK [1][-]{section.10.1}{\376\377\000B\000a\000c\000k\000g\000r\000o\000u\000n\000d}{chapter.10}% 80
\BOOKMARK [1][-]{section.10.2}{\376\377\000E\000x\000p\000e\000r\000i\000m\000e\000n\000t\000a\000l\000\040\000P\000r\000o\000c\000e\000d\000u\000r\000e}{chapter.10}% 81
\BOOKMARK [1][-]{section.10.3}{\376\377\000E\000r\000r\000o\000r\000\040\000A\000n\000a\000l\000y\000s\000i\000s}{chapter.10}% 82
\BOOKMARK [0][-]{chapter.11}{\376\377\000F\000o\000u\000r\000i\000e\000r\000\040\000S\000e\000r\000i\000e\000s}{part.3}% 83
\BOOKMARK [1][-]{section.11.1}{\376\377\000B\000a\000c\000k\000g\000r\000o\000u\000n\000d}{chapter.11}% 84
\BOOKMARK [1][-]{section.11.2}{\376\377\000E\000x\000p\000e\000r\000i\000m\000e\000n\000t\000a\000l\000\040\000P\000r\000o\000c\000e\000d\000u\000r\000e}{chapter.11}% 85
\BOOKMARK [1][-]{section.11.3}{\376\377\000E\000r\000r\000o\000r\000\040\000A\000n\000a\000l\000y\000s\000i\000s}{chapter.11}% 86
\BOOKMARK [0][-]{chapter.12}{\376\377\000A\000C\000\040\000C\000i\000r\000c\000u\000i\000t\000\040\000a\000n\000d\000\040\000R\000L\000C\000\040\000R\000e\000s\000o\000n\000a\000n\000c\000e}{part.3}% 87
\BOOKMARK [1][-]{section.12.1}{\376\377\000B\000a\000c\000k\000g\000r\000o\000u\000n\000d}{chapter.12}% 88
\BOOKMARK [2][-]{subsection.12.1.1}{\376\377\000S\000e\000r\000i\000e\000s\000\040\000R\000L\000C\000\040\000C\000i\000r\000c\000u\000i\000t\000s}{section.12.1}% 89
\BOOKMARK [1][-]{section.12.2}{\376\377\000E\000x\000p\000e\000r\000i\000m\000e\000n\000t\000a\000l\000\040\000P\000r\000o\000c\000e\000d\000u\000r\000e}{chapter.12}% 90
\BOOKMARK [1][-]{section.12.3}{\376\377\000E\000r\000r\000o\000r\000\040\000A\000n\000a\000l\000y\000s\000i\000s}{chapter.12}% 91
\BOOKMARK [0][-]{chapter.13}{\376\377\000A\000C\000\040\000C\000i\000r\000c\000u\000i\000t\000s\000\040\000a\000n\000d\000\040\000V\000o\000l\000t\000a\000g\000e\000\040\000D\000i\000v\000i\000d\000e\000r\000s}{part.3}% 92
\BOOKMARK [1][-]{section.13.1}{\376\377\000R\000e\000s\000i\000s\000t\000o\000r\000-\000C\000a\000p\000a\000c\000i\000t\000o\000r\000\040\000F\000i\000l\000t\000e\000r\000s}{chapter.13}% 93
\BOOKMARK [1][-]{section.13.2}{\376\377\000A\000t\000t\000e\000n\000u\000a\000t\000o\000r\000\040\000P\000r\000o\000b\000e\000\040\000A\000d\000j\000u\000s\000t\000m\000e\000n\000t\000s\000\040\000a\000n\000d\000\040\000C\000o\000m\000p\000e\000n\000s\000a\000t\000i\000o\000n\000s}{chapter.13}% 94
\BOOKMARK [0][-]{chapter.14}{\376\377\000A\000C\000\040\000C\000i\000r\000c\000u\000i\000t\000s\000,\000\040\000W\000a\000v\000e\000f\000o\000r\000m\000s\000,\000\040\000a\000n\000d\000\040\000P\000h\000a\000s\000e}{part.3}% 95
\BOOKMARK [1][-]{section.14.1}{\376\377\000M\000e\000a\000s\000u\000r\000e\000m\000e\000n\000t\000\040\000o\000f\000\040\000S\000i\000n\000e\000\040\000W\000a\000v\000e\000\040\000A\000m\000p\000l\000i\000t\000u\000d\000e\000s}{chapter.14}% 96
\BOOKMARK [1][-]{section.14.2}{\376\377\000R\000C\000\040\000C\000i\000r\000c\000u\000i\000t\000\040\000C\000u\000r\000r\000e\000n\000t\000\040\000a\000n\000d\000\040\000V\000o\000l\000t\000a\000g\000e\000\040\000R\000e\000l\000a\000t\000i\000o\000n\000s\000h\000i\000p\000s}{chapter.14}% 97
\BOOKMARK [0][-]{chapter.15}{\376\377\000I\000n\000d\000u\000c\000t\000o\000r\000-\000R\000e\000s\000i\000s\000t\000o\000r\000-\000C\000a\000p\000a\000c\000i\000t\000o\000r\000\040\000F\000i\000l\000t\000e\000r\000s}{part.3}% 98
\BOOKMARK [1][-]{section.15.1}{\376\377\000Q\000u\000a\000l\000i\000t\000y\000\040\000F\000a\000c\000t\000o\000r}{chapter.15}% 99
\BOOKMARK [2][-]{subsection.15.1.1}{\376\377\000I\000m\000p\000o\000r\000t\000a\000n\000t\000\040\000f\000o\000r\000m\000u\000l\000a\000s}{section.15.1}% 100
\BOOKMARK [0][-]{chapter.16}{\376\377\000T\000r\000a\000n\000s\000f\000o\000r\000m\000e\000r\000\040\000V\000o\000l\000t\000a\000g\000e\000\040\000G\000a\000i\000n\000,\000\040\000G\000r\000o\000u\000n\000d\000\040\000I\000s\000o\000l\000a\000t\000i\000o\000n}{part.3}% 101
\BOOKMARK [0][-]{chapter.17}{\376\377\000I\000n\000t\000r\000o\000\040\000t\000o\000\040\000O\000p\000e\000r\000a\000t\000i\000o\000n\000a\000l\000\040\000A\000m\000p\000l\000i\000f\000i\000e\000r\000s}{part.3}% 102
\BOOKMARK [0][-]{chapter.18}{\376\377\000I\000n\000d\000u\000c\000t\000o\000r\000-\000R\000e\000s\000i\000s\000t\000o\000r\000-\000C\000a\000p\000a\000c\000i\000t\000o\000r\000\040\000F\000i\000l\000t\000e\000r\000s}{part.3}% 103
\BOOKMARK [0][-]{chapter.19}{\376\377\000B\000a\000n\000d\000w\000i\000d\000t\000h\000\040\000a\000n\000d\000\040\000S\000t\000a\000b\000i\000l\000i\000t\000y}{part.3}% 104
\BOOKMARK [1][-]{section.19.1}{\376\377\000L\000e\000c\000t\000u\000r\000e\000\040\000N\000o\000t\000e\000s}{chapter.19}% 105
\BOOKMARK [2][-]{subsection.19.1.1}{\376\377\000F\000r\000e\000q\000u\000e\000n\000c\000y\000\040\000R\000o\000l\000l\000o\000f\000f}{section.19.1}% 106
\BOOKMARK [0][-]{chapter.20}{\376\377\000B\000a\000s\000i\000c\000\040\000O\000p\000A\000m\000p\000\040\000D\000i\000f\000f\000e\000r\000e\000n\000c\000e\000\040\000A\000m\000p\000l\000i\000f\000i\000e\000r}{part.3}% 107
\BOOKMARK [1][-]{section.20.1}{\376\377\000L\000e\000c\000t\000u\000r\000e\000\040\000N\000o\000t\000e\000s\000:\000\040\000C\000o\000m\000m\000o\000n\000\040\000M\000o\000d\000e\000\040\000R\000e\000f\000e\000c\000t\000i\000o\000n}{chapter.20}% 108
\BOOKMARK [0][-]{chapter.21}{\376\377\000O\000p\000e\000r\000a\000t\000i\000o\000n\000a\000l\000\040\000A\000m\000p\000l\000i\000f\000i\000e\000r\000\040\000C\000o\000m\000p\000a\000r\000a\000t\000o\000r}{part.3}% 109
\BOOKMARK [0][-]{chapter.22}{\376\377\000A\000c\000t\000i\000v\000e\000\040\000F\000i\000l\000t\000e\000r\000s\000\040\000a\000n\000d\000\040\000A\000n\000t\000i\000-\000A\000l\000i\000a\000s\000i\000n\000g\000\040\000F\000i\000l\000t\000e\000r\000s}{part.3}% 110
\BOOKMARK [1][-]{section.22.1}{\376\377\000L\000e\000c\000t\000u\000r\000e\000\040\000N\000o\000t\000e\000s\000:\000\040\000S\000a\000m\000p\000l\000i\000n\000g\000,\000\040\000A\000l\000i\000a\000s\000i\000n\000g\000,\000\040\000a\000n\000d\000\040\000A\000n\000a\000l\000o\000g\000\040\000F\000i\000l\000t\000e\000r\000s}{chapter.22}% 111
\BOOKMARK [2][-]{subsection.22.1.1}{\376\377\000F\000i\000l\000t\000e\000r\000s}{section.22.1}% 112
\BOOKMARK [0][-]{chapter.23}{\376\377\000S\000w\000e\000p\000t\000\040\000F\000r\000e\000q\000u\000e\000n\000c\000y\000\040\000W\000a\000v\000e\000f\000o\000r\000m\000\040\000G\000e\000n\000e\000r\000a\000t\000o\000r\000,\000\040\000D\000F\000T}{part.3}% 113
\BOOKMARK [1][-]{section.23.1}{\376\377\000S\000p\000e\000c\000t\000r\000u\000m\000\040\000A\000n\000a\000l\000y\000z\000e\000r}{chapter.23}% 114
\BOOKMARK [0][-]{chapter.24}{\376\377\000L\000o\000c\000k\000-\000I\000n\000\040\000D\000e\000t\000e\000c\000t\000o\000r}{part.3}% 115
\BOOKMARK [-1][-]{part.4}{\376\377\000I\000V\000\040\000C\000i\000r\000c\000u\000i\000t\000\040\000T\000h\000e\000o\000r\000y}{}% 116
\BOOKMARK [0][-]{chapter.25}{\376\377\000I\000n\000t\000r\000o\000d\000u\000c\000t\000o\000r\000y\000\040\000E\000x\000a\000m\000p\000l\000e\000s}{part.4}% 117
\BOOKMARK [1][-]{section.25.1}{\376\377\000D\000i\000r\000e\000c\000t\000\040\000C\000u\000r\000r\000e\000n\000t\000\040\000a\000n\000d\000\040\000C\000i\000r\000c\000u\000i\000t\000\040\000L\000a\000w\000s}{chapter.25}% 118
\BOOKMARK [2][-]{subsection.25.1.1}{\376\377\000R\000e\000s\000i\000s\000t\000a\000n\000c\000e}{section.25.1}% 119
\BOOKMARK [2][-]{subsection.25.1.2}{\376\377\000C\000i\000r\000c\000u\000i\000t\000\040\000L\000a\000w\000s}{section.25.1}% 120
\BOOKMARK [2][-]{subsection.25.1.3}{\376\377\000V\000o\000l\000t\000m\000e\000t\000e\000r\000s\000\040\000a\000n\000d\000\040\000A\000m\000m\000e\000t\000e\000r\000s}{section.25.1}% 121
\BOOKMARK [2][-]{subsection.25.1.4}{\376\377\000T\000h\000\351\000v\000e\000n\000i\000n\000\040\000T\000h\000e\000o\000r\000e\000m\000s}{section.25.1}% 122
\BOOKMARK [1][-]{section.25.2}{\376\377\000R\000L\000C\000\040\000C\000i\000r\000c\000u\000i\000t\000s}{chapter.25}% 123
\BOOKMARK [2][-]{subsection.25.2.1}{\376\377\000P\000h\000a\000s\000o\000r\000s}{section.25.2}% 124
\BOOKMARK [2][-]{subsection.25.2.2}{\376\377\000C\000a\000p\000a\000c\000i\000t\000o\000r\000s}{section.25.2}% 125
\BOOKMARK [2][-]{subsection.25.2.3}{\376\377\000I\000n\000d\000u\000c\000t\000o\000r}{section.25.2}% 126
\BOOKMARK [2][-]{subsection.25.2.4}{\376\377\000A\000C\000\040\000C\000u\000r\000r\000e\000n\000t}{section.25.2}% 127
\BOOKMARK [2][-]{subsection.25.2.5}{\376\377\000S\000e\000r\000i\000e\000s\000\040\000R\000L\000C\000\040\000C\000i\000r\000c\000u\000i\000t}{section.25.2}% 128
\BOOKMARK [0][-]{chapter.26}{\376\377\000A\000C\000\040\000S\000o\000u\000r\000c\000e\000s\000,\000\040\000W\000a\000v\000e\000f\000o\000r\000m\000s}{part.4}% 129
\BOOKMARK [1][-]{section.26.1}{\376\377\000L\000o\000a\000d\000e\000d\000\040\000I\000d\000e\000a\000l\000\040\000A\000C\000\040\000V\000o\000l\000t\000a\000g\000e\000\040\000G\000e\000n\000e\000r\000a\000t\000o\000r}{chapter.26}% 130
\BOOKMARK [1][-]{section.26.2}{\376\377\000T\000h\000r\000e\000e\000\040\000F\000u\000n\000d\000a\000m\000e\000n\000t\000a\000l\000\040\000C\000i\000r\000c\000u\000i\000t\000s}{chapter.26}% 131
\BOOKMARK [0][-]{chapter.27}{\376\377\000P\000h\000a\000s\000o\000r\000\040\000A\000n\000a\000l\000y\000s\000i\000s}{part.4}% 132
\BOOKMARK [1][-]{section.27.1}{\376\377\000P\000h\000a\000s\000o\000r\000s\000\040\000a\000n\000d\000\040\000C\000o\000m\000p\000l\000e\000x\000\040\000S\000i\000n\000u\000s\000o\000i\000d\000s}{chapter.27}% 133
\BOOKMARK [1][-]{section.27.2}{\376\377\000K\000i\000r\000c\000h\000h\000o\000f\000f\000'\000s\000\040\000R\000u\000l\000e\000s}{chapter.27}% 134
\BOOKMARK [1][-]{section.27.3}{\376\377\000P\000h\000a\000s\000o\000r\000\040\000S\000u\000m\000m\000a\000r\000y}{chapter.27}% 135
\BOOKMARK [1][-]{section.27.4}{\376\377\000C\000o\000m\000p\000l\000e\000x\000\040\000I\000m\000p\000e\000d\000a\000n\000c\000e}{chapter.27}% 136
\BOOKMARK [0][-]{chapter.28}{\376\377\000I\000m\000p\000e\000d\000a\000n\000c\000e\000s\000\040\000i\000n\000\040\000S\000e\000r\000i\000e\000s}{part.4}% 137
\BOOKMARK [1][-]{section.28.1}{\376\377\000I\000m\000p\000e\000d\000a\000n\000c\000e\000s\000\040\000o\000f\000\040\000S\000i\000m\000p\000l\000e\000\040\000L\000i\000n\000e\000a\000r\000\040\000D\000e\000v\000i\000c\000e\000s}{chapter.28}% 138
\BOOKMARK [1][-]{section.28.2}{\376\377\000T\000h\000e\000\040\000V\000o\000l\000t\000a\000g\000e\000\040\000D\000i\000v\000i\000d\000e\000r}{chapter.28}% 139
\BOOKMARK [1][-]{section.28.3}{\376\377\000T\000h\000e\000\040\000R\000C\000\040\000S\000e\000r\000i\000e\000s\000\040\000C\000i\000r\000c\000u\000i\000t}{chapter.28}% 140
\BOOKMARK [0][-]{chapter.29}{\376\377\000T\000h\000e\000\040\000S\000e\000r\000i\000e\000s\000\040\000R\000L\000C\000\040\000C\000i\000r\000c\000u\000i\000t}{part.4}% 141
\BOOKMARK [1][-]{section.29.1}{\376\377\000D\000i\000f\000f\000e\000r\000e\000n\000t\000i\000a\000l\000\040\000E\000q\000u\000a\000t\000i\000o\000n\000\040\000f\000o\000r\000\040\000t\000h\000e\000\040\000R\000L\000C\000\040\000c\000i\000r\000c\000u\000i\000t}{chapter.29}% 142
\BOOKMARK [1][-]{section.29.2}{\376\377\000R\000e\000s\000o\000n\000a\000n\000c\000e\000\040\000i\000n\000\040\000t\000h\000e\000\040\000S\000e\000r\000i\000e\000s\000\040\000R\000L\000C\000\040\000C\000i\000r\000c\000u\000i\000t}{chapter.29}% 143
\BOOKMARK [1][-]{section.29.3}{\376\377\000V\000o\000l\000t\000a\000g\000e\000\040\000C\000h\000a\000r\000a\000c\000t\000e\000r\000i\000s\000t\000i\000c\000s}{chapter.29}% 144
\BOOKMARK [0][-]{chapter.30}{\376\377\000I\000m\000p\000e\000d\000a\000n\000c\000e\000s\000\040\000i\000n\000\040\000P\000a\000r\000a\000l\000l\000e\000l}{part.4}% 145
\BOOKMARK [0][-]{chapter.31}{\376\377\000M\000o\000d\000e\000l\000s\000\040\000o\000f\000\040\000R\000e\000a\000l\000\040\000A\000C\000\040\000S\000o\000u\000r\000c\000e\000s\000;\000\040\000T\000h\000\351\000v\000e\000n\000i\000n\000'\000s\000\040\000T\000h\000e\000o\000r\000e\000m}{part.4}% 146
\BOOKMARK [0][-]{chapter.32}{\376\377\000P\000o\000w\000e\000r\000\040\000D\000i\000s\000s\000i\000p\000a\000t\000i\000o\000n}{part.4}% 147
\BOOKMARK [-1][-]{part.5}{\376\377\000V\000\040\000O\000p\000e\000r\000a\000t\000i\000o\000n\000a\000l\000\040\000A\000m\000p\000l\000i\000f\000i\000e\000r\000s\000,\000\040\000L\000i\000n\000e\000a\000r\000\040\000S\000y\000s\000t\000e\000m\000s\000,\000\040\000a\000n\000d\000\040\000t\000h\000e\000\040\000F\000o\000u\000r\000i\000e\000r\000\040\000T\000r\000a\000n\000s\000f\000o\000r\000m}{}% 148
\BOOKMARK [0][-]{chapter.33}{\376\377\000O\000p\000e\000r\000a\000t\000i\000o\000n\000a\000l\000\040\000A\000m\000p\000l\000i\000f\000i\000e\000r\000s}{part.5}% 149
\BOOKMARK [0][-]{chapter.34}{\376\377\000L\000i\000n\000e\000a\000r\000\040\000T\000w\000o\000-\000p\000o\000r\000t\000s\000:\000\040\000T\000r\000a\000n\000s\000f\000e\000r\000\040\000F\000u\000n\000c\000t\000i\000o\000n\000,\000\040\000I\000m\000p\000u\000l\000s\000e\000\040\000R\000e\000s\000p\000o\000n\000s\000e}{part.5}% 150
\BOOKMARK [0][-]{chapter.35}{\376\377\000T\000i\000m\000e\000\040\000a\000n\000d\000\040\000F\000r\000e\000q\000u\000e\000n\000c\000y\000\040\000D\000o\000m\000a\000i\000n\000s}{part.5}% 151
\BOOKMARK [0][-]{chapter.36}{\376\377\000D\000a\000t\000a\000\040\000S\000a\000m\000p\000l\000i\000n\000g}{part.5}% 152
\BOOKMARK [0][-]{chapter.37}{\376\377\000A\000n\000a\000l\000o\000g\000\040\000F\000i\000l\000t\000e\000r\000\040\000D\000e\000s\000i\000g\000n}{part.5}% 153
\BOOKMARK [-1][-]{part.6}{\376\377\000V\000I\000\040\000S\000e\000m\000i\000c\000o\000n\000d\000u\000c\000t\000o\000r\000s\000,\000\040\000D\000i\000o\000d\000e\000s\000,\000\040\000a\000n\000d\000\040\000T\000r\000a\000n\000s\000i\000s\000t\000o\000r\000s}{}% 154
\BOOKMARK [-1][-]{part.7}{\376\377\000V\000I\000I\000\040\000L\000a\000b\000o\000r\000a\000t\000o\000r\000y\000\040\000D\000e\000s\000i\000g\000n\000s\000\040\000a\000n\000d\000\040\000T\000h\000e\000o\000r\000y}{}% 155
\BOOKMARK [0][-]{section.1.37.A}{\376\377\000T\000r\000a\000v\000e\000l\000i\000n\000g\000\040\000W\000a\000v\000e\000s\000\040\000T\000h\000e\000o\000r\000y}{part.7}% 156
\BOOKMARK [1][-]{section.1.37.B}{\376\377\000X\000-\000R\000a\000y\000\040\000T\000h\000e\000o\000r\000y}{section.1.37.A}% 157
\BOOKMARK [1][-]{section.1.37.C}{\376\377\000S\000p\000e\000c\000t\000r\000o\000s\000c\000o\000p\000y\000\040\000T\000h\000e\000o\000r\000y}{section.1.37.A}% 158
\BOOKMARK [0][-]{section*.1}{\376\377\000A\000p\000p\000e\000n\000d\000i\000c\000e\000s}{part.7}% 159
\BOOKMARK [1][-]{section.2..1}{\376\377\000G\000r\000a\000p\000h\000i\000n\000g\000\040\000a\000n\000d\000\040\000L\000a\000b\000\040\000R\000e\000p\000o\000r\000t\000s}{section*.1}% 160
\BOOKMARK [1][-]{section.2..2}{\376\377\000P\000r\000e\000s\000e\000n\000t\000a\000t\000i\000o\000n\000\040\000T\000i\000p\000s}{section*.1}% 161
\BOOKMARK [1][-]{section.2..3}{\376\377\000P\000a\000p\000e\000r\000\040\000T\000i\000p\000s}{section*.1}% 162
\BOOKMARK [2][-]{subsection.2..3.1}{\376\377\000W\000r\000i\000t\000i\000n\000g\000\040\000a\000\040\000R\000e\000s\000e\000a\000r\000c\000h\000\040\000P\000r\000o\000p\000o\000s\000a\000l}{section.2..3}% 163
\BOOKMARK [2][-]{subsection.2..3.2}{\376\377\000R\000e\000f\000e\000r\000e\000n\000c\000e\000s}{section.2..3}% 164
\BOOKMARK [2][-]{subsection.2..3.3}{\376\377\000E\000x\000a\000m\000p\000l\000e\000-\000O\000u\000t\000l\000i\000n\000e}{section.2..3}% 165
\BOOKMARK [2][-]{subsection.2..3.4}{\376\377\000P\000e\000e\000r\000\040\000R\000e\000v\000i\000e\000w\000i\000n\000g}{section.2..3}% 166
