\BOOKMARK [-1][-]{part.1}{\376\377\000I\000\040\000T\000h\000e\000\040\000R\000e\000a\000l\000\040\000N\000u\000m\000b\000e\000r\000s\000:\000\040\000S\000t\000i\000l\000l\000W\000e\000l\000l}{}% 1
\BOOKMARK [0][-]{chapter.1}{\376\377\000O\000r\000d\000i\000n\000a\000l\000s}{part.1}% 2
\BOOKMARK [1][-]{section.1.1}{\376\377\000C\000o\000u\000n\000t\000i\000n\000g\000\040\000P\000a\000s\000t\000\040\000I\000n\000f\000i\000n\000i\000t\000y}{chapter.1}% 3
\BOOKMARK [1][-]{section.1.2}{\376\377\000W\000h\000a\000t\000\040\000a\000r\000e\000\040\000O\000r\000d\000i\000n\000a\000l\000s\000?}{chapter.1}% 4
\BOOKMARK [2][-]{subsection.1.2.1}{\376\377\000F\000i\000n\000i\000t\000e\000\040\000O\000r\000d\000i\000n\000a\000l\000s}{section.1.2}% 5
\BOOKMARK [2][-]{subsection.1.2.2}{\376\377\000I\000n\000f\000i\000n\000i\000t\000e\000\040\000O\000r\000d\000i\000n\000a\000l\000s\000:\000\040\000S\000u\000c\000c\000e\000s\000s\000o\000r\000\040\000a\000n\000d\000\040\000L\000e\000a\000s\000t\000\040\000U\000p\000p\000e\000r\000\040\000B\000o\000u\000n\000d}{section.1.2}% 6
\BOOKMARK [2][-]{subsection.1.2.3}{\376\377\000U\000n\000c\000o\000u\000n\000t\000a\000b\000l\000e\000\040\000O\000r\000d\000i\000n\000a\000l\000s}{section.1.2}% 7
\BOOKMARK [1][-]{section.1.3}{\376\377\000W\000e\000l\000l\000-\000O\000r\000d\000e\000r\000i\000n\000g\000\040\000a\000n\000d\000\040\000T\000r\000a\000n\000s\000f\000i\000n\000i\000t\000e\000\040\000I\000n\000d\000u\000c\000t\000i\000o\000n}{chapter.1}% 8
\BOOKMARK [1][-]{section.1.4}{\376\377\000T\000h\000e\000\040\000C\000a\000n\000t\000o\000r\000-\000B\000e\000n\000d\000i\000x\000s\000o\000n\000\040\000T\000h\000e\000o\000r\000e\000m}{chapter.1}% 9
\BOOKMARK [1][-]{section.1.5}{\376\377\000T\000h\000e\000\040\000Z\000F\000\040\000A\000x\000i\000o\000m\000s\000\040\000f\000o\000r\000\040\000S\000e\000t\000\040\000T\000h\000e\000o\000r\000y}{chapter.1}% 10
\BOOKMARK [1][-]{section.1.6}{\376\377\000F\000i\000n\000i\000t\000e\000\040\000S\000e\000t\000\040\000T\000h\000e\000o\000r\000y\000\040\000a\000n\000d\000\040\000A\000r\000i\000t\000h\000m\000e\000t\000i\000c}{chapter.1}% 11
\BOOKMARK [1][-]{section.1.7}{\376\377\000T\000h\000e\000\040\000R\000a\000n\000k\000\040\000H\000i\000e\000r\000a\000r\000c\000h\000y}{chapter.1}% 12
\BOOKMARK [2][-]{subsection.1.7.1}{\376\377\000C\000a\000r\000d\000i\000n\000a\000l\000i\000t\000y}{section.1.7}% 13
\BOOKMARK [1][-]{section.1.8}{\376\377\000L\000a\000r\000g\000e\000\040\000S\000e\000t\000s}{chapter.1}% 14
\BOOKMARK [0][-]{chapter.2}{\376\377\000A\000x\000i\000o\000m\000\040\000o\000f\000\040\000C\000h\000o\000i\000c\000e}{part.1}% 15
\BOOKMARK [1][-]{section.2.1}{\376\377\000S\000o\000m\000e\000\040\000N\000a\000i\000v\000e\000\040\000Q\000u\000e\000s\000t\000i\000o\000n\000s\000\040\000a\000b\000o\000u\000t\000\040\000I\000n\000f\000i\000n\000i\000t\000y}{chapter.2}% 16
\BOOKMARK [1][-]{section.2.2}{\376\377\000T\000h\000e\000\040\000F\000u\000l\000l\000\040\000A\000x\000i\000o\000m\000\040\000o\000f\000\040\000C\000h\000o\000i\000c\000e\000\040\000a\000n\000d\000\040\000W\000e\000l\000l\000-\000O\000r\000d\000e\000r\000i\000n\000g}{chapter.2}% 17
\BOOKMARK [2][-]{subsection.2.2.1}{\376\377\000C\000a\000r\000d\000i\000n\000a\000l\000\040\000N\000u\000m\000b\000e\000r\000s}{section.2.2}% 18
\BOOKMARK [1][-]{section.2.3}{\376\377\000T\000h\000e\000\040\000C\000o\000n\000t\000i\000n\000u\000u\000m\000\040\000H\000y\000p\000o\000t\000h\000e\000s\000i\000s}{chapter.2}% 19
\BOOKMARK [1][-]{section.2.4}{\376\377\000F\000i\000l\000t\000e\000r\000s\000\040\000a\000n\000d\000\040\000U\000l\000t\000r\000a\000f\000i\000l\000t\000e\000r\000s}{chapter.2}% 20
\BOOKMARK [1][-]{section.2.5}{\376\377\000G\000a\000m\000e\000s\000\040\000a\000n\000d\000\040\000W\000i\000n\000n\000i\000n\000g\000\040\000S\000t\000r\000a\000t\000e\000g\000i\000e\000s}{chapter.2}% 21
\BOOKMARK [1][-]{section.2.6}{\376\377\000I\000n\000f\000i\000n\000i\000t\000e\000\040\000G\000a\000m\000e\000s}{chapter.2}% 22
\BOOKMARK [2][-]{subsection.2.6.1}{\376\377\000S\000t\000r\000a\000t\000e\000g\000i\000e\000s}{section.2.6}% 23
\BOOKMARK [1][-]{section.2.7}{\376\377\000T\000h\000e\000\040\000C\000o\000u\000n\000t\000a\000b\000l\000e\000\040\000A\000x\000i\000o\000m\000\040\000o\000f\000\040\000C\000h\000o\000i\000c\000e}{chapter.2}% 24
\BOOKMARK [1][-]{section.2.8}{\376\377\000Z\000o\000r\000n\000'\000s\000\040\000L\000e\000m\000m\000a}{chapter.2}% 25
\BOOKMARK [0][-]{section*.1}{\376\377\000A\000p\000p\000e\000n\000d\000i\000c\000e\000s}{part.1}% 26
