\BOOKMARK [-1][-]{part.1}{\376\377\000I\000\040\000C\000o\000m\000p\000l\000e\000x\000\040\000A\000n\000a\000l\000y\000s\000i\000s}{}% 1
\BOOKMARK [0][-]{chapter.1}{\376\377\000P\000r\000o\000p\000e\000r\000t\000i\000e\000s\000\040\000o\000f\000\040\000C\000o\000m\000p\000l\000e\000x\000\040\000F\000u\000n\000c\000t\000i\000o\000n\000s}{part.1}% 2
\BOOKMARK [1][-]{section.1.1}{\376\377\000E\000l\000e\000m\000e\000n\000t\000a\000r\000y\000\040\000D\000e\000f\000i\000n\000i\000t\000i\000o\000n\000s}{chapter.1}% 3
\BOOKMARK [1][-]{section.1.2}{\376\377\000M\000u\000l\000t\000i\000v\000a\000l\000u\000e\000d\000\040\000F\000u\000n\000c\000t\000i\000o\000n\000s\000\040\000a\000n\000d\000\040\000B\000r\000a\000n\000c\000h\000\040\000C\000u\000t\000s}{chapter.1}% 4
\BOOKMARK [1][-]{section.1.3}{\376\377\000A\000n\000a\000l\000y\000t\000i\000c\000\040\000F\000u\000n\000c\000t\000i\000o\000n\000s\000\040\000a\000n\000d\000\040\000t\000h\000e\000\040\000C\000a\000u\000c\000h\000y\000-\000R\000i\000e\000m\000a\000n\000n\000\040\000E\000q\000u\000a\000t\000i\000o\000n\000s}{chapter.1}% 5
\BOOKMARK [1][-]{section.1.4}{\376\377\000S\000i\000n\000g\000u\000l\000a\000r\000i\000t\000i\000e\000s\000\040\000a\000n\000d\000\040\000Z\000e\000r\000o\000s}{chapter.1}% 6
\BOOKMARK [1][-]{section.1.5}{\376\377\000C\000o\000n\000f\000o\000r\000m\000a\000l\000\040\000M\000a\000p\000p\000i\000n\000g\000s}{chapter.1}% 7
\BOOKMARK [0][-]{chapter.2}{\376\377\000P\000o\000w\000e\000r\000\040\000S\000e\000r\000i\000e\000s\000\040\000a\000n\000d\000\040\000L\000a\000u\000r\000e\000n\000t\000\040\000S\000e\000r\000i\000e\000s}{part.1}% 8
\BOOKMARK [1][-]{section.2.1}{\376\377\000P\000o\000w\000e\000r\000\040\000S\000e\000r\000i\000e\000s\000\040\000F\000u\000n\000d\000a\000m\000e\000n\000t\000a\000l\000s}{chapter.2}% 9
\BOOKMARK [1][-]{section.2.2}{\376\377\000L\000a\000u\000r\000e\000n\000t\000\040\000S\000e\000r\000i\000e\000s}{chapter.2}% 10
\BOOKMARK [1][-]{section.2.3}{\376\377\000S\000e\000r\000i\000e\000s\000\040\000O\000p\000e\000r\000a\000t\000i\000o\000n\000s}{chapter.2}% 11
\BOOKMARK [0][-]{chapter.3}{\376\377\000C\000o\000m\000p\000l\000e\000x\000\040\000I\000n\000t\000e\000g\000r\000a\000t\000i\000o\000n}{part.1}% 12
\BOOKMARK [1][-]{section.3.1}{\376\377\000C\000o\000m\000p\000l\000e\000x\000\040\000I\000n\000t\000e\000g\000r\000a\000l}{chapter.3}% 13
\BOOKMARK [1][-]{section.3.2}{\376\377\000C\000a\000u\000c\000h\000y\000'\000s\000\040\000T\000h\000e\000o\000r\000e\000m\000s}{chapter.3}% 14
\BOOKMARK [1][-]{section.3.3}{\376\377\000R\000e\000s\000i\000d\000u\000e\000\040\000T\000h\000e\000o\000r\000e\000m}{chapter.3}% 15
\BOOKMARK [1][-]{section.3.4}{\376\377\000C\000o\000n\000t\000o\000u\000r\000\040\000I\000n\000t\000e\000g\000r\000a\000l\000s}{chapter.3}% 16
\BOOKMARK [0][-]{chapter.4}{\376\377\000A\000p\000p\000l\000i\000c\000a\000t\000i\000o\000n\000s\000\040\000o\000f\000\040\000C\000o\000m\000p\000l\000e\000x\000\040\000F\000u\000n\000c\000t\000i\000o\000n\000s}{part.1}% 17
\BOOKMARK [1][-]{section.4.1}{\376\377\000C\000o\000m\000p\000l\000e\000x\000\040\000P\000o\000t\000e\000n\000t\000i\000a\000l\000s}{chapter.4}% 18
\BOOKMARK [1][-]{section.4.2}{\376\377\000F\000i\000n\000d\000i\000n\000g\000\040\000Z\000e\000r\000o\000s}{chapter.4}% 19
\BOOKMARK [1][-]{section.4.3}{\376\377\000I\000n\000v\000e\000r\000s\000e\000\040\000L\000a\000p\000l\000a\000c\000e}{chapter.4}% 20
\BOOKMARK [1][-]{section.4.4}{\376\377\000S\000t\000o\000k\000e\000s\000'\000\040\000E\000q\000u\000a\000t\000i\000o\000n\000s\000\040\000a\000n\000d\000\040\000A\000i\000r\000y\000\040\000I\000n\000t\000e\000g\000r\000a\000l\000s}{chapter.4}% 21
\BOOKMARK [1][-]{section.4.5}{\376\377\000W\000K\000B\000\040\000M\000e\000t\000h\000o\000d\000s\000,\000\040\000a\000n\000d\000\040\000I\000n\000t\000e\000g\000r\000a\000l\000\040\000A\000p\000p\000r\000o\000x\000i\000m\000a\000t\000i\000o\000n\000s}{chapter.4}% 22
\BOOKMARK [-1][-]{part.2}{\376\377\000I\000I\000\040\000P\000D\000E\000s}{}% 23
\BOOKMARK [0][-]{chapter.5}{\376\377\000G\000e\000n\000e\000r\000a\000l\000\040\000a\000n\000d\000\040\000P\000a\000r\000t\000i\000c\000u\000l\000a\000r\000\040\000S\000o\000l\000u\000t\000i\000o\000n\000s}{part.2}% 24
\BOOKMARK [1][-]{section.5.1}{\376\377\000I\000m\000p\000o\000r\000t\000a\000n\000t\000\040\000E\000x\000a\000m\000p\000l\000e\000s\000\040\000a\000n\000d\000\040\000M\000o\000t\000i\000v\000a\000t\000i\000o\000n}{chapter.5}% 25
\BOOKMARK [1][-]{section.5.2}{\376\377\000G\000e\000n\000e\000r\000a\000l\000\040\000F\000o\000r\000m\000s\000\040\000o\000f\000\040\000S\000o\000l\000u\000t\000i\000o\000n\000s}{chapter.5}% 26
\BOOKMARK [1][-]{section.5.3}{\376\377\000W\000a\000v\000e\000\040\000a\000n\000d\000\040\000D\000i\000f\000f\000u\000s\000i\000o\000n\000\040\000E\000q\000u\000a\000t\000i\000o\000n\000s}{chapter.5}% 27
\BOOKMARK [1][-]{section.5.4}{\376\377\000E\000x\000i\000s\000t\000e\000n\000c\000e\000\040\000a\000n\000d\000\040\000U\000n\000i\000q\000u\000e\000n\000e\000s\000s}{chapter.5}% 28
\BOOKMARK [0][-]{chapter.6}{\376\377\000F\000o\000u\000r\000i\000e\000r\000\040\000S\000e\000r\000i\000e\000s}{part.2}% 29
\BOOKMARK [1][-]{section.6.1}{\376\377\000I\000n\000i\000t\000i\000a\000l\000\040\000D\000e\000f\000i\000n\000i\000t\000i\000o\000n\000s\000\040\000a\000n\000d\000\040\000D\000i\000r\000i\000c\000h\000l\000e\000t\000\040\000C\000o\000n\000d\000i\000t\000i\000o\000n\000s}{chapter.6}% 30
\BOOKMARK [2][-]{subsection.6.1.1}{\376\377\000S\000y\000m\000m\000e\000t\000r\000y\000\040\000C\000o\000n\000d\000i\000t\000i\000o\000n\000s}{section.6.1}% 31
\BOOKMARK [1][-]{section.6.2}{\376\377\000D\000i\000s\000c\000o\000n\000t\000i\000n\000u\000o\000u\000s\000\040\000a\000n\000d\000\040\000N\000o\000n\000-\000P\000e\000r\000i\000o\000d\000i\000c\000\040\000F\000u\000n\000c\000t\000i\000o\000n\000s}{chapter.6}% 32
\BOOKMARK [2][-]{subsection.6.2.1}{\376\377\000D\000i\000s\000c\000o\000n\000t\000i\000n\000u\000i\000t\000i\000e\000s}{section.6.2}% 33
\BOOKMARK [2][-]{subsection.6.2.2}{\376\377\000N\000o\000n\000-\000P\000e\000r\000i\000o\000d\000i\000c\000\040\000F\000u\000n\000c\000t\000i\000o\000n\000s}{section.6.2}% 34
\BOOKMARK [1][-]{section.6.3}{\376\377\000I\000n\000t\000e\000g\000r\000a\000t\000i\000o\000n\000\040\000a\000n\000d\000\040\000D\000i\000f\000f\000e\000r\000e\000n\000t\000i\000a\000t\000i\000o\000n}{chapter.6}% 35
\BOOKMARK [1][-]{section.6.4}{\376\377\000C\000o\000m\000p\000l\000e\000x\000\040\000F\000o\000u\000r\000i\000e\000r\000\040\000S\000e\000r\000i\000e\000s}{chapter.6}% 36
\BOOKMARK [2][-]{subsection.6.4.1}{\376\377\000P\000a\000r\000s\000e\000v\000a\000l\000'\000s\000\040\000T\000h\000e\000o\000r\000e\000m}{section.6.4}% 37
\BOOKMARK [0][-]{chapter.7}{\376\377\000I\000n\000t\000e\000g\000r\000a\000l\000\040\000T\000r\000a\000n\000s\000f\000o\000r\000m\000s}{part.2}% 38
\BOOKMARK [1][-]{section.7.1}{\376\377\000F\000o\000u\000r\000i\000e\000r\000\040\000T\000r\000a\000n\000s\000f\000o\000r\000m}{chapter.7}% 39
\BOOKMARK [2][-]{subsection.7.1.1}{\376\377\000C\000o\000n\000s\000t\000r\000u\000c\000t\000i\000o\000n\000\040\000a\000n\000d\000\040\000D\000e\000f\000i\000n\000i\000t\000i\000o\000n\000s}{section.7.1}% 40
\BOOKMARK [2][-]{subsection.7.1.2}{\376\377\000T\000h\000e\000\040\000U\000n\000c\000e\000r\000t\000a\000i\000n\000t\000y\000\040\000P\000r\000i\000n\000c\000i\000p\000l\000e}{section.7.1}% 41
\BOOKMARK [2][-]{subsection.7.1.3}{\376\377\000D\000i\000r\000a\000c\000\040\000d\000e\000l\000t\000a\000-\000f\000u\000n\000c\000t\000i\000o\000n}{section.7.1}% 42
\BOOKMARK [2][-]{subsection.7.1.4}{\376\377\000P\000r\000o\000p\000e\000r\000t\000i\000e\000s\000\040\000o\000f\000\040\000F\000o\000u\000r\000i\000e\000r\000\040\000T\000r\000a\000n\000s\000f\000o\000r\000m\000s}{section.7.1}% 43
\BOOKMARK [2][-]{subsection.7.1.5}{\376\377\000O\000d\000d\000\040\000a\000n\000d\000\040\000E\000v\000e\000n\000\040\000F\000u\000n\000c\000t\000i\000o\000n\000s}{section.7.1}% 44
\BOOKMARK [2][-]{subsection.7.1.6}{\376\377\000C\000o\000n\000v\000o\000l\000u\000t\000i\000o\000n\000\040\000a\000n\000d\000\040\000D\000e\000c\000o\000n\000v\000o\000l\000u\000t\000i\000o\000n}{section.7.1}% 45
\BOOKMARK [2][-]{subsection.7.1.7}{\376\377\000C\000o\000r\000r\000e\000l\000a\000t\000i\000o\000n\000\040\000F\000u\000n\000c\000t\000i\000o\000n\000s\000\040\000a\000n\000d\000\040\000E\000n\000e\000r\000g\000y\000\040\000S\000p\000e\000c\000t\000r\000a}{section.7.1}% 46
\BOOKMARK [2][-]{subsection.7.1.8}{\376\377\000P\000a\000r\000s\000e\000v\000a\000l\000'\000s\000\040\000T\000h\000e\000o\000r\000e\000m}{section.7.1}% 47
\BOOKMARK [1][-]{section.7.2}{\376\377\000M\000u\000l\000t\000i\000d\000i\000m\000e\000n\000s\000i\000o\000n\000a\000l\000\040\000F\000o\000u\000r\000i\000e\000r\000\040\000T\000r\000a\000n\000s\000f\000o\000r\000m}{chapter.7}% 48
\BOOKMARK [1][-]{section.7.3}{\376\377\000L\000a\000p\000l\000a\000c\000e\000\040\000T\000r\000a\000n\000s\000f\000o\000r\000m}{chapter.7}% 49
\BOOKMARK [2][-]{subsection.7.3.1}{\376\377\000G\000e\000n\000e\000r\000a\000l\000\040\000T\000r\000a\000n\000s\000f\000o\000r\000m}{section.7.3}% 50
\BOOKMARK [0][-]{chapter.8}{\376\377\000S\000e\000p\000a\000r\000a\000t\000i\000o\000n\000\040\000o\000f\000\040\000V\000a\000r\000i\000a\000b\000l\000e\000s\000\040\000a\000n\000d\000\040\000O\000t\000h\000e\000r\000\040\000M\000e\000t\000h\000o\000d\000s}{part.2}% 51
\BOOKMARK [1][-]{section.8.1}{\376\377\000S\000e\000p\000a\000r\000a\000t\000i\000o\000n\000\040\000o\000f\000\040\000V\000a\000r\000i\000a\000b\000l\000e\000s}{chapter.8}% 52
\BOOKMARK [1][-]{section.8.2}{\376\377\000A\000p\000p\000l\000y\000i\000n\000g\000\040\000I\000n\000t\000e\000g\000r\000a\000l\000\040\000T\000r\000a\000n\000s\000f\000o\000r\000m\000s}{chapter.8}% 53
\BOOKMARK [1][-]{section.8.3}{\376\377\000I\000n\000h\000o\000m\000o\000g\000e\000n\000e\000o\000u\000s\000\040\000P\000r\000o\000b\000l\000e\000m\000s}{chapter.8}% 54
\BOOKMARK [-1][-]{part.3}{\376\377\000I\000I\000I\000\040\000S\000p\000e\000c\000i\000a\000l\000\040\000F\000u\000n\000c\000t\000i\000o\000n\000s}{}% 55
\BOOKMARK [0][-]{chapter.9}{\376\377\000L\000e\000g\000e\000n\000d\000r\000e\000\040\000F\000u\000n\000c\000t\000i\000o\000n\000s}{part.3}% 56
\BOOKMARK [1][-]{section.9.1}{\376\377\000L\000e\000g\000e\000n\000d\000r\000e\000\040\000F\000u\000n\000c\000t\000i\000o\000n\000s\000\040\000f\000o\000r\000\040\000i\000n\000t\000e\000g\000e\000r\000\040\000l}{chapter.9}% 57
\BOOKMARK [1][-]{section.9.2}{\376\377\000L\000e\000g\000e\000n\000d\000r\000e\000\040\000F\000u\000n\000c\000t\000i\000o\000n\000s\000\040\000P\000r\000o\000p\000e\000r\000t\000i\000e\000s}{chapter.9}% 58
\BOOKMARK [2][-]{subsection.9.2.1}{\376\377\000G\000e\000n\000e\000r\000a\000t\000i\000n\000g\000\040\000F\000u\000n\000c\000t\000i\000o\000n}{section.9.2}% 59
\BOOKMARK [2][-]{subsection.9.2.2}{\376\377\000R\000e\000c\000u\000r\000r\000e\000n\000c\000e\000\040\000R\000e\000l\000a\000t\000i\000o\000n\000s}{section.9.2}% 60
\BOOKMARK [1][-]{section.9.3}{\376\377\000A\000s\000s\000o\000c\000i\000a\000t\000e\000d\000\040\000L\000e\000g\000e\000n\000d\000r\000e\000\040\000F\000u\000n\000c\000t\000i\000o\000n\000s}{chapter.9}% 61
\BOOKMARK [2][-]{subsection.9.3.1}{\376\377\000A\000s\000s\000o\000c\000i\000a\000t\000e\000d\000\040\000L\000e\000g\000e\000n\000d\000r\000e\000\040\000F\000u\000n\000c\000t\000i\000o\000n\000s\000\040\000f\000o\000r\000\040\000I\000n\000t\000e\000g\000e\000r\000\040\000l}{section.9.3}% 62
\BOOKMARK [2][-]{subsection.9.3.2}{\376\377\000G\000e\000n\000e\000r\000a\000t\000i\000n\000g\000\040\000F\000u\000n\000c\000t\000i\000o\000n\000\040\000a\000n\000d\000\040\000R\000e\000c\000u\000r\000r\000e\000n\000c\000e\000\040\000R\000e\000l\000a\000t\000i\000o\000n\000s}{section.9.3}% 63
\BOOKMARK [0][-]{chapter.10}{\376\377\000S\000p\000h\000e\000r\000i\000c\000a\000l\000\040\000H\000a\000r\000m\000o\000n\000i\000c\000s}{part.3}% 64
\BOOKMARK [0][-]{chapter.11}{\376\377\000L\000a\000g\000u\000e\000r\000r\000e\000\040\000F\000u\000n\000c\000t\000i\000o\000n\000s}{part.3}% 65
\BOOKMARK [1][-]{section.11.1}{\376\377\000S\000t\000a\000n\000d\000a\000r\000d\000\040\000L\000a\000g\000u\000e\000r\000r\000e\000\040\000F\000u\000n\000c\000t\000i\000o\000n\000s}{chapter.11}% 66
\BOOKMARK [2][-]{subsection.11.1.1}{\376\377\000M\000u\000t\000u\000a\000l\000\040\000O\000r\000t\000h\000o\000g\000o\000n\000a\000l\000i\000t\000y}{section.11.1}% 67
\BOOKMARK [2][-]{subsection.11.1.2}{\376\377\000G\000e\000n\000e\000r\000a\000t\000i\000n\000g\000\040\000F\000u\000n\000c\000t\000i\000o\000n\000\040\000a\000n\000d\000\040\000R\000e\000c\000u\000r\000r\000e\000n\000c\000e\000\040\000R\000e\000l\000a\000t\000i\000o\000n\000s}{section.11.1}% 68
\BOOKMARK [1][-]{section.11.2}{\376\377\000A\000s\000s\000o\000c\000i\000a\000t\000e\000d\000\040\000L\000a\000g\000u\000e\000r\000r\000e\000\040\000F\000u\000n\000c\000t\000i\000o\000n\000s}{chapter.11}% 69
\BOOKMARK [2][-]{subsection.11.2.1}{\376\377\000M\000u\000t\000u\000a\000l\000\040\000O\000r\000t\000h\000o\000g\000o\000n\000a\000l\000i\000t\000y}{section.11.2}% 70
\BOOKMARK [2][-]{subsection.11.2.2}{\376\377\000G\000e\000n\000e\000r\000a\000t\000i\000n\000g\000\040\000F\000u\000n\000c\000t\000i\000o\000n\000\040\000a\000n\000d\000\040\000R\000e\000c\000u\000r\000r\000e\000n\000c\000e\000\040\000R\000e\000l\000a\000t\000i\000o\000n\000s}{section.11.2}% 71
\BOOKMARK [0][-]{chapter.12}{\376\377\000H\000e\000r\000m\000i\000t\000e\000\040\000F\000u\000n\000c\000t\000i\000o\000n\000s}{part.3}% 72
\BOOKMARK [1][-]{section.12.1}{\376\377\000P\000r\000o\000p\000e\000r\000t\000i\000e\000s\000\040\000o\000f\000\040\000H\000e\000r\000m\000i\000t\000e\000\040\000P\000o\000l\000y\000n\000o\000m\000i\000a\000l\000s}{chapter.12}% 73
\BOOKMARK [2][-]{subsection.12.1.1}{\376\377\000R\000o\000d\000r\000i\000g\000u\000e\000s\000'\000\040\000F\000o\000r\000m\000u\000u\000l\000a\000\040\000f\000o\000r\000\040\000H\000e\000r\000m\000i\000t\000e\000\040\000P\000o\000l\000y\000n\000o\000m\000i\000a\000l\000s}{section.12.1}% 74
\BOOKMARK [2][-]{subsection.12.1.2}{\376\377\000M\000u\000t\000u\000a\000l\000\040\000O\000r\000t\000h\000o\000g\000o\000n\000a\000l\000i\000t\000y}{section.12.1}% 75
\BOOKMARK [2][-]{subsection.12.1.3}{\376\377\000G\000e\000n\000e\000r\000a\000t\000i\000n\000g\000\040\000F\000u\000n\000c\000t\000i\000o\000n}{section.12.1}% 76
\BOOKMARK [2][-]{subsection.12.1.4}{\376\377\000R\000e\000c\000u\000r\000r\000e\000n\000c\000e\000\040\000R\000e\000l\000a\000t\000i\000o\000n\000s}{section.12.1}% 77
\BOOKMARK [0][-]{section*.1}{\376\377\000A\000p\000p\000e\000n\000d\000i\000c\000e\000s}{part.3}% 78
