\BOOKMARK [-1][-]{part.1}{I Complex Analysis}{}% 1
\BOOKMARK [0][-]{chapter.1}{Properties of Complex Functions}{part.1}% 2
\BOOKMARK [1][-]{section.1.1}{Elementary Definitions}{chapter.1}% 3
\BOOKMARK [1][-]{section.1.2}{Multivalued Functions and Branch Cuts}{chapter.1}% 4
\BOOKMARK [1][-]{section.1.3}{Analytic Functions and the Cauchy-Riemann Equations}{chapter.1}% 5
\BOOKMARK [1][-]{section.1.4}{Singularities and Zeros}{chapter.1}% 6
\BOOKMARK [1][-]{section.1.5}{Conformal Mappings}{chapter.1}% 7
\BOOKMARK [0][-]{chapter.2}{Power Series and Laurent Series}{part.1}% 8
\BOOKMARK [1][-]{section.2.1}{Power Series Fundamentals}{chapter.2}% 9
\BOOKMARK [1][-]{section.2.2}{Laurent Series}{chapter.2}% 10
\BOOKMARK [1][-]{section.2.3}{Series Operations}{chapter.2}% 11
\BOOKMARK [0][-]{chapter.3}{Complex Integration}{part.1}% 12
\BOOKMARK [1][-]{section.3.1}{Complex Integral}{chapter.3}% 13
\BOOKMARK [1][-]{section.3.2}{Cauchy's Theorems}{chapter.3}% 14
\BOOKMARK [1][-]{section.3.3}{Residue Theorem}{chapter.3}% 15
\BOOKMARK [1][-]{section.3.4}{Contour Integrals}{chapter.3}% 16
\BOOKMARK [0][-]{chapter.4}{Applications of Complex Functions}{part.1}% 17
\BOOKMARK [1][-]{section.4.1}{Complex Potentials}{chapter.4}% 18
\BOOKMARK [1][-]{section.4.2}{Finding Zeros}{chapter.4}% 19
\BOOKMARK [1][-]{section.4.3}{Inverse Laplace}{chapter.4}% 20
\BOOKMARK [1][-]{section.4.4}{Stokes' Equations and Airy Integrals}{chapter.4}% 21
\BOOKMARK [1][-]{section.4.5}{WKB Methods, and Integral Approximations}{chapter.4}% 22
\BOOKMARK [-1][-]{part.2}{II PDEs}{}% 23
\BOOKMARK [0][-]{chapter.5}{General and Particular Solutions}{part.2}% 24
\BOOKMARK [1][-]{section.5.1}{Important Examples and Motivation}{chapter.5}% 25
\BOOKMARK [1][-]{section.5.2}{General Forms of Solutions}{chapter.5}% 26
\BOOKMARK [1][-]{section.5.3}{Wave and Diffusion Equations}{chapter.5}% 27
\BOOKMARK [1][-]{section.5.4}{Existence and Uniqueness}{chapter.5}% 28
\BOOKMARK [0][-]{chapter.6}{Fourier Series}{part.2}% 29
\BOOKMARK [1][-]{section.6.1}{Initial Definitions and Dirichlet Conditions}{chapter.6}% 30
\BOOKMARK [2][-]{equation.6.1.4}{Symmetry Conditions}{section.6.1}% 31
\BOOKMARK [1][-]{section.6.2}{Discontinuous and Non-Periodic Functions}{chapter.6}% 32
\BOOKMARK [2][-]{section*.1}{Discontinuities}{section.6.2}% 33
\BOOKMARK [2][-]{defn.6.2.1}{Non-Periodic Functions}{section.6.2}% 34
\BOOKMARK [1][-]{section.6.3}{Integration and Differentiation}{chapter.6}% 35
\BOOKMARK [1][-]{section.6.4}{Complex Fourier Series}{chapter.6}% 36
\BOOKMARK [2][-]{equation.6.4.1}{Parseval's Theorem}{section.6.4}% 37
\BOOKMARK [0][-]{chapter.7}{Integral Transforms}{part.2}% 38
\BOOKMARK [1][-]{section.7.1}{Fourier Transform}{chapter.7}% 39
\BOOKMARK [1][-]{section.7.2}{Laplace Transform}{chapter.7}% 40
\BOOKMARK [0][-]{chapter.8}{Separation of Variables and Other Methods}{part.2}% 41
\BOOKMARK [1][-]{section.8.1}{Separation of Variables}{chapter.8}% 42
\BOOKMARK [1][-]{section.8.2}{Applying Integral Transforms}{chapter.8}% 43
\BOOKMARK [1][-]{section.8.3}{Inhomogeneous Problems}{chapter.8}% 44
\BOOKMARK [0][-]{section*.2}{Appendices}{part.2}% 45
