\BOOKMARK [-1][-]{part.1}{I Comp Phys 381}{}% 1
\BOOKMARK [0][-]{chapter.1}{Root Finding Methods}{part.1}% 2
\BOOKMARK [1][-]{section.1.1}{Bisection Method}{chapter.1}% 3
\BOOKMARK [1][-]{section.1.2}{Newton-Raphson Method}{chapter.1}% 4
\BOOKMARK [0][-]{chapter.2}{Non-Linear ODEs}{part.1}% 5
\BOOKMARK [1][-]{section.2.1}{Euler Method}{chapter.2}% 6
\BOOKMARK [1][-]{section.2.2}{Trapezoid Rule}{chapter.2}% 7
\BOOKMARK [1][-]{section.2.3}{Runge-Kutta}{chapter.2}% 8
\BOOKMARK [0][-]{chapter.3}{Numerical Fourier Analysis}{part.1}% 9
\BOOKMARK [1][-]{section.3.1}{Fourier Series}{chapter.3}% 10
\BOOKMARK [1][-]{section.3.2}{Simpson's Rule}{chapter.3}% 11
\BOOKMARK [1][-]{section.3.3}{Fourier Integral}{chapter.3}% 12
\BOOKMARK [1][-]{section.3.4}{Discrete Fourier Transform}{chapter.3}% 13
\BOOKMARK [0][-]{chapter.4}{Curve-fitting and Optimization}{part.1}% 14
\BOOKMARK [1][-]{section.4.1}{Least Squares}{chapter.4}% 15
\BOOKMARK [1][-]{section.4.2}{Finite Differences}{chapter.4}% 16
\BOOKMARK [-1][-]{part.2}{II Comp Phys 481}{}% 17
\BOOKMARK [-1][-]{part.3}{III Computability}{}% 18
\BOOKMARK [0][-]{chapter.5}{Automata and Languages}{part.3}% 19
\BOOKMARK [1][-]{section.5.1}{Finite Automata}{chapter.5}% 20
\BOOKMARK [1][-]{section.5.2}{Nondeterminism}{chapter.5}% 21
\BOOKMARK [1][-]{section.5.3}{Cellular Automata}{chapter.5}% 22
\BOOKMARK [0][-]{section*.1}{Appendices}{part.3}% 23
\BOOKMARK [1][-]{section.1..1}{Lambda Functions}{section*.1}% 24
\BOOKMARK [1][-]{section.1..2}{List Comprehension}{section*.1}% 25
\BOOKMARK [1][-]{section.1..3}{ODE-int Solve}{section*.1}% 26
\BOOKMARK [1][-]{section.1..4}{Big-O Notation}{section*.1}% 27
\BOOKMARK [1][-]{section.1..5}{Graphs Basics}{section*.1}% 28
\BOOKMARK [1][-]{section.1..6}{Strings and Languages Basics}{section*.1}% 29
\BOOKMARK [1][-]{section.1..7}{Recursive Transition Networks}{section*.1}% 30
\BOOKMARK [2][-]{section*.2}{The Dada Engine}{section.1..7}% 31
