\BOOKMARK [0][-]{chapter.1}{Popular and Country \046 Western Musics}{}% 1
\BOOKMARK [1][-]{section.1.1}{Regionalism in Music}{chapter.1}% 2
\BOOKMARK [2][-]{subsection.1.1.1}{Radio \046 Film}{section.1.1}% 3
\BOOKMARK [2][-]{subsection.1.1.2}{Radio Before 1945}{section.1.1}% 4
\BOOKMARK [1][-]{section.1.2}{Development of Popular Music at the Turn of the 20th Century \(Early 1900s\)}{chapter.1}% 5
\BOOKMARK [2][-]{subsection.1.2.1}{Tin Pan Alley}{section.1.2}% 6
\BOOKMARK [1][-]{section.1.3}{Big Band Era 1935-1945}{chapter.1}% 7
\BOOKMARK [2][-]{subsection.1.3.1}{Bing Crosby}{section.1.3}% 8
\BOOKMARK [2][-]{subsection.1.3.2}{Andrews Sisters \046 Mills Brothers}{section.1.3}% 9
\BOOKMARK [2][-]{subsection.1.3.3}{Frank Sinatra}{section.1.3}% 10
\BOOKMARK [2][-]{subsection.1.3.4}{Singers In, Bands Out}{section.1.3}% 11
\BOOKMARK [1][-]{section.1.4}{Country \046 Western}{chapter.1}% 12
\BOOKMARK [2][-]{subsection.1.4.1}{Country}{section.1.4}% 13
\BOOKMARK [2][-]{subsection.1.4.2}{Western}{section.1.4}% 14
\BOOKMARK [2][-]{subsection.1.4.3}{Authenticity?}{section.1.4}% 15
\BOOKMARK [2][-]{subsection.1.4.4}{The Spread of Country \046 Western}{section.1.4}% 16
\BOOKMARK [2][-]{subsection.1.4.5}{Hank Williams}{section.1.4}% 17
\BOOKMARK [2][-]{subsection.1.4.6}{Bluegrass}{section.1.4}% 18
\BOOKMARK [1][-]{section.1.5}{Amos `N` Andy Article}{chapter.1}% 19
\BOOKMARK [1][-]{section.1.6}{Somewhere Over the Rainbow Significance}{chapter.1}% 20
\BOOKMARK [0][-]{chapter.2}{Rhythm \046 Blues Musics}{}% 21
\BOOKMARK [1][-]{section.2.1}{What is R\046B?}{chapter.2}% 22
\BOOKMARK [2][-]{subsection.2.1.1}{Early R\046B}{section.2.1}% 23
\BOOKMARK [2][-]{subsection.2.1.2}{Robert Johnson \(1930s blues\)}{section.2.1}% 24
\BOOKMARK [1][-]{section.2.2}{Muddy Waters}{chapter.2}% 25
\BOOKMARK [2][-]{subsection.2.2.1}{Chess \046 Muddy}{section.2.2}% 26
\BOOKMARK [2][-]{subsection.2.2.2}{Chess Records}{section.2.2}% 27
\BOOKMARK [1][-]{section.2.3}{Black Radio}{chapter.2}% 28
\BOOKMARK [1][-]{section.2.4}{Atlantic R\046B}{chapter.2}% 29
\BOOKMARK [2][-]{subsection.2.4.1}{Hokum Blues}{section.2.4}% 30
\BOOKMARK [1][-]{section.2.5}{Karl Hagstrom Miller's Analysis of Regionalism}{chapter.2}% 31
\BOOKMARK [1][-]{section.2.6}{Toward Rock `n' Roll}{chapter.2}% 32
\BOOKMARK [2][-]{subsection.2.6.1}{Ahmet Ertegun and Jerry Wexler}{section.2.6}% 33
\BOOKMARK [2][-]{subsection.2.6.2}{Rich Cohen}{section.2.6}% 34
\BOOKMARK [1][-]{section.2.7}{Robert Johnson Article}{chapter.2}% 35
\BOOKMARK [1][-]{section.2.8}{Muddy Waters, 1915-1983, Article}{chapter.2}% 36
\BOOKMARK [2][-]{subsection.2.8.1}{Eric Clapton Quote}{section.2.8}% 37
\BOOKMARK [2][-]{subsection.2.8.2}{Marshal Chess Quote}{section.2.8}% 38
\BOOKMARK [2][-]{subsection.2.8.3}{Keith Richards Quote}{section.2.8}% 39
\BOOKMARK [2][-]{subsection.2.8.4}{Peter Wolf Quote}{section.2.8}% 40
\BOOKMARK [1][-]{section.2.9}{Rosetta Tharpe: ``A queer black woman invented rock-and-roll" Article}{chapter.2}% 41
\BOOKMARK [0][-]{chapter.3}{The First Wave of Rock and Roll}{}% 42
\BOOKMARK [1][-]{section.3.1}{Making Waves: Early Rock and Roll}{chapter.3}% 43
\BOOKMARK [2][-]{subsection.3.1.1}{A New Normalcy}{section.3.1}% 44
\BOOKMARK [2][-]{subsection.3.1.2}{Teenagers}{section.3.1}% 45
\BOOKMARK [1][-]{section.3.2}{1950s America}{chapter.3}% 46
\BOOKMARK [1][-]{section.3.3}{White Teens and `Black Radio'}{chapter.3}% 47
\BOOKMARK [2][-]{subsection.3.3.1}{Major Labels}{section.3.3}% 48
\BOOKMARK [2][-]{subsection.3.3.2}{Independent Labels}{section.3.3}% 49
\BOOKMARK [2][-]{subsection.3.3.3}{Charting Success}{section.3.3}% 50
\BOOKMARK [1][-]{section.3.4}{Crossover}{chapter.3}% 51
\BOOKMARK [1][-]{section.3.5}{The First Waves}{chapter.3}% 52
\BOOKMARK [2][-]{subsection.3.5.1}{characteristics}{section.3.5}% 53
\BOOKMARK [2][-]{subsection.3.5.2}{Four Common Formal Types}{section.3.5}% 54
\BOOKMARK [2][-]{subsection.3.5.3}{Rock `n' Roll?}{section.3.5}% 55
\BOOKMARK [2][-]{subsection.3.5.4}{Chuck Berry}{section.3.5}% 56
\BOOKMARK [2][-]{subsection.3.5.5}{Little Richard}{section.3.5}% 57
\BOOKMARK [1][-]{section.3.6}{Little Richard Is Everywhere: Article}{chapter.3}% 58
\BOOKMARK [0][-]{chapter.4}{The Second Wave of Rock and Roll}{}% 59
\BOOKMARK [1][-]{section.4.1}{Elvis' Early Years}{chapter.4}% 60
\BOOKMARK [2][-]{subsection.4.1.1}{Sam Phillips and Elvis}{section.4.1}% 61
\BOOKMARK [1][-]{section.4.2}{Anatomically Correct Rock Doll Method}{chapter.4}% 62
\BOOKMARK [1][-]{section.4.3}{Elvis}{chapter.4}% 63
\BOOKMARK [2][-]{subsection.4.3.1}{Elvis' Team}{section.4.3}% 64
\BOOKMARK [2][-]{subsection.4.3.2}{The Comeback}{section.4.3}% 65
\BOOKMARK [1][-]{section.4.4}{Rockabilly}{chapter.4}% 66
\BOOKMARK [1][-]{section.4.5}{Other Parallel Movements}{chapter.4}% 67
\BOOKMARK [2][-]{subsection.4.5.1}{Doo-Wop}{section.4.5}% 68
\BOOKMARK [2][-]{subsection.4.5.2}{Crossing over the the Mainstream}{section.4.5}% 69
\BOOKMARK [1][-]{section.4.6}{Analysis Tips}{chapter.4}% 70
\BOOKMARK [2][-]{subsection.4.6.1}{Girl Groups}{section.4.6}% 71
\BOOKMARK [2][-]{subsection.4.6.2}{The Beach Boys}{section.4.6}% 72
\BOOKMARK [2][-]{subsection.4.6.3}{Peter Paul and Mary}{section.4.6}% 73
\BOOKMARK [1][-]{section.4.7}{Sanitizing Rock in the Early 1960s}{chapter.4}% 74
\BOOKMARK [1][-]{section.4.8}{The End of An Era}{chapter.4}% 75
\BOOKMARK [2][-]{subsection.4.8.1}{1960: The End of Classic Rock}{section.4.8}% 76
\BOOKMARK [1][-]{section.4.9}{Elvis' Top 40 Hits}{chapter.4}% 77
\BOOKMARK [1][-]{section.4.10}{Chubby Checker's ``The Twist" Article}{chapter.4}% 78
\BOOKMARK [1][-]{section.4.11}{Ray Charles' ``Hit the Road Jack" Article"}{chapter.4}% 79
\BOOKMARK [1][-]{section.4.12}{The Marcels' ``Blue Moon" Article}{chapter.4}% 80
\BOOKMARK [0][-]{chapter.5}{The British Invasion}{}% 81
\BOOKMARK [1][-]{section.5.1}{Charlie Christian}{chapter.5}% 82
\BOOKMARK [2][-]{subsection.5.1.1}{Charlie Christian Excerpt}{section.5.1}% 83
\BOOKMARK [1][-]{section.5.2}{Civil Rights}{chapter.5}% 84
\BOOKMARK [2][-]{subsection.5.2.1}{Kennedy Excerpt}{section.5.2}% 85
\BOOKMARK [2][-]{subsection.5.2.2}{MLK Excerpt}{section.5.2}% 86
\BOOKMARK [1][-]{section.5.3}{Meanwhile In the UK}{chapter.5}% 87
\BOOKMARK [2][-]{subsection.5.3.1}{Britain Excerpt}{section.5.3}% 88
\BOOKMARK [2][-]{subsection.5.3.2}{Rapid Ascension}{section.5.3}% 89
\BOOKMARK [2][-]{subsection.5.3.3}{Beatlemania}{section.5.3}% 90
\BOOKMARK [2][-]{subsection.5.3.4}{The Beatles Excerpt}{section.5.3}% 91
\BOOKMARK [1][-]{section.5.4}{The Beatles: American Influences}{chapter.5}% 92
\BOOKMARK [1][-]{section.5.5}{Other British Boys}{chapter.5}% 93
\BOOKMARK [2][-]{subsection.5.5.1}{British Invasion Sound/Style}{section.5.5}% 94
\BOOKMARK [2][-]{subsection.5.5.2}{Rolling Stones Excerpt}{section.5.5}% 95
\BOOKMARK [1][-]{section.5.6}{The Rolling Stones}{chapter.5}% 96
\BOOKMARK [1][-]{section.5.7}{``I Want To Hold Your Hand" Stereogum article}{chapter.5}% 97
\BOOKMARK [1][-]{section.5.8}{``\(I Can't Get No\) Satisfaction" Stereogum article}{chapter.5}% 98
\BOOKMARK [0][-]{chapter.6}{America's Ambassadors of Rock, Part 1}{}% 99
\BOOKMARK [1][-]{section.6.1}{Bob Dylan}{chapter.6}% 100
\BOOKMARK [2][-]{subsection.6.1.1}{Dylan Goes Electric}{section.6.1}% 101
\BOOKMARK [2][-]{subsection.6.1.2}{``Highway 61 Revisited" Excerpt}{section.6.1}% 102
\BOOKMARK [1][-]{section.6.2}{Simon \046 Garfunkel}{chapter.6}% 103
\BOOKMARK [1][-]{section.6.3}{Folk Rock}{chapter.6}% 104
\BOOKMARK [1][-]{section.6.4}{Phil Spector}{chapter.6}% 105
\BOOKMARK [2][-]{subsection.6.4.1}{Phil Spector Excerpt}{section.6.4}% 106
\BOOKMARK [1][-]{section.6.5}{Brian Wilson}{chapter.6}% 107
\BOOKMARK [2][-]{subsection.6.5.1}{Brian Wilson Video}{section.6.5}% 108
\BOOKMARK [1][-]{section.6.6}{Back In New York}{chapter.6}% 109
\BOOKMARK [1][-]{section.6.7}{The Northwest: Garage Bands}{chapter.6}% 110
\BOOKMARK [1][-]{section.6.8}{The Monkees}{chapter.6}% 111
\BOOKMARK [1][-]{section.6.9}{``Good Vibrations" Stereogum article}{chapter.6}% 112
\BOOKMARK [0][-]{chapter.7}{America's Ambassadors of Rock, Part 2: Motown and Southern Soul}{}% 113
\BOOKMARK [1][-]{section.7.1}{Motown Excerpt}{chapter.7}% 114
\BOOKMARK [1][-]{section.7.2}{Motown}{chapter.7}% 115
\BOOKMARK [1][-]{section.7.3}{The Motown Model}{chapter.7}% 116
\BOOKMARK [2][-]{subsection.7.3.1}{Holland-Dozier-Holland \(HDH\)}{section.7.3}% 117
\BOOKMARK [2][-]{subsection.7.3.2}{``Create, Make, Sell"}{section.7.3}% 118
\BOOKMARK [2][-]{subsection.7.3.3}{Hitsville Map}{section.7.3}% 119
\BOOKMARK [2][-]{subsection.7.3.4}{``Writing" Process of Motown}{section.7.3}% 120
\BOOKMARK [2][-]{subsection.7.3.5}{The Funk Brothers}{section.7.3}% 121
\BOOKMARK [2][-]{subsection.7.3.6}{Choreography}{section.7.3}% 122
\BOOKMARK [2][-]{subsection.7.3.7}{A Few Hits From Hittsville}{section.7.3}% 123
\BOOKMARK [1][-]{section.7.4}{Atlantic Soul}{chapter.7}% 124
\BOOKMARK [2][-]{subsection.7.4.1}{Atlantix-Stax Partnership}{section.7.4}% 125
\BOOKMARK [2][-]{subsection.7.4.2}{Aretha Franklin - ``Respect" 1967}{section.7.4}% 126
\BOOKMARK [2][-]{subsection.7.4.3}{FriedLander's Theories}{section.7.4}% 127
\BOOKMARK [1][-]{section.7.5}{Friedlanger's ``Rock Window" Method}{chapter.7}% 128
\BOOKMARK [2][-]{subsection.7.5.1}{``Respect" Background}{section.7.5}% 129
\BOOKMARK [1][-]{section.7.6}{Muscle Shoals}{chapter.7}% 130
\BOOKMARK [2][-]{subsection.7.6.1}{Fume Studios Excerpt}{section.7.6}% 131
\BOOKMARK [2][-]{subsection.7.6.2}{Pickett}{section.7.6}% 132
\BOOKMARK [2][-]{subsection.7.6.3}{Aretha at Muscle Shoals}{section.7.6}% 133
\BOOKMARK [1][-]{section.7.7}{James Brown}{chapter.7}% 134
\BOOKMARK [2][-]{subsection.7.7.1}{James Brown Influence Excerpt}{section.7.7}% 135
\BOOKMARK [1][-]{section.7.8}{Horn Section in a Motown Band}{chapter.7}% 136
\BOOKMARK [1][-]{section.7.9}{Can We Recreate the Motown Sound?}{chapter.7}% 137
\BOOKMARK [2][-]{subsection.7.9.1}{The Studio}{section.7.9}% 138
\BOOKMARK [2][-]{subsection.7.9.2}{Drums and Percussion}{section.7.9}% 139
\BOOKMARK [2][-]{subsection.7.9.3}{Piano and Keyboards}{section.7.9}% 140
\BOOKMARK [2][-]{subsection.7.9.4}{Bass and Guitar}{section.7.9}% 141
\BOOKMARK [2][-]{subsection.7.9.5}{Electric Guitar}{section.7.9}% 142
\BOOKMARK [2][-]{subsection.7.9.6}{Strings, Horns, and Overdubs}{section.7.9}% 143
\BOOKMARK [2][-]{subsection.7.9.7}{Vocals}{section.7.9}% 144
\BOOKMARK [2][-]{subsection.7.9.8}{Mixing}{section.7.9}% 145
\BOOKMARK [1][-]{section.7.10}{``Where Did Our Love Go" Stereogum article}{chapter.7}% 146
\BOOKMARK [1][-]{section.7.11}{``My Girl" Stereogum article}{chapter.7}% 147
\BOOKMARK [0][-]{chapter.8}{The Psychedelic 60s}{}% 148
\BOOKMARK [1][-]{section.8.1}{Up-State: The Psychedelic 60s \(1966-1969\)}{chapter.8}% 149
\BOOKMARK [1][-]{section.8.2}{Social Justice}{chapter.8}% 150
\BOOKMARK [1][-]{section.8.3}{Psychedelia in Music}{chapter.8}% 151
\BOOKMARK [1][-]{section.8.4}{Friendly Competition}{chapter.8}% 152
\BOOKMARK [2][-]{subsection.8.4.1}{Excerpt: Norwegian Wood \(1965\)}{section.8.4}% 153
\BOOKMARK [2][-]{subsection.8.4.2}{Excerpt: Good Vibrations \(1966\)}{section.8.4}% 154
\BOOKMARK [2][-]{subsection.8.4.3}{Excerpt: SMiLE}{section.8.4}% 155
\BOOKMARK [2][-]{subsection.8.4.4}{Excerpt: Yesterday and George Martin \(Beatles' producer\)}{section.8.4}% 156
\BOOKMARK [1][-]{section.8.5}{Sgt. Pepper}{chapter.8}% 157
\BOOKMARK [2][-]{subsection.8.5.1}{Excerpt: A Day in the Life}{section.8.5}% 158
\BOOKMARK [1][-]{section.8.6}{LSD}{chapter.8}% 159
\BOOKMARK [2][-]{subsection.8.6.1}{Excerpt: Ken Keasy}{section.8.6}% 160
\BOOKMARK [2][-]{subsection.8.6.2}{Excerpt: White Rabbit \(1967\)}{section.8.6}% 161
\BOOKMARK [1][-]{section.8.7}{Pink Floyd}{chapter.8}% 162
\BOOKMARK [2][-]{subsection.8.7.1}{Excerpt: Syd Barrett}{section.8.7}% 163
\BOOKMARK [2][-]{subsection.8.7.2}{Excertp: Monterey Festival}{section.8.7}% 164
\BOOKMARK [1][-]{section.8.8}{Guitar Heroes}{chapter.8}% 165
\BOOKMARK [2][-]{subsection.8.8.1}{Excerpt: Hendrix}{section.8.8}% 166
\BOOKMARK [1][-]{section.8.9}{LA-The Doors}{chapter.8}% 167
\BOOKMARK [1][-]{section.8.10}{Americana and The Band}{chapter.8}% 168
\BOOKMARK [2][-]{subsection.8.10.1}{Excerpt: The Band}{section.8.10}% 169
\BOOKMARK [1][-]{section.8.11}{Woodstock}{chapter.8}% 170
\BOOKMARK [0][-]{chapter.9}{A to Zep}{}% 171
\BOOKMARK [1][-]{section.9.1}{The 1970s}{chapter.9}% 172
\BOOKMARK [2][-]{subsection.9.1.1}{Excerpt: Woman's Lib}{section.9.1}% 173
\BOOKMARK [1][-]{section.9.2}{TV: All in the Family}{chapter.9}% 174
\BOOKMARK [2][-]{subsection.9.2.1}{Episode}{section.9.2}% 175
\BOOKMARK [1][-]{section.9.3}{Music on TV}{chapter.9}% 176
\BOOKMARK [1][-]{section.9.4}{Musical Trends}{chapter.9}% 177
\BOOKMARK [1][-]{section.9.5}{The Hippie Aesthetic}{chapter.9}% 178
\BOOKMARK [1][-]{section.9.6}{Blues-Based British Rock}{chapter.9}% 179
\BOOKMARK [2][-]{subsection.9.6.1}{Excerpt: Brown Sugar}{section.9.6}% 180
\BOOKMARK [1][-]{section.9.7}{Recall the Yardbirds ...}{chapter.9}% 181
\BOOKMARK [2][-]{subsection.9.7.1}{Excerpt: John Bonham}{section.9.7}% 182
\BOOKMARK [1][-]{section.9.8}{Stairway to Heaven}{chapter.9}% 183
\BOOKMARK [1][-]{section.9.9}{Led Zeppelin}{chapter.9}% 184
\BOOKMARK [1][-]{section.9.10}{Deep Purple}{chapter.9}% 185
\BOOKMARK [2][-]{subsection.9.10.1}{Excerpt: Smoke on the Water riff}{section.9.10}% 186
\BOOKMARK [1][-]{section.9.11}{Black Sabbath}{chapter.9}% 187
\BOOKMARK [1][-]{section.9.12}{The Who}{chapter.9}% 188
\BOOKMARK [2][-]{subsection.9.12.1}{Excerpt: 1967 Smothers Brothers}{section.9.12}% 189
\BOOKMARK [2][-]{subsection.9.12.2}{Excerpt: Keith Moon}{section.9.12}% 190
\BOOKMARK [1][-]{section.9.13}{``Baba O' Riley" \(1971\)}{chapter.9}% 191
\BOOKMARK [1][-]{section.9.14}{Pink Floyd}{chapter.9}% 192
\BOOKMARK [2][-]{subsection.9.14.1}{The Dark Side of the Moon}{section.9.14}% 193
\BOOKMARK [1][-]{section.9.15}{American Blues and Southern Rock}{chapter.9}% 194
\BOOKMARK [2][-]{subsection.9.15.1}{Excertp: ``Layla"}{section.9.15}% 195
\BOOKMARK [1][-]{section.9.16}{Lynyrd Skynyrd}{chapter.9}% 196
\BOOKMARK [1][-]{section.9.17}{Other ``Southern" Rock}{chapter.9}% 197
\BOOKMARK [1][-]{section.9.18}{Other American Blues}{chapter.9}% 198
\BOOKMARK [1][-]{section.9.19}{Progressive ROck}{chapter.9}% 199
\BOOKMARK [2][-]{subsection.9.19.1}{Rick Wakeman of Yes}{section.9.19}% 200
\BOOKMARK [2][-]{subsection.9.19.2}{Excerpt: King Crimson - ``21st Century Schizoid Man" \(1969\)}{section.9.19}% 201
\BOOKMARK [1][-]{section.9.20}{Jazz Influenced}{chapter.9}% 202
\BOOKMARK [1][-]{section.9.21}{Glam}{chapter.9}% 203
\BOOKMARK [2][-]{subsection.9.21.1}{Authentic?}{section.9.21}% 204
\BOOKMARK [1][-]{section.9.22}{Singer Songwriters}{chapter.9}% 205
\BOOKMARK [2][-]{subsection.9.22.1}{Emerging Singer Songwriters}{section.9.22}% 206
\BOOKMARK [1][-]{section.9.23}{Elton John}{chapter.9}% 207
\BOOKMARK [1][-]{section.9.24}{Joni Mitchell and Neil Young \(Canadians\)}{chapter.9}% 208
\BOOKMARK [1][-]{section.9.25}{``Brown Sugar" Stereogum article}{chapter.9}% 209
\BOOKMARK [1][-]{section.9.26}{``Heart Of Gold" Stereogum Article}{chapter.9}% 210
\BOOKMARK [1][-]{section.9.27}{``Fame" Stereogum Article}{chapter.9}% 211
\BOOKMARK [0][-]{chapter.10}{Black Pop, Funk, and the Roots of Rap}{}% 212
\BOOKMARK [1][-]{section.10.1}{Excerpt: Riots}{chapter.10}% 213
\BOOKMARK [1][-]{section.10.2}{Excerpt: Black Dignity TV Show}{chapter.10}% 214
\BOOKMARK [1][-]{section.10.3}{Funk}{chapter.10}% 215
\BOOKMARK [2][-]{subsection.10.3.1}{Tiger Roholt: Groove \(2014\)}{section.10.3}% 216
\BOOKMARK [2][-]{subsection.10.3.2}{The Funk cont.}{section.10.3}% 217
\BOOKMARK [1][-]{section.10.4}{White Rock}{chapter.10}% 218
\BOOKMARK [1][-]{section.10.5}{Sly and the Family Stone}{chapter.10}% 219
\BOOKMARK [2][-]{subsection.10.5.1}{Excerpt: Sly}{section.10.5}% 220
\BOOKMARK [1][-]{section.10.6}{Funk Followers}{chapter.10}% 221
\BOOKMARK [1][-]{section.10.7}{War: Eric Burdon Goes Funk}{chapter.10}% 222
\BOOKMARK [1][-]{section.10.8}{Motown}{chapter.10}% 223
\BOOKMARK [2][-]{subsection.10.8.1}{Motown: The Commodores}{section.10.8}% 224
\BOOKMARK [2][-]{subsection.10.8.2}{Motown: Marvin Gaye}{section.10.8}% 225
\BOOKMARK [2][-]{subsection.10.8.3}{Motown: Stevie Wonder}{section.10.8}% 226
\BOOKMARK [1][-]{section.10.9}{Blaxploitation}{chapter.10}% 227
\BOOKMARK [1][-]{section.10.10}{George Clinton}{chapter.10}% 228
\BOOKMARK [2][-]{subsection.10.10.1}{Excerpt: ``Tear the Roof Off"}{section.10.10}% 229
\BOOKMARK [2][-]{subsection.10.10.2}{Bam on Funk}{section.10.10}% 230
\BOOKMARK [1][-]{section.10.11}{Hip-Hop}{chapter.10}% 231
\BOOKMARK [2][-]{subsection.10.11.1}{Excerpt: Chuck D}{section.10.11}% 232
\BOOKMARK [1][-]{section.10.12}{The Bronx}{chapter.10}% 233
\BOOKMARK [2][-]{subsection.10.12.1}{The Bronx in Decline}{section.10.12}% 234
\BOOKMARK [2][-]{subsection.10.12.2}{The Bronx on Fire}{section.10.12}% 235
\BOOKMARK [2][-]{subsection.10.12.3}{1968: Heroin Influx}{section.10.12}% 236
\BOOKMARK [1][-]{section.10.13}{DJ Kool Herc}{chapter.10}% 237
\BOOKMARK [2][-]{subsection.10.13.1}{Herc's Method}{section.10.13}% 238
\BOOKMARK [1][-]{section.10.14}{The Jeffersons}{chapter.10}% 239
\BOOKMARK [2][-]{subsection.10.14.1}{Episode: ``The Blackout" \(1978\)}{section.10.14}% 240
\BOOKMARK [1][-]{section.10.15}{Flash: DJing as Composition}{chapter.10}% 241
\BOOKMARK [2][-]{subsection.10.15.1}{Excerpt: Flash}{section.10.15}% 242
\BOOKMARK [2][-]{subsection.10.15.2}{Quick-Mix Theory}{section.10.15}% 243
\BOOKMARK [2][-]{subsection.10.15.3}{Flash's Clock Theory}{section.10.15}% 244
\BOOKMARK [2][-]{subsection.10.15.4}{Flash on Record}{section.10.15}% 245
\BOOKMARK [1][-]{section.10.16}{Joseph Schloss}{chapter.10}% 246
\BOOKMARK [1][-]{section.10.17}{Afrika Bambaataa}{chapter.10}% 247
\BOOKMARK [2][-]{subsection.10.17.1}{Excerpt: Graffiti}{section.10.17}% 248
\BOOKMARK [1][-]{section.10.18}{Towards Rap...}{chapter.10}% 249
\BOOKMARK [2][-]{subsection.10.18.1}{Excerpt: Rap}{section.10.18}% 250
\BOOKMARK [1][-]{section.10.19}{``Everyday People" Stereogum Article}{chapter.10}% 251
\BOOKMARK [1][-]{section.10.20}{``I Want You Back" Stereogum Article}{chapter.10}% 252
\BOOKMARK [1][-]{section.10.21}{``Theme From Shaft" Stereogum Article}{chapter.10}% 253
\BOOKMARK [1][-]{section.10.22}{``Papa Was a Rollin' Stone" Stereogum Article}{chapter.10}% 254
\BOOKMARK [1][-]{section.10.23}{``Superstition" Stereogum Article}{chapter.10}% 255
