\BOOKMARK [1][-]{section.1}{\376\377\000F\000o\000r\000m\000u\000l\000a\000s}{}% 1
\BOOKMARK [2][-]{subsection.1.1}{\376\377\000V\000e\000c\000t\000o\000r\000s}{section.1}% 2
\BOOKMARK [2][-]{subsection.1.2}{\376\377\000H\000y\000p\000e\000r\000b\000o\000l\000i\000c\000\040\000T\000r\000i\000g\000\040\000a\000n\000d\000\040\000T\000r\000i\000g\000\040\000I\000d\000e\000n\000t\000i\000t\000i\000e\000s}{section.1}% 3
\BOOKMARK [2][-]{subsection.1.3}{\376\377\000C\000o\000o\000r\000d\000i\000n\000a\000t\000e\000s}{section.1}% 4
\BOOKMARK [2][-]{subsection.1.4}{\376\377\000L\000i\000n\000e\000a\000r\000\040\000A\000i\000r\000\040\000R\000e\000s\000i\000s\000t\000a\000n\000c\000e}{section.1}% 5
\BOOKMARK [2][-]{subsection.1.5}{\376\377\000Q\000u\000a\000d\000r\000a\000t\000i\000c\000\040\000D\000r\000a\000g}{section.1}% 6
\BOOKMARK [2][-]{subsection.1.6}{\376\377\000M\000a\000g\000n\000e\000t\000i\000c\000\040\000a\000n\000d\000\040\000E\000l\000e\000c\000t\000r\000i\000c\000\040\000F\000i\000e\000l\000d\000s}{section.1}% 7
\BOOKMARK [2][-]{subsection.1.7}{\376\377\000R\000o\000c\000k\000e\000t\000s}{section.1}% 8
\BOOKMARK [2][-]{subsection.1.8}{\376\377\000C\000e\000n\000t\000e\000r\000\040\000o\000f\000\040\000M\000a\000s\000s}{section.1}% 9
\BOOKMARK [2][-]{subsection.1.9}{\376\377\000A\000n\000g\000u\000l\000a\000r\000\040\000M\000o\000m\000e\000n\000t\000u\000m}{section.1}% 10
\BOOKMARK [2][-]{subsection.1.10}{\376\377\000M\000o\000m\000e\000n\000t\000\040\000o\000f\000\040\000I\000n\000e\000r\000t\000i\000a}{section.1}% 11
\BOOKMARK [2][-]{subsection.1.11}{\376\377\000C\000e\000n\000t\000r\000a\000l\000\040\000F\000o\000r\000c\000e\000s}{section.1}% 12
\BOOKMARK [2][-]{subsection.1.12}{\376\377\000E\000n\000e\000r\000g\000y}{section.1}% 13
\BOOKMARK [2][-]{subsection.1.13}{\376\377\000O\000s\000c\000i\000l\000l\000a\000t\000o\000r\000s}{section.1}% 14
\BOOKMARK [2][-]{subsection.1.14}{\376\377\000R\000e\000s\000o\000n\000a\000n\000c\000e}{section.1}% 15
\BOOKMARK [1][-]{section.2}{\376\377\000N\000e\000w\000t\000o\000n\000'\000s\000\040\000L\000a\000w\000s}{}% 16
\BOOKMARK [2][-]{subsection.2.1}{\376\377\000C\000l\000a\000s\000s\000i\000c\000a\000l\000\040\000M\000o\000d\000e\000l}{section.2}% 17
\BOOKMARK [2][-]{subsection.2.2}{\376\377\000C\000o\000o\000r\000d\000i\000n\000a\000t\000e\000s}{section.2}% 18
\BOOKMARK [1][-]{section.3}{\376\377\000P\000r\000o\000j\000e\000c\000t\000i\000l\000e\000s\000\040\000a\000n\000d\000\040\000C\000h\000a\000r\000g\000e\000d\000\040\000P\000a\000r\000t\000i\000c\000l\000e\000s}{}% 19
\BOOKMARK [2][-]{subsection.3.1}{\376\377\000A\000i\000r\000\040\000R\000e\000s\000i\000s\000t\000a\000n\000c\000e}{section.3}% 20
\BOOKMARK [2][-]{subsection.3.2}{\376\377\000M\000a\000g\000n\000e\000t\000i\000c\000\040\000a\000n\000d\000\040\000E\000l\000e\000c\000t\000r\000i\000c\000\040\000F\000o\000r\000c\000e\000s}{section.3}% 21
\BOOKMARK [1][-]{section.4}{\376\377\000M\000o\000m\000e\000n\000t\000u\000m\000\040\000a\000n\000d\000\040\000A\000n\000g\000u\000l\000a\000r\000\040\000M\000o\000m\000e\000n\000t\000u\000m}{}% 22
\BOOKMARK [2][-]{subsection.4.1}{\376\377\000M\000o\000m\000e\000n\000t\000u\000m}{section.4}% 23
\BOOKMARK [2][-]{subsection.4.2}{\376\377\000R\000o\000c\000k\000e\000t\000s}{section.4}% 24
\BOOKMARK [2][-]{subsection.4.3}{\376\377\000C\000e\000n\000t\000e\000r\000\040\000o\000f\000\040\000M\000a\000s\000s}{section.4}% 25
\BOOKMARK [2][-]{subsection.4.4}{\376\377\000A\000n\000g\000u\000l\000a\000r\000\040\000M\000o\000m\000e\000n\000t\000u\000m}{section.4}% 26
\BOOKMARK [2][-]{subsection.4.5}{\376\377\000M\000o\000m\000e\000n\000t\000\040\000o\000f\000\040\000I\000n\000e\000r\000t\000i\000a}{section.4}% 27
\BOOKMARK [1][-]{section.5}{\376\377\000e\000n\000e\000r\000g\000y}{}% 28
\BOOKMARK [2][-]{subsection.5.1}{\376\377\000K\000i\000n\000e\000t\000i\000c\000\040\000E\000n\000e\000r\000g\000y}{section.5}% 29
\BOOKMARK [2][-]{subsection.5.2}{\376\377\000P\000o\000t\000e\000n\000t\000i\000a\000l\000\040\000E\000n\000e\000r\000g\000y}{section.5}% 30
\BOOKMARK [2][-]{subsection.5.3}{\376\377\000G\000r\000a\000d\000i\000e\000n\000t}{section.5}% 31
\BOOKMARK [2][-]{subsection.5.4}{\376\377\000T\000i\000m\000e\000-\000D\000e\000p\000e\000n\000d\000e\000n\000t\000\040\000P\000o\000t\000e\000n\000t\000i\000a\000l\000\040\000\050\000O\000p\000t\000i\000o\000n\000a\000l\000\051}{section.5}% 32
\BOOKMARK [2][-]{subsection.5.5}{\376\377\000C\000e\000n\000t\000r\000a\000l\000\040\000F\000o\000r\000c\000e\000s}{section.5}% 33
\BOOKMARK [2][-]{subsection.5.6}{\376\377\000P\000o\000t\000e\000n\000t\000i\000a\000l\000\040\000E\000n\000e\000r\000g\000i\000e\000s\000\040\000b\000e\000t\000w\000e\000e\000n\000\040\000P\000a\000r\000t\000i\000c\000l\000e\000s}{section.5}% 34
\BOOKMARK [2][-]{subsection.5.7}{\376\377\000M\000u\000l\000t\000i\000p\000a\000r\000t\000i\000c\000l\000e\000\040\000S\000y\000s\000t\000e\000m}{section.5}% 35
\BOOKMARK [1][-]{section.6}{\376\377\000O\000s\000c\000i\000l\000l\000a\000t\000i\000o\000n\000s}{}% 36
\BOOKMARK [2][-]{subsection.6.1}{\376\377\000H\000o\000o\000k\000e\000'\000s\000\040\000L\000a\000w}{section.6}% 37
\BOOKMARK [2][-]{subsection.6.2}{\376\377\000S\000i\000m\000p\000l\000e\000\040\000H\000a\000r\000m\000o\000n\000i\000c\000\040\000M\000o\000t\000i\000o\000n}{section.6}% 38
\BOOKMARK [2][-]{subsection.6.3}{\376\377\000T\000w\000o\000-\000D\000i\000m\000e\000n\000s\000i\000o\000n\000a\000l\000\040\000O\000s\000c\000i\000l\000l\000a\000t\000o\000r\000s\000\040\000\050\000O\000p\000t\000i\000o\000n\000a\000l\000\051}{section.6}% 39
\BOOKMARK [2][-]{subsection.6.4}{\376\377\000D\000a\000m\000p\000e\000d\000\040\000O\000s\000c\000i\000l\000l\000a\000t\000o\000r\000s}{section.6}% 40
\BOOKMARK [2][-]{subsection.6.5}{\376\377\000D\000r\000i\000v\000e\000n\000\040\000D\000a\000m\000p\000e\000d\000\040\000O\000s\000c\000i\000l\000l\000a\000t\000o\000r\000s}{section.6}% 41
\BOOKMARK [2][-]{subsection.6.6}{\376\377\000R\000e\000s\000o\000n\000a\000n\000c\000e}{section.6}% 42
