\BOOKMARK [0][-]{chapter.1}{\376\377\000S\000a\000p\000p\000h\000o\000'\000s\000\040\000P\000r\000i\000v\000a\000t\000e\000\040\000W\000o\000r\000l\000d}{}% 1
\BOOKMARK [1][-]{section.1.1}{\376\377\000Q\000u\000e\000s\000t\000i\000o\000n\000s\000\040\000a\000n\000d\000\040\000R\000e\000m\000a\000r\000k\000s}{chapter.1}% 2
\BOOKMARK [1][-]{section.1.2}{\376\377\000F\000i\000r\000s\000t\000\040\000R\000e\000a\000d\000i\000n\000g}{chapter.1}% 3
\BOOKMARK [1][-]{tcb@cnt@rmk.1.2.6}{\376\377\000P\000r\000o\000b\000l\000e\000m\000s}{chapter.1}% 4
\BOOKMARK [0][-]{chapter.2}{\376\377\000P\000e\000r\000f\000o\000r\000m\000i\000n\000g\000\040\000S\000a\000p\000p\000h\000o}{}% 5
\BOOKMARK [1][-]{section.2.1}{\376\377\000Q\000u\000e\000s\000t\000i\000o\000n\000s\000\040\000a\000n\000d\000\040\000R\000e\000m\000a\000r\000k\000s}{chapter.2}% 6
\BOOKMARK [1][-]{section.2.2}{\376\377\000F\000i\000r\000s\000t\000\040\000R\000e\000a\000d\000i\000n\000g}{chapter.2}% 7
\BOOKMARK [2][-]{subsection.2.2.1}{\376\377\000V\000i\000e\000w\000p\000o\000i\000n\000t\000s}{section.2.2}% 8
\BOOKMARK [2][-]{subsection.2.2.2}{\376\377\000N\000i\000g\000h\000t\000\040\000P\000a\000r\000t\000i\000e\000s}{section.2.2}% 9
\BOOKMARK [2][-]{subsection.2.2.3}{\376\377\000T\000h\000e\000\040\000B\000o\000o\000k\000\040\000o\000f\000\040\000E\000p\000i\000t\000h\000a\000l\000a\000m\000i\000a}{section.2.2}% 10
\BOOKMARK [2][-]{subsection.2.2.4}{\376\377\000I\000n\000t\000e\000r\000i\000o\000r\000s\000\040\000a\000n\000d\000\040\000E\000x\000t\000e\000r\000n\000a\000l\000s}{section.2.2}% 11
\BOOKMARK [2][-]{subsection.2.2.5}{\376\377\000C\000r\000e\000t\000a\000n\000\040\000A\000p\000h\000r\000o\000d\000i\000t\000e}{section.2.2}% 12
\BOOKMARK [2][-]{subsection.2.2.6}{\376\377\000W\000o\000r\000r\000i\000e\000s\000\040\000f\000o\000r\000\040\000C\000h\000a\000r\000a\000x\000u\000s}{section.2.2}% 13
\BOOKMARK [2][-]{subsection.2.2.7}{\376\377\000O\000l\000d\000\040\000A\000g\000e}{section.2.2}% 14
\BOOKMARK [2][-]{subsection.2.2.8}{\376\377\000S\000i\000n\000g\000\040\000f\000o\000r\000\040\000U\000s\000!}{section.2.2}% 15
\BOOKMARK [2][-]{subsection.2.2.9}{\376\377\000E\000r\000o\000t\000i\000c\000\040\000P\000a\000t\000h\000o\000g\000r\000a\000p\000h\000y}{section.2.2}% 16
\BOOKMARK [2][-]{subsection.2.2.10}{\376\377\000M\000o\000u\000r\000n\000i\000n\000g\000\040\000B\000e\000c\000o\000m\000e\000s\000\040\000N\000o\000t\000\040\000S\000a\000p\000p\000h\000o}{section.2.2}% 17
\BOOKMARK [2][-]{subsection.2.2.11}{\376\377\000T\000o\000w\000a\000r\000d\000s\000\040\000a\000\040\000C\000o\000n\000c\000l\000u\000s\000i\000o\000n}{section.2.2}% 18
\BOOKMARK [1][-]{subsection.2.2.11}{\376\377\000P\000r\000o\000b\000l\000e\000m\000s}{chapter.2}% 19
\BOOKMARK [0][-]{chapter.3}{\376\377\000B\000e\000f\000o\000r\000e\000\040\000Q\000u\000e\000e\000r\000n\000e\000s\000s\000?}{}% 20
\BOOKMARK [1][-]{section.3.1}{\376\377\000Q\000u\000e\000s\000t\000i\000o\000n\000s\000\040\000a\000n\000d\000\040\000R\000e\000m\000a\000r\000k\000s}{chapter.3}% 21
\BOOKMARK [1][-]{section.3.2}{\376\377\000F\000i\000r\000s\000t\000\040\000R\000e\000a\000d\000i\000n\000g}{chapter.3}% 22
\BOOKMARK [2][-]{subsection.3.2.1}{\376\377\000T\000h\000e\000\040\000P\000a\000i\000n\000t\000i\000n\000g\000s}{section.3.2}% 23
\BOOKMARK [2][-]{subsection.3.2.2}{\376\377\000E\000s\000c\000h\000a\000t\000o\000l\000o\000g\000y\000\040\000o\000f\000\040\000t\000h\000e\000\040\000t\000o\000m\000b\000'\000s\000\040\000i\000c\000o\000n\000o\000g\000r\000a\000p\000h\000y}{section.3.2}% 24
\BOOKMARK [2][-]{subsection.3.2.3}{\376\377\000T\000h\000e\000\040\000s\000y\000m\000p\000o\000s\000i\000u\000m\000\040\000a\000n\000d\000\040\000O\000r\000p\000h\000i\000c\000\040\000r\000i\000t\000e\000s\000:\000\040\000H\000i\000g\000h\000e\000r\000\040\000f\000o\000r\000m\000s\000\040\000o\000f\000\040\000k\000n\000o\000w\000l\000e\000d\000g\000e\000,\000\040\000h\000o\000m\000o\000s\000o\000c\000i\000a\000l\000i\000t\000y\000,\000\040\000a\000n\000d\000\040\000h\000o\000m\000o\000e\000r\000o\000t\000i\000c\000i\000s\000m}{section.3.2}% 25
\BOOKMARK [2][-]{subsection.3.2.4}{\376\377\000A\000n\000c\000i\000e\000n\000t\000\040\000P\000a\000i\000n\000t\000i\000n\000g\000s\000,\000\040\000M\000o\000d\000e\000r\000n\000\040\000Q\000u\000e\000e\000r\000n\000e\000s\000s}{section.3.2}% 26
\BOOKMARK [2][-]{subsection.3.2.5}{\376\377\000C\000o\000n\000c\000l\000u\000s\000i\000o\000n}{section.3.2}% 27
\BOOKMARK [1][-]{section.3.3}{\376\377\000N\000o\000t\000e\000s\000\040\000o\000n\000\040\000A\000n\000a\000l\000y\000s\000i\000s\000\040\000a\000n\000d\000\040\000S\000o\000c\000i\000e\000t\000a\000l\000\040\000C\000o\000n\000t\000e\000x\000t}{chapter.3}% 28
\BOOKMARK [1][-]{tcb@cnt@nte.3.3.1}{\376\377\000P\000r\000o\000b\000l\000e\000m\000s}{chapter.3}% 29
\BOOKMARK [0][-]{chapter.4}{\376\377\000R\000e\000v\000i\000s\000i\000t\000i\000n\000g\000\040\000R\000o\000m\000a\000n\000\040\000S\000e\000x\000u\000a\000l\000i\000t\000y}{}% 30
\BOOKMARK [1][-]{section.4.1}{\376\377\000Q\000u\000e\000s\000t\000i\000o\000n\000s\000\040\000a\000n\000d\000\040\000R\000e\000m\000a\000r\000k\000s}{chapter.4}% 31
\BOOKMARK [1][-]{section.4.2}{\376\377\000F\000i\000r\000s\000t\000\040\000R\000e\000a\000d\000i\000n\000g}{chapter.4}% 32
\BOOKMARK [2][-]{subsection.4.2.1}{\376\377\000A\000g\000e\000n\000c\000y\000\040\000a\000n\000d\000\040\000t\000h\000e\000\040\000p\000e\000n\000e\000t\000r\000a\000t\000i\000o\000n\000\040\000m\000o\000d\000e\000l}{section.4.2}% 33
\BOOKMARK [2][-]{subsection.4.2.2}{\376\377\000P\000a\000s\000s\000i\000v\000e\000\040\000P\000e\000n\000e\000t\000r\000a\000t\000e\000d\000\040\000M\000a\000l\000e\000s}{section.4.2}% 34
\BOOKMARK [2][-]{subsection.4.2.3}{\376\377\000A\000c\000t\000i\000v\000e\000\040\000p\000e\000n\000e\000t\000r\000a\000t\000e\000d\000\040\000m\000a\000l\000e\000s}{section.4.2}% 35
\BOOKMARK [2][-]{subsection.4.2.4}{\376\377\000F\000u\000r\000t\000h\000e\000r\000\040\000r\000e\000p\000e\000r\000c\000u\000s\000s\000i\000o\000n\000s}{section.4.2}% 36
\BOOKMARK [1][-]{section.4.3}{\376\377\000N\000o\000t\000e\000s\000\040\000o\000n\000\040\000A\000n\000a\000l\000y\000s\000i\000s\000\040\000a\000n\000d\000\040\000S\000o\000c\000i\000e\000t\000a\000l\000\040\000C\000o\000n\000t\000e\000x\000t}{chapter.4}% 37
\BOOKMARK [1][-]{section.4.4}{\376\377\000T\000e\000r\000m\000s}{chapter.4}% 38
\BOOKMARK [1][-]{Item.15}{\376\377\000P\000r\000o\000b\000l\000e\000m\000s}{chapter.4}% 39
\BOOKMARK [0][-]{chapter.5}{\376\377\000T\000h\000e\000\040\000C\000u\000l\000t\000u\000r\000a\000l\000\040\000C\000o\000n\000s\000t\000r\000u\000c\000t\000\040\000o\000f\000\040\000t\000h\000e\000\040\000F\000e\000m\000a\000l\000e\000\040\000B\000o\000d\000y\000\040\000i\000n\000\040\000C\000l\000a\000s\000s\000i\000c\000a\000l\000\040\000G\000r\000e\000e\000k\000\040\000S\000c\000i\000e\000n\000c\000e}{}% 40
\BOOKMARK [1][-]{section.5.1}{\376\377\000Q\000u\000e\000s\000t\000i\000o\000n\000s\000\040\000a\000n\000d\000\040\000R\000e\000m\000a\000r\000k\000s}{chapter.5}% 41
\BOOKMARK [1][-]{section.5.2}{\376\377\000F\000i\000r\000s\000t\000\040\000R\000e\000a\000d\000i\000n\000g}{chapter.5}% 42
\BOOKMARK [2][-]{subsection.5.2.1}{\376\377\000D\000i\000s\000e\000a\000s\000e\000s\000\040\000o\000f\000\040\000W\000o\000m\000e\000n\000\040\0001\000.\0001}{section.5.2}% 43
\BOOKMARK [2][-]{subsection.5.2.2}{\376\377\000V\000a\000l\000u\000e\000\040\000J\000u\000d\000g\000e\000m\000e\000n\000t}{section.5.2}% 44
\BOOKMARK [2][-]{subsection.5.2.3}{\376\377\000T\000h\000e\000o\000r\000i\000e\000s\000\040\000o\000f\000\040\000t\000h\000e\000\040\000W\000o\000m\000b}{section.5.2}% 45
\BOOKMARK [2][-]{subsection.5.2.4}{\376\377\000C\000o\000n\000c\000e\000p\000t\000i\000o\000n\000\040\000o\000f\000\040\000t\000h\000e\000\040\000V\000a\000g\000i\000n\000a}{section.5.2}% 46
\BOOKMARK [2][-]{subsection.5.2.5}{\376\377\000I\000s\000s\000u\000s\000\040\000o\000f\000\040\000G\000e\000n\000d\000e\000r}{section.5.2}% 47
\BOOKMARK [2][-]{subsection.5.2.6}{\376\377\000C\000o\000n\000c\000l\000u\000s\000i\000o\000n}{section.5.2}% 48
\BOOKMARK [1][-]{section.5.3}{\376\377\000N\000o\000t\000e\000s\000\040\000o\000n\000\040\000A\000n\000a\000l\000y\000s\000i\000s\000\040\000a\000n\000d\000\040\000S\000o\000c\000i\000e\000t\000a\000l\000\040\000C\000o\000n\000t\000e\000x\000t}{chapter.5}% 49
\BOOKMARK [1][-]{section.5.4}{\376\377\000T\000e\000r\000m\000s}{chapter.5}% 50
\BOOKMARK [1][-]{Item.21}{\376\377\000P\000r\000o\000b\000l\000e\000m\000s}{chapter.5}% 51
\BOOKMARK [0][-]{chapter.6}{\376\377\000F\000e\000r\000t\000i\000l\000i\000t\000y\000\040\000c\000o\000n\000t\000r\000o\000l\000\040\000i\000n\000\040\000a\000n\000c\000i\000e\000n\000t\000\040\000R\000o\000m\000e}{}% 52
\BOOKMARK [1][-]{section.6.1}{\376\377\000Q\000u\000e\000s\000t\000i\000o\000n\000s\000\040\000a\000n\000d\000\040\000R\000e\000m\000a\000r\000k\000s}{chapter.6}% 53
\BOOKMARK [1][-]{section.6.2}{\376\377\000F\000i\000r\000s\000t\000\040\000R\000e\000a\000d\000i\000n\000g}{chapter.6}% 54
\BOOKMARK [2][-]{subsection.6.2.1}{\376\377\000F\000e\000r\000t\000i\000l\000i\000t\000y\000\040\000C\000o\000n\000t\000r\000o\000l}{section.6.2}% 55
\BOOKMARK [2][-]{subsection.6.2.2}{\376\377\000F\000e\000r\000t\000i\000l\000i\000t\000y\000\040\000C\000o\000n\000t\000r\000o\000l}{section.6.2}% 56
\BOOKMARK [2][-]{subsection.6.2.3}{\376\377\000C\000o\000n\000c\000l\000u\000s\000i\000o\000n\000s}{section.6.2}% 57
\BOOKMARK [1][-]{section.6.3}{\376\377\000N\000o\000t\000e\000s\000\040\000o\000n\000\040\000A\000n\000a\000l\000y\000s\000i\000s\000\040\000a\000n\000d\000\040\000S\000o\000c\000i\000e\000t\000a\000l\000\040\000C\000o\000n\000t\000e\000x\000t}{chapter.6}% 58
\BOOKMARK [1][-]{section.6.4}{\376\377\000T\000e\000r\000m\000s}{chapter.6}% 59
\BOOKMARK [1][-]{Item.30}{\376\377\000P\000r\000o\000b\000l\000e\000m\000s}{chapter.6}% 60
\BOOKMARK [0][-]{chapter.7}{\376\377\000H\000o\000w\000\040\000t\000o\000\040\000K\000i\000l\000l\000\040\000a\000n\000\040\000A\000m\000a\000z\000o\000n}{}% 61
\BOOKMARK [1][-]{section.7.1}{\376\377\000Q\000u\000e\000s\000t\000i\000o\000n\000s\000\040\000a\000n\000d\000\040\000R\000e\000m\000a\000r\000k\000s}{chapter.7}% 62
\BOOKMARK [1][-]{section.7.2}{\376\377\000F\000i\000r\000s\000t\000\040\000R\000e\000a\000d\000i\000n\000g}{chapter.7}% 63
\BOOKMARK [1][-]{section.7.3}{\376\377\000N\000o\000t\000e\000s\000\040\000o\000n\000\040\000A\000n\000a\000l\000y\000s\000i\000s\000\040\000a\000n\000d\000\040\000S\000o\000c\000i\000e\000t\000a\000l\000\040\000C\000o\000n\000t\000e\000x\000t}{chapter.7}% 64
\BOOKMARK [1][-]{section.7.4}{\376\377\000T\000e\000r\000m\000s}{chapter.7}% 65
\BOOKMARK [1][-]{Item.31}{\376\377\000P\000r\000o\000b\000l\000e\000m\000s}{chapter.7}% 66
\BOOKMARK [0][-]{chapter.8}{\376\377\000T\000h\000e\000\040\000V\000e\000n\000u\000s\000\040\000P\000u\000d\000i\000c\000a\000:\000\040\000u\000n\000c\000o\000v\000e\000r\000i\000n\000g\000\040\000a\000r\000t\000\040\000h\000i\000s\000t\000o\000r\000y\000'\000s\000\040\000`\000h\000i\000d\000d\000e\000n\000\040\000a\000g\000e\000n\000d\000a\000s\000'\000\040\000a\000n\000d\000\040\000p\000e\000r\000n\000i\000c\000i\000o\000u\000s\000\040\000p\000e\000d\000i\000g\000r\000e\000e\000s}{}% 67
\BOOKMARK [1][-]{section.8.1}{\376\377\000Q\000u\000e\000s\000t\000i\000o\000n\000s\000\040\000a\000n\000d\000\040\000R\000e\000m\000a\000r\000k\000s}{chapter.8}% 68
\BOOKMARK [1][-]{section.8.2}{\376\377\000F\000i\000r\000s\000t\000\040\000R\000e\000a\000d\000i\000n\000g}{chapter.8}% 69
\BOOKMARK [2][-]{subsection.8.2.1}{\376\377\000T\000h\000e\000\040\000K\000n\000i\000d\000i\000a\000n\000\040\000A\000p\000h\000r\000o\000d\000i\000t\000e\000\040\000b\000y\000\040\000P\000r\000a\000x\000i\000t\000e\000l\000e\000s}{section.8.2}% 70
\BOOKMARK [2][-]{subsection.8.2.2}{\376\377\000T\000h\000e\000\040\000P\000u\000d\000i\000c\000a\000\040\000i\000n\000\040\000t\000h\000e\000\040\000C\000h\000r\000i\000s\000t\000i\000a\000n\000\040\000E\000r\000a\000/\000V\000e\000n\000u\000s\000\040\000a\000s\000\040\000E\000v\000e}{section.8.2}% 71
\BOOKMARK [2][-]{subsection.8.2.3}{\376\377\000T\000r\000u\000e\000\040\000R\000e\000n\000a\000i\000s\000s\000a\000n\000c\000e\000\040\000C\000o\000n\000n\000e\000c\000t\000i\000o\000n\000s}{section.8.2}% 72
\BOOKMARK [2][-]{subsection.8.2.4}{\376\377\000T\000h\000e\000\040\000S\000u\000p\000i\000n\000e\000\040\000P\000u\000d\000i\000c\000a}{section.8.2}% 73
\BOOKMARK [2][-]{subsection.8.2.5}{\376\377\000B\000y\000\040\000W\000a\000y\000\040\000o\000f\000\040\000a\000\040\000C\000o\000n\000c\000l\000u\000s\000i\000o\000n}{section.8.2}% 74
\BOOKMARK [1][-]{section.8.3}{\376\377\000N\000o\000t\000e\000s\000\040\000o\000n\000\040\000A\000n\000a\000l\000y\000s\000i\000s\000\040\000a\000n\000d\000\040\000S\000o\000c\000i\000e\000t\000a\000l\000\040\000C\000o\000n\000t\000e\000x\000t}{chapter.8}% 75
\BOOKMARK [1][-]{section.8.4}{\376\377\000T\000e\000r\000m\000s}{chapter.8}% 76
\BOOKMARK [1][-]{Item.32}{\376\377\000P\000r\000o\000b\000l\000e\000m\000s}{chapter.8}% 77
\BOOKMARK [0][-]{chapter.9}{\376\377\000H\000o\000u\000s\000e\000\040\000a\000n\000d\000\040\000V\000e\000i\000l\000\040\000i\000n\000\040\000A\000n\000c\000i\000e\000n\000t\000\040\000G\000r\000e\000e\000c\000e}{}% 78
\BOOKMARK [1][-]{section.9.1}{\376\377\000Q\000u\000e\000s\000t\000i\000o\000n\000s\000\040\000a\000n\000d\000\040\000R\000e\000m\000a\000r\000k\000s}{chapter.9}% 79
\BOOKMARK [1][-]{section.9.2}{\376\377\000F\000i\000r\000s\000t\000\040\000R\000e\000a\000d\000i\000n\000g}{chapter.9}% 80
\BOOKMARK [2][-]{subsection.9.2.1}{\376\377\000P\000r\000i\000m\000a\000m\000r\000y\000\040\000C\000o\000n\000s\000i\000d\000e\000r\000a\000t\000i\000o\000n\000s\000:\000\040\000S\000y\000m\000b\000o\000l\000s\000\040\000a\000n\000d\000\040\000I\000d\000e\000o\000l\000o\000g\000i\000e\000s}{section.9.2}% 81
\BOOKMARK [2][-]{subsection.9.2.2}{\376\377\000H\000o\000u\000s\000e\000-\000V\000e\000i\000l\000:\000\040\000A\000r\000c\000h\000a\000e\000o\000l\000o\000g\000y\000,\000\040\000E\000t\000y\000m\000o\000l\000o\000g\000y\000,\000\040\000a\000n\000d\000\040\000I\000c\000o\000n\000o\000g\000r\000a\000p\000h\000y}{section.9.2}% 82
\BOOKMARK [2][-]{subsection.9.2.3}{\376\377\000V\000e\000i\000l\000i\000n\000g\000\040\000a\000n\000d\000\040\000P\000r\000i\000v\000a\000c\000y}{section.9.2}% 83
\BOOKMARK [2][-]{subsection.9.2.4}{\376\377\000T\000h\000e\000\040\000T\000e\000g\000i\000d\000i\000o\000n\000\040\000a\000n\000d\000\040\000F\000e\000m\000a\000l\000e\000\040\000V\000i\000s\000i\000b\000i\000l\000i\000t\000y}{section.9.2}% 84
\BOOKMARK [2][-]{subsection.9.2.5}{\376\377\000C\000o\000n\000c\000l\000u\000s\000i\000o\000n\000s}{section.9.2}% 85
\BOOKMARK [1][-]{section.9.3}{\376\377\000N\000o\000t\000e\000s\000\040\000o\000n\000\040\000A\000n\000a\000l\000y\000s\000i\000s\000\040\000a\000n\000d\000\040\000S\000o\000c\000i\000e\000t\000a\000l\000\040\000C\000o\000n\000t\000e\000x\000t}{chapter.9}% 86
\BOOKMARK [1][-]{section.9.4}{\376\377\000T\000e\000r\000m\000s}{chapter.9}% 87
\BOOKMARK [1][-]{Item.33}{\376\377\000P\000r\000o\000b\000l\000e\000m\000s}{chapter.9}% 88
\BOOKMARK [0][-]{chapter.10}{\376\377\000T\000h\000e\000\040\000V\000e\000s\000t\000a\000l\000\040\000H\000a\000b\000i\000t}{}% 89
\BOOKMARK [1][-]{section.10.1}{\376\377\000Q\000u\000e\000s\000t\000i\000o\000n\000s\000\040\000a\000n\000d\000\040\000R\000e\000m\000a\000r\000k\000s}{chapter.10}% 90
\BOOKMARK [1][-]{section.10.2}{\376\377\000F\000i\000r\000s\000t\000\040\000R\000e\000a\000d\000i\000n\000g}{chapter.10}% 91
\BOOKMARK [2][-]{subsection.10.2.1}{\376\377\000C\000o\000n\000c\000l\000u\000s\000i\000o\000n}{section.10.2}% 92
\BOOKMARK [1][-]{section.10.3}{\376\377\000N\000o\000t\000e\000s\000\040\000o\000n\000\040\000A\000n\000a\000l\000y\000s\000i\000s\000\040\000a\000n\000d\000\040\000S\000o\000c\000i\000e\000t\000a\000l\000\040\000C\000o\000n\000t\000e\000x\000t}{chapter.10}% 93
\BOOKMARK [1][-]{section.10.4}{\376\377\000T\000e\000r\000m\000s}{chapter.10}% 94
\BOOKMARK [1][-]{Item.34}{\376\377\000P\000r\000o\000b\000l\000e\000m\000s}{chapter.10}% 95
\BOOKMARK [0][-]{chapter.11}{\376\377\000B\000e\000y\000o\000n\000d\000\040\000R\000i\000t\000u\000a\000l\000:\000\040\000C\000r\000o\000s\000s\000-\000d\000r\000e\000s\000s\000i\000n\000g\000\040\000b\000e\000t\000w\000e\000e\000n\000\040\000G\000r\000e\000e\000c\000e\000\040\000a\000n\000d\000\040\000t\000h\000e\000\040\000O\000r\000i\000e\000n\000t}{}% 96
\BOOKMARK [1][-]{section.11.1}{\376\377\000Q\000u\000e\000s\000t\000i\000o\000n\000s\000\040\000a\000n\000d\000\040\000R\000e\000m\000a\000r\000k\000s}{chapter.11}% 97
\BOOKMARK [1][-]{section.11.2}{\376\377\000F\000i\000r\000s\000t\000\040\000R\000e\000a\000d\000i\000n\000g}{chapter.11}% 98
\BOOKMARK [2][-]{subsection.11.2.1}{\376\377\000H\000y\000b\000r\000i\000s\000t\000i\000k\000a\000:\000\040\000r\000i\000t\000u\000a\000l\000\040\000c\000r\000o\000s\000s\000-\000d\000r\000e\000s\000s\000i\000n\000g\000,\000\040\000a\000e\000t\000i\000o\000l\000o\000g\000y\000,\000\040\000a\000n\000d\000\040\000t\000h\000e\000\040\000c\000o\000m\000p\000a\000r\000a\000t\000i\000v\000e\000\040\000a\000p\000p\000r\000o\000a\000c\000h}{section.11.2}% 99
\BOOKMARK [2][-]{subsection.11.2.2}{\376\377\000L\000e\000\040\000c\000r\000i\000m\000e\000\040\000d\000e\000s\000\040\000L\000e\000m\000n\000i\000e\000n\000n\000e\000s\000\040\000a\000n\000d\000\040\000f\000u\000n\000c\000t\000i\000o\000n\000a\000l\000\040\000d\000i\000s\000g\000u\000i\000s\000e}{section.11.2}% 100
\BOOKMARK [2][-]{subsection.11.2.3}{\376\377\000R\000i\000t\000u\000a\000l\000\040\000c\000r\000o\000s\000s\000-\000d\000r\000e\000s\000s\000i\000n\000g\000\040\000o\000r\000\040\000s\000o\000c\000i\000a\000l\000l\000y\000\040\000s\000u\000b\000v\000e\000r\000s\000i\000v\000e\000\040\000d\000r\000e\000s\000s\000i\000n\000g\000?}{section.11.2}% 101
\BOOKMARK [2][-]{subsection.11.2.4}{\376\377\000T\000r\000a\000n\000s\000v\000e\000s\000t\000i\000t\000e\000s\000\040\000f\000o\000r\000\040\000l\000o\000v\000e}{section.11.2}% 102
\BOOKMARK [2][-]{subsection.11.2.5}{\376\377\000C\000o\000n\000c\000l\000u\000s\000i\000o\000n\000s}{section.11.2}% 103
\BOOKMARK [1][-]{section.11.3}{\376\377\000N\000o\000t\000e\000s\000\040\000o\000n\000\040\000A\000n\000a\000l\000y\000s\000i\000s\000\040\000a\000n\000d\000\040\000S\000o\000c\000i\000e\000t\000a\000l\000\040\000C\000o\000n\000t\000e\000x\000t}{chapter.11}% 104
\BOOKMARK [1][-]{section.11.4}{\376\377\000T\000e\000r\000m\000s}{chapter.11}% 105
\BOOKMARK [1][-]{Item.35}{\376\377\000P\000r\000o\000b\000l\000e\000m\000s}{chapter.11}% 106
\BOOKMARK [0][-]{chapter.12}{\376\377\000M\000a\000s\000c\000u\000l\000i\000n\000i\000t\000y\000,\000\040\000A\000p\000p\000e\000a\000r\000a\000n\000c\000e\000,\000\040\000a\000n\000d\000\040\000S\000e\000x\000u\000a\000l\000i\000t\000y\000:\000\040\000D\000a\000n\000d\000i\000e\000s\000\040\000i\000n\000\040\000R\000o\000m\000a\000n\000\040\000A\000n\000t\000i\000q\000u\000i\000t\000y}{}% 107
\BOOKMARK [1][-]{section.12.1}{\376\377\000Q\000u\000e\000s\000t\000i\000o\000n\000s\000\040\000a\000n\000d\000\040\000R\000e\000m\000a\000r\000k\000s}{chapter.12}% 108
\BOOKMARK [1][-]{section.12.2}{\376\377\000F\000i\000r\000s\000t\000\040\000R\000e\000a\000d\000i\000n\000g}{chapter.12}% 109
\BOOKMARK [2][-]{subsection.12.2.1}{\376\377\000R\000o\000m\000a\000n\000\040\000M\000a\000l\000e\000\040\000C\000l\000o\000t\000h\000i\000n\000g}{section.12.2}% 110
\BOOKMARK [2][-]{subsection.12.2.2}{\376\377\000T\000h\000e\000\040\000S\000i\000g\000n\000s\000\040\000o\000f\000\040\000E\000f\000f\000e\000m\000i\000n\000a\000c\000y}{section.12.2}% 111
\BOOKMARK [2][-]{subsection.12.2.3}{\376\377\000Y\000o\000u\000t\000h\000,\000\040\000U\000r\000b\000a\000n\000i\000t\000y\000,\000\040\000H\000e\000t\000e\000r\000o\000s\000e\000x\000u\000a\000l\000\040\000A\000c\000t\000i\000v\000i\000t\000y}{section.12.2}% 112
\BOOKMARK [2][-]{subsection.12.2.4}{\376\377\000E\000f\000f\000e\000m\000i\000n\000a\000c\000y\000,\000\040\000D\000a\000n\000d\000i\000e\000s\000,\000\040\000a\000n\000d\000\040\000C\000l\000a\000s\000s\000\040\000i\000n\000\040\000P\000r\000e\000m\000o\000r\000d\000e\000r\000\040\000S\000o\000c\000i\000e\000t\000i\000e\000s}{section.12.2}% 113
\BOOKMARK [2][-]{subsection.12.2.5}{\376\377\000A\000n\000c\000i\000e\000n\000t\000\040\000D\000a\000n\000d\000i\000e\000s}{section.12.2}% 114
\BOOKMARK [1][-]{section.12.3}{\376\377\000N\000o\000t\000e\000s\000\040\000o\000n\000\040\000A\000n\000a\000l\000y\000s\000i\000s\000\040\000a\000n\000d\000\040\000S\000o\000c\000i\000e\000t\000a\000l\000\040\000C\000o\000n\000t\000e\000x\000t}{chapter.12}% 115
\BOOKMARK [1][-]{section.12.4}{\376\377\000T\000e\000r\000m\000s}{chapter.12}% 116
\BOOKMARK [1][-]{Item.36}{\376\377\000P\000r\000o\000b\000l\000e\000m\000s}{chapter.12}% 117
\BOOKMARK [0][-]{chapter.13}{\376\377\000T\000h\000e\000\040\000T\000a\000l\000e\000\040\000o\000f\000\040\000S\000a\000l\000m\000a\000k\000i\000s}{}% 118
\BOOKMARK [1][-]{section.13.1}{\376\377\000Q\000u\000e\000s\000t\000i\000o\000n\000s\000\040\000a\000n\000d\000\040\000R\000e\000m\000a\000r\000k\000s}{chapter.13}% 119
\BOOKMARK [1][-]{section.13.2}{\376\377\000F\000i\000r\000s\000t\000\040\000R\000e\000a\000d\000i\000n\000g}{chapter.13}% 120
\BOOKMARK [2][-]{subsection.13.2.1}{\376\377\000A\000r\000t\000,\000\040\000P\000r\000i\000d\000e\000,\000\040\000a\000n\000d\000\040\000R\000a\000n\000b\000o\000w\000\040\000F\000l\000a\000g}{section.13.2}% 121
\BOOKMARK [2][-]{subsection.13.2.2}{\376\377\000T\000h\000e\000o\000i\000:\000\040\000H\000e\000r\000m\000a\000p\000h\000r\000o\000d\000i\000t\000o\000s}{section.13.2}% 122
\BOOKMARK [1][-]{section.13.3}{\376\377\000S\000E\000N\000S\000I\000N\000G\000\040\000H\000E\000R\000M\000A\000P\000H\000R\000O\000D\000I\000T\000U\000S\000\040\000I\000N\000\040\000T\000H\000E\000\040\000D\000I\000O\000N\000Y\000S\000I\000A\000N\000\040\000T\000H\000E\000A\000T\000R\000E\000\040\000G\000A\000R\000D\000E\000N}{chapter.13}% 123
\BOOKMARK [1][-]{section.13.4}{\376\377\000N\000o\000t\000e\000s\000\040\000o\000n\000\040\000A\000n\000a\000l\000y\000s\000i\000s\000\040\000a\000n\000d\000\040\000S\000o\000c\000i\000e\000t\000a\000l\000\040\000C\000o\000n\000t\000e\000x\000t}{chapter.13}% 124
\BOOKMARK [1][-]{section.13.5}{\376\377\000T\000e\000r\000m\000s}{chapter.13}% 125
\BOOKMARK [1][-]{Item.37}{\376\377\000P\000r\000o\000b\000l\000e\000m\000s}{chapter.13}% 126
\BOOKMARK [0][-]{chapter.14}{\376\377\000T\000h\000e\000\040\000H\000o\000r\000r\000o\000r\000\040\000o\000f\000\040\000t\000h\000e\000\040\000T\000e\000r\000r\000i\000f\000y\000i\000n\000g\000\040\000a\000n\000d\000\040\000t\000h\000e\000\040\000H\000i\000l\000a\000r\000i\000t\000y\000\040\000o\000f\000\040\000t\000h\000e\000\040\000G\000r\000o\000t\000e\000s\000q\000u\000e\000:\000\040\000D\000a\000i\000m\000o\000n\000i\000c\000\040\000S\000p\000a\000c\000e\000s\000\040\000a\000n\000d\000\040\000E\000m\000o\000t\000i\000o\000n\000s\000\040\000i\000n\000\040\000A\000n\000c\000i\000e\000n\000t\000\040\000G\000r\000e\000e\000k\000\040\000L\000i\000t\000e\000r\000a\000t\000u\000r\000e}{}% 127
\BOOKMARK [1][-]{section.14.1}{\376\377\000Q\000u\000e\000s\000t\000i\000o\000n\000s\000\040\000a\000n\000d\000\040\000R\000e\000m\000a\000r\000k\000s}{chapter.14}% 128
\BOOKMARK [1][-]{section.14.2}{\376\377\000F\000i\000r\000s\000t\000\040\000R\000e\000a\000d\000i\000n\000g}{chapter.14}% 129
\BOOKMARK [2][-]{subsection.14.2.1}{\376\377\000C\000a\000s\000e\000\040\000S\000t\000u\000d\000y\000\040\000O\000n\000e\000:\000\040\000D\000a\000i\000m\000o\000n\000e\000s\000\040\000a\000n\000d\000\040\000C\000o\000m\000e\000d\000y}{section.14.2}% 130
\BOOKMARK [2][-]{subsection.14.2.2}{\376\377\000C\000a\000s\000e\000\040\000S\000t\000u\000d\000y\000\040\000T\000w\000o\000:\000\040\000D\000a\000i\000m\000o\000n\000e\000s\000\040\000i\000n\000\040\000D\000i\000s\000g\000u\000i\000s\000e\000:\000\040\000A\000p\000o\000l\000l\000o\000n\000i\000u\000s\000\040\000o\000f\000\040\000T\000y\000a\000n\000a}{section.14.2}% 131
\BOOKMARK [2][-]{subsection.14.2.3}{\376\377\000A\000\040\000S\000h\000i\000f\000t\000\040\000i\000n\000\040\000P\000e\000r\000c\000e\000p\000t\000i\000o\000n}{section.14.2}% 132
\BOOKMARK [2][-]{subsection.14.2.4}{\376\377\000B\000o\000u\000n\000d\000a\000r\000i\000e\000s\000:\000\040\000T\000h\000e\000\040\000U\000n\000c\000a\000n\000n\000y\000\040\000a\000n\000d\000\040\000t\000h\000e\000\040\000A\000b\000j\000e\000c\000t\000.\000.\000.}{section.14.2}% 133
\BOOKMARK [1][-]{section.14.3}{\376\377\000N\000o\000t\000e\000s\000\040\000o\000n\000\040\000A\000n\000a\000l\000y\000s\000i\000s\000\040\000a\000n\000d\000\040\000S\000o\000c\000i\000e\000t\000a\000l\000\040\000C\000o\000n\000t\000e\000x\000t}{chapter.14}% 134
\BOOKMARK [1][-]{section.14.4}{\376\377\000T\000e\000r\000m\000s}{chapter.14}% 135
\BOOKMARK [1][-]{Item.38}{\376\377\000P\000r\000o\000b\000l\000e\000m\000s}{chapter.14}% 136
\BOOKMARK [0][-]{chapter.15}{\376\377\000C\000h\000a\000r\000a\000c\000t\000e\000r\000i\000z\000i\000n\000g\000\040\000R\000o\000m\000a\000n\000\040\000A\000r\000t\000i\000f\000a\000c\000t\000s\000\040\000t\000o\000\040\000I\000n\000v\000e\000s\000t\000i\000g\000a\000t\000e\000\040\000G\000e\000n\000d\000e\000r\000e\000d\000\040\000P\000r\000a\000c\000t\000i\000c\000e\000s\000\040\000i\000n\000\040\000C\000o\000n\000t\000e\000x\000t\000s\000\040\000W\000i\000t\000h\000o\000u\000t\000\040\000S\000e\000x\000e\000d\000\040\000B\000o\000d\000i\000e\000s}{}% 137
\BOOKMARK [1][-]{section.15.1}{\376\377\000Q\000u\000e\000s\000t\000i\000o\000n\000s\000\040\000a\000n\000d\000\040\000R\000e\000m\000a\000r\000k\000s}{chapter.15}% 138
\BOOKMARK [1][-]{section.15.2}{\376\377\000F\000i\000r\000s\000t\000\040\000R\000e\000a\000d\000i\000n\000g}{chapter.15}% 139
\BOOKMARK [2][-]{subsection.15.2.1}{\376\377\000I\000n\000t\000r\000o\000d\000u\000c\000t\000i\000o\000n}{section.15.2}% 140
\BOOKMARK [2][-]{subsection.15.2.2}{\376\377\000A\000p\000p\000r\000o\000a\000c\000h\000e\000s\000\040\000t\000o\000\040\000G\000e\000n\000d\000e\000r\000\040\000i\000n\000\040\000R\000o\000m\000a\000n\000\040\000A\000r\000c\000h\000a\000e\000o\000l\000o\000g\000y}{section.15.2}% 141
\BOOKMARK [2][-]{subsection.15.2.3}{\376\377\000G\000e\000n\000d\000e\000r\000e\000d\000\040\000A\000p\000p\000r\000o\000a\000c\000h\000e\000s\000\040\000t\000o\000\040\000R\000o\000m\000a\000n\000\040\000A\000r\000t\000i\000f\000a\000c\000t\000s\000\040\000a\000n\000d\000\040\000L\000i\000v\000e\000d\000\040\000S\000p\000a\000c\000e\000s}{section.15.2}% 142
\BOOKMARK [2][-]{subsection.15.2.4}{\376\377\000G\000e\000n\000d\000e\000r\000e\000d\000\040\000C\000h\000a\000r\000a\000c\000t\000e\000r\000i\000z\000a\000t\000i\000o\000n\000s\000\040\000o\000f\000\040\000A\000r\000t\000i\000f\000a\000c\000t\000\040\000T\000y\000p\000e\000s\000\040\000a\000n\000d\000\040\000G\000e\000n\000d\000e\000r\000e\000d\000\040\000S\000p\000a\000c\000e}{section.15.2}% 143
\BOOKMARK [2][-]{subsection.15.2.5}{\376\377\000C\000o\000n\000c\000l\000u\000d\000i\000n\000g\000\040\000C\000o\000m\000m\000e\000n\000t\000s}{section.15.2}% 144
\BOOKMARK [1][-]{section.15.3}{\376\377\000N\000o\000t\000e\000s\000\040\000o\000n\000\040\000A\000n\000a\000l\000y\000s\000i\000s\000\040\000a\000n\000d\000\040\000S\000o\000c\000i\000e\000t\000a\000l\000\040\000C\000o\000n\000t\000e\000x\000t}{chapter.15}% 145
\BOOKMARK [1][-]{section.15.4}{\376\377\000T\000e\000r\000m\000s}{chapter.15}% 146
\BOOKMARK [1][-]{Item.39}{\376\377\000P\000r\000o\000b\000l\000e\000m\000s}{chapter.15}% 147
\BOOKMARK [0][-]{chapter.16}{\376\377\000P\000e\000r\000f\000o\000r\000m\000i\000n\000g\000\040\000B\000l\000u\000r\000r\000e\000d\000\040\000G\000e\000n\000d\000e\000r\000\040\000L\000i\000n\000e\000s\000:\000\040\000R\000e\000v\000i\000s\000i\000t\000i\000n\000g\000\040\000O\000m\000p\000h\000a\000l\000e\000\040\000a\000n\000d\000\040\000H\000e\000r\000c\000u\000l\000e\000s\000\040\000i\000n\000\040\000P\000o\000m\000p\000e\000i\000a\000n\000\040\000D\000i\000o\000n\000y\000s\000i\000a\000n\000\040\000T\000h\000e\000a\000t\000r\000e\000\040\000G\000a\000r\000d\000e\000n\000s}{}% 148
\BOOKMARK [1][-]{section.16.1}{\376\377\000Q\000u\000e\000s\000t\000i\000o\000n\000s\000\040\000a\000n\000d\000\040\000R\000e\000m\000a\000r\000k\000s}{chapter.16}% 149
\BOOKMARK [1][-]{section.16.2}{\376\377\000F\000i\000r\000s\000t\000\040\000R\000e\000a\000d\000i\000n\000g}{chapter.16}% 150
\BOOKMARK [2][-]{subsection.16.2.1}{\376\377\000C\000o\000n\000s\000t\000r\000u\000c\000t\000i\000n\000g\000\040\000t\000h\000e\000\040\000D\000i\000o\000n\000y\000s\000i\000a\000n\000\040\000T\000h\000e\000a\000t\000r\000e\000\040\000G\000a\000r\000d\000e\000n}{section.16.2}% 151
\BOOKMARK [2][-]{subsection.16.2.2}{\376\377\000S\000i\000t\000u\000a\000t\000i\000n\000g\000\040\000O\000m\000p\000h\000a\000l\000e\000\040\000a\000n\000d\000\040\000H\000e\000r\000c\000u\000l\000e\000s\000\040\000w\000i\000t\000h\000i\000n\000\040\000t\000h\000e\000\040\000P\000o\000m\000p\000e\000i\000a\000n\000\040\000D\000i\000o\000n\000y\000s\000i\000a\000n\000\040\000T\000h\000e\000a\000t\000r\000e\000\040\000G\000a\000r\000d\000e\000n}{section.16.2}% 152
\BOOKMARK [2][-]{subsection.16.2.3}{\376\377\000S\000i\000t\000u\000a\000t\000i\000n\000g\000\040\000O\000m\000p\000h\000a\000l\000e\000\040\000a\000n\000d\000\040\000H\000e\000r\000c\000u\000l\000e\000s\000\040\000i\000n\000\040\000O\000v\000i\000d\000'\000s\000\040\000F\000a\000s\000t\000i}{section.16.2}% 153
\BOOKMARK [2][-]{subsection.16.2.4}{\376\377\000W\000e\000a\000v\000i\000n\000g\000\040\000O\000m\000p\000h\000a\000l\000e\000'\000s\000\040\000a\000n\000d\000\040\000H\000e\000r\000c\000u\000l\000e\000s\000'\000\040\000T\000h\000e\000a\000t\000r\000i\000c\000a\000l\000i\000t\000y\000\040\000i\000n\000\040\000t\000h\000e\000\040\000J\000u\000l\000i\000o\000-\000C\000l\000a\000u\000d\000i\000a\000n\000\040\000P\000e\000r\000i\000o\000d}{section.16.2}% 154
\BOOKMARK [2][-]{subsection.16.2.5}{\376\377\000C\000o\000n\000c\000l\000u\000s\000i\000o\000n\000s}{section.16.2}% 155
\BOOKMARK [1][-]{section.16.3}{\376\377\000N\000o\000t\000e\000s\000\040\000o\000n\000\040\000A\000n\000a\000l\000y\000s\000i\000s\000\040\000a\000n\000d\000\040\000S\000o\000c\000i\000e\000t\000a\000l\000\040\000C\000o\000n\000t\000e\000x\000t}{chapter.16}% 156
\BOOKMARK [1][-]{section.16.4}{\376\377\000T\000e\000r\000m\000s}{chapter.16}% 157
\BOOKMARK [1][-]{Item.40}{\376\377\000P\000r\000o\000b\000l\000e\000m\000s}{chapter.16}% 158
\BOOKMARK [0][-]{chapter.17}{\376\377\000S\000e\000n\000s\000i\000n\000g\000\040\000H\000e\000r\000m\000a\000p\000h\000r\000o\000d\000i\000t\000u\000s\000\040\000i\000n\000\040\000t\000h\000e\000\040\000D\000i\000o\000n\000y\000s\000i\000a\000n\000\040\000T\000h\000e\000a\000t\000r\000e\000\040\000G\000a\000r\000d\000e\000n}{}% 159
\BOOKMARK [1][-]{section.17.1}{\376\377\000Q\000u\000e\000s\000t\000i\000o\000n\000s\000\040\000a\000n\000d\000\040\000R\000e\000m\000a\000r\000k\000s}{chapter.17}% 160
\BOOKMARK [1][-]{section.17.2}{\376\377\000F\000i\000r\000s\000t\000\040\000R\000e\000a\000d\000i\000n\000g}{chapter.17}% 161
\BOOKMARK [1][-]{section.17.3}{\376\377\000N\000o\000t\000e\000s\000\040\000o\000n\000\040\000A\000n\000a\000l\000y\000s\000i\000s\000\040\000a\000n\000d\000\040\000S\000o\000c\000i\000e\000t\000a\000l\000\040\000C\000o\000n\000t\000e\000x\000t}{chapter.17}% 162
\BOOKMARK [1][-]{section.17.4}{\376\377\000T\000e\000r\000m\000s}{chapter.17}% 163
\BOOKMARK [1][-]{Item.41}{\376\377\000P\000r\000o\000b\000l\000e\000m\000s}{chapter.17}% 164
\BOOKMARK [0][-]{chapter.18}{\376\377\000P\000r\000o\000s\000t\000i\000t\000u\000t\000e\000s\000,\000\040\000W\000o\000m\000e\000n\000,\000\040\000a\000n\000d\000\040\000G\000e\000n\000d\000e\000r\000\040\000i\000n\000\040\000A\000n\000c\000i\000e\000n\000t\000\040\000G\000r\000e\000e\000c\000e}{}% 165
\BOOKMARK [1][-]{section.18.1}{\376\377\000Q\000u\000e\000s\000t\000i\000o\000n\000s\000\040\000a\000n\000d\000\040\000R\000e\000m\000a\000r\000k\000s}{chapter.18}% 166
\BOOKMARK [1][-]{section.18.2}{\376\377\000F\000i\000r\000s\000t\000\040\000R\000e\000a\000d\000i\000n\000g}{chapter.18}% 167
\BOOKMARK [2][-]{subsection.18.2.1}{\376\377\000P\000r\000e\000c\000o\000n\000c\000e\000p\000t\000i\000o\000n\000s\000\040\000a\000n\000d\000\040\000T\000e\000r\000m\000i\000n\000o\000l\000o\000g\000y}{section.18.2}% 168
\BOOKMARK [2][-]{subsection.18.2.2}{\376\377\000L\000i\000v\000i\000n\000g\000\040\000t\000h\000e\000\040\000L\000i\000f\000e\000:\000\040\000T\000h\000r\000e\000e\000\040\000C\000a\000s\000e\000\040\000S\000t\000u\000d\000i\000e\000s}{section.18.2}% 169
\BOOKMARK [2][-]{subsection.18.2.3}{\376\377\000P\000r\000o\000s\000t\000i\000t\000u\000t\000e\000s\000\040\000a\000n\000d\000\040\000G\000e\000n\000d\000e\000r}{section.18.2}% 170
\BOOKMARK [2][-]{subsection.18.2.4}{\376\377\000C\000o\000n\000c\000l\000u\000s\000i\000o\000n}{section.18.2}% 171
\BOOKMARK [1][-]{section.18.3}{\376\377\000N\000o\000t\000e\000s\000\040\000o\000n\000\040\000A\000n\000a\000l\000y\000s\000i\000s\000\040\000a\000n\000d\000\040\000S\000o\000c\000i\000e\000t\000a\000l\000\040\000C\000o\000n\000t\000e\000x\000t}{chapter.18}% 172
\BOOKMARK [1][-]{section.18.4}{\376\377\000T\000e\000r\000m\000s}{chapter.18}% 173
\BOOKMARK [1][-]{Item.52}{\376\377\000P\000r\000o\000b\000l\000e\000m\000s}{chapter.18}% 174
\BOOKMARK [0][-]{chapter.19}{\376\377\000M\000o\000d\000e\000r\000n\000\040\000T\000o\000u\000r\000i\000s\000t\000s\000,\000\040\000A\000n\000c\000i\000e\000n\000t\000\040\000S\000e\000x\000u\000a\000l\000i\000t\000i\000e\000s\000:\000\040\000L\000o\000o\000k\000i\000n\000g\000\040\000a\000t\000\040\000L\000o\000o\000k\000i\000n\000g\000\040\000i\000n\000\040\000P\000o\000m\000p\000e\000i\000i\000'\000s\000\040\000B\000r\000o\000t\000h\000e\000l\000\040\000a\000n\000d\000\040\000t\000h\000e\000\040\000S\000e\000c\000r\000e\000t\000\040\000C\000a\000b\000i\000n\000e\000t}{}% 175
\BOOKMARK [1][-]{section.19.1}{\376\377\000Q\000u\000e\000s\000t\000i\000o\000n\000s\000\040\000a\000n\000d\000\040\000R\000e\000m\000a\000r\000k\000s}{chapter.19}% 176
\BOOKMARK [1][-]{section.19.2}{\376\377\000F\000i\000r\000s\000t\000\040\000R\000e\000a\000d\000i\000n\000g}{chapter.19}% 177
\BOOKMARK [2][-]{subsection.19.2.1}{\376\377\000L\000o\000o\000k\000i\000n\000g\000\040\000a\000t\000\040\000L\000o\000o\000k\000i\000n\000g\000\040\000i\000n\000\040\000t\000h\000e\000\040\000B\000r\000o\000t\000h\000e\000l}{section.19.2}% 178
\BOOKMARK [2][-]{subsection.19.2.2}{\376\377\000L\000o\000o\000k\000i\000n\000g\000\040\000a\000t\000\040\000L\000o\000o\000k\000i\000n\000g\000\040\000i\000n\000\040\000t\000h\000e\000\040\000S\000e\000c\000r\000e\000t\000\040\000C\000a\000b\000i\000n\000e\000t}{section.19.2}% 179
\BOOKMARK [2][-]{subsection.19.2.3}{\376\377\000C\000o\000n\000c\000l\000u\000s\000i\000o\000n\000s}{section.19.2}% 180
\BOOKMARK [1][-]{section.19.3}{\376\377\000N\000o\000t\000e\000s\000\040\000o\000n\000\040\000A\000n\000a\000l\000y\000s\000i\000s\000\040\000a\000n\000d\000\040\000S\000o\000c\000i\000e\000t\000a\000l\000\040\000C\000o\000n\000t\000e\000x\000t}{chapter.19}% 181
\BOOKMARK [1][-]{section.19.4}{\376\377\000T\000e\000r\000m\000s}{chapter.19}% 182
\BOOKMARK [1][-]{Item.53}{\376\377\000P\000r\000o\000b\000l\000e\000m\000s}{chapter.19}% 183
\BOOKMARK [0][-]{chapter.20}{}{}% 184
\BOOKMARK [1][-]{section.20.1}{\376\377\000Q\000u\000e\000s\000t\000i\000o\000n\000s\000\040\000a\000n\000d\000\040\000R\000e\000m\000a\000r\000k\000s}{chapter.20}% 185
\BOOKMARK [1][-]{section.20.2}{\376\377\000F\000i\000r\000s\000t\000\040\000R\000e\000a\000d\000i\000n\000g}{chapter.20}% 186
\BOOKMARK [1][-]{section.20.3}{\376\377\000N\000o\000t\000e\000s\000\040\000o\000n\000\040\000A\000n\000a\000l\000y\000s\000i\000s\000\040\000a\000n\000d\000\040\000S\000o\000c\000i\000e\000t\000a\000l\000\040\000C\000o\000n\000t\000e\000x\000t}{chapter.20}% 187
\BOOKMARK [1][-]{section.20.4}{\376\377\000T\000e\000r\000m\000s}{chapter.20}% 188
\BOOKMARK [1][-]{Item.54}{\376\377\000P\000r\000o\000b\000l\000e\000m\000s}{chapter.20}% 189
\BOOKMARK [0][-]{chapter.21}{}{}% 190
\BOOKMARK [1][-]{section.21.1}{\376\377\000Q\000u\000e\000s\000t\000i\000o\000n\000s\000\040\000a\000n\000d\000\040\000R\000e\000m\000a\000r\000k\000s}{chapter.21}% 191
\BOOKMARK [1][-]{section.21.2}{\376\377\000F\000i\000r\000s\000t\000\040\000R\000e\000a\000d\000i\000n\000g}{chapter.21}% 192
\BOOKMARK [1][-]{section.21.3}{\376\377\000N\000o\000t\000e\000s\000\040\000o\000n\000\040\000A\000n\000a\000l\000y\000s\000i\000s\000\040\000a\000n\000d\000\040\000S\000o\000c\000i\000e\000t\000a\000l\000\040\000C\000o\000n\000t\000e\000x\000t}{chapter.21}% 193
\BOOKMARK [1][-]{section.21.4}{\376\377\000T\000e\000r\000m\000s}{chapter.21}% 194
\BOOKMARK [1][-]{Item.55}{\376\377\000P\000r\000o\000b\000l\000e\000m\000s}{chapter.21}% 195
