\BOOKMARK [1][-]{section.1}{Methods}{}% 1
\BOOKMARK [2][-]{subsection.1.1}{First Order ODEs}{section.1}% 2
\BOOKMARK [2][-]{subsection.1.2}{Applications}{section.1}% 3
\BOOKMARK [2][-]{subsection.1.3}{Second Order ODEs}{section.1}% 4
\BOOKMARK [2][-]{subsection.1.4}{Systems of First Order Linear ODEs}{section.1}% 5
\BOOKMARK [2][-]{subsection.1.5}{Series Solutions of ODEs}{section.1}% 6
\BOOKMARK [2][-]{subsection.1.6}{Laplace Transform Solutions to ODEs}{section.1}% 7
\BOOKMARK [1][-]{section.2}{Basic Concepts}{}% 8
\BOOKMARK [2][-]{subsection.2.1}{Definitions}{section.2}% 9
\BOOKMARK [1][-]{section.3}{First Order ODEs}{}% 10
\BOOKMARK [2][-]{subsection.3.1}{Linear First Order ODEs}{section.3}% 11
\BOOKMARK [2][-]{subsection.3.2}{Separable Equations}{section.3}% 12
\BOOKMARK [2][-]{subsection.3.3}{Bernoulli Equations}{section.3}% 13
\BOOKMARK [2][-]{subsection.3.4}{Exact Equations}{section.3}% 14
\BOOKMARK [2][-]{subsection.3.5}{Existence And Uniqueness}{section.3}% 15
\BOOKMARK [2][-]{subsection.3.6}{Applications}{section.3}% 16
\BOOKMARK [1][-]{section.4}{Second Order Linear ODEs}{}% 17
\BOOKMARK [2][-]{subsection.4.1}{Constant Coefficients}{section.4}% 18
\BOOKMARK [2][-]{subsection.4.2}{General Theory}{section.4}% 19
\BOOKMARK [2][-]{subsection.4.3}{Method of Undetermined Coefficients}{section.4}% 20
\BOOKMARK [2][-]{subsection.4.4}{Variation of Parameters}{section.4}% 21
\BOOKMARK [1][-]{section.5}{Higher Order Linear ODEs}{}% 22
\BOOKMARK [2][-]{subsection.5.1}{General Theory}{section.5}% 23
\BOOKMARK [2][-]{subsection.5.2}{Constant Coefficients}{section.5}% 24
\BOOKMARK [2][-]{subsection.5.3}{Variation of Parameters}{section.5}% 25
\BOOKMARK [2][-]{subsection.5.4}{Cauchy-Euler Equations}{section.5}% 26
\BOOKMARK [1][-]{section.6}{Systems of First Order Linear ODEs}{}% 27
\BOOKMARK [2][-]{subsection.6.1}{Definitions and Notation}{section.6}% 28
\BOOKMARK [2][-]{subsection.6.2}{General Theory}{section.6}% 29
\BOOKMARK [2][-]{subsection.6.3}{Methods of Solution}{section.6}% 30
\BOOKMARK [1][-]{section.7}{Series Solutions of ODEs}{}% 31
\BOOKMARK [2][-]{subsection.7.1}{Definitions and Convergence}{section.7}% 32
\BOOKMARK [2][-]{subsection.7.2}{Power Series}{section.7}% 33
\BOOKMARK [2][-]{subsection.7.3}{Taylor Series}{section.7}% 34
\BOOKMARK [2][-]{subsection.7.4}{Definitions for Convergence of Solutions}{section.7}% 35
\BOOKMARK [2][-]{subsection.7.5}{Frobenius Method}{section.7}% 36
\BOOKMARK [1][-]{section.8}{Laplace Transform}{}% 37
\BOOKMARK [2][-]{subsection.8.1}{Base Definitions}{section.8}% 38
\BOOKMARK [2][-]{subsection.8.2}{Properties}{section.8}% 39
\BOOKMARK [2][-]{subsection.8.3}{Tables of Laplace Transforms and Inverse Laplace Transforms}{section.8}% 40
\BOOKMARK [2][-]{subsection.8.4}{Solving ODEs with the Laplace Transform}{section.8}% 41
\BOOKMARK [2][-]{subsection.8.5}{Convolution}{section.8}% 42
\BOOKMARK [1][-]{section.9}{Fourier Series}{}% 43
\BOOKMARK [2][-]{subsection.9.1}{Orthogonality}{section.9}% 44
\BOOKMARK [2][-]{subsection.9.2}{Fourier Expansions}{section.9}% 45
